<?xml version="1.0" encoding="UTF-8"?>
<robot generator="Robot 6.0 (Python 3.9.1 on win32)" generated="20221028 00:07:42.789" rpa="false" schemaversion="3">
<suite id="s1" name="Test" source="D:\Max\Universidad\.GitHub (Repositories)\Pruebas-de-Software---Presentaciones-Django-RobotFramework-\recetario\test.robot">
<kw name="open Browserr" type="SETUP">
<kw name="Open Browser" library="SeleniumLibrary">
<arg>${SERVER}</arg>
<arg>${BROWSER}</arg>
<doc>Opens a new browser instance to the optional ``url``.</doc>
<msg timestamp="20221028 00:07:43.027" level="INFO">Opening browser 'chrome' to base url 'http://localhost:8000/'.</msg>
<status status="PASS" starttime="20221028 00:07:43.026" endtime="20221028 00:07:44.635"/>
</kw>
<status status="PASS" starttime="20221028 00:07:43.026" endtime="20221028 00:07:44.635"/>
</kw>
<test id="s1-t1" name="Scenario: Agregar receta" line="28">
<kw name="Go To" library="SeleniumLibrary">
<arg>${SERVER}</arg>
<doc>Navigates the current browser window to the provided ``url``.</doc>
<msg timestamp="20221028 00:07:44.636" level="INFO">Opening url 'http://localhost:8000/'</msg>
<status status="PASS" starttime="20221028 00:07:44.636" endtime="20221028 00:07:44.657"/>
</kw>
<kw name="Wait Until Page Contains Element" library="SeleniumLibrary">
<arg>id=explanation</arg>
<doc>Waits until the element ``locator`` appears on the current page.</doc>
<status status="PASS" starttime="20221028 00:07:44.657" endtime="20221028 00:07:44.668"/>
</kw>
<kw name="Page Should Contain" library="SeleniumLibrary">
<arg>Ver recetas</arg>
<doc>Verifies that current page contains ``text``.</doc>
<msg timestamp="20221028 00:07:44.680" level="INFO">Current page contains text 'Ver recetas'.</msg>
<status status="PASS" starttime="20221028 00:07:44.669" endtime="20221028 00:07:44.680"/>
</kw>
<kw name="Click Button" library="SeleniumLibrary">
<arg>id:anadirReceta</arg>
<doc>Clicks the button identified by ``locator``.</doc>
<msg timestamp="20221028 00:07:44.681" level="INFO">Clicking button 'id:anadirReceta'.</msg>
<status status="PASS" starttime="20221028 00:07:44.681" endtime="20221028 00:07:44.789"/>
</kw>
<kw name="Page Should Contain" library="SeleniumLibrary">
<arg>Añadir receta</arg>
<doc>Verifies that current page contains ``text``.</doc>
<msg timestamp="20221028 00:07:44.800" level="INFO">Current page contains text 'Añadir receta'.</msg>
<status status="PASS" starttime="20221028 00:07:44.790" endtime="20221028 00:07:44.800"/>
</kw>
<kw name="Input Text" library="SeleniumLibrary">
<arg>name:nombreReceta</arg>
<arg>Sopaipilla</arg>
<doc>Types the given ``text`` into the text field identified by ``locator``.</doc>
<msg timestamp="20221028 00:07:44.801" level="INFO">Typing text 'Sopaipilla' into text field 'name:nombreReceta'.</msg>
<status status="PASS" starttime="20221028 00:07:44.800" endtime="20221028 00:07:44.864"/>
</kw>
<kw name="Input Text" library="SeleniumLibrary">
<arg>name:ingredientes</arg>
<arg>Harina\nHuevos\nZapallo</arg>
<doc>Types the given ``text`` into the text field identified by ``locator``.</doc>
<msg timestamp="20221028 00:07:44.865" level="INFO">Typing text 'Harina
Huevos
Zapallo' into text field 'name:ingredientes'.</msg>
<status status="PASS" starttime="20221028 00:07:44.864" endtime="20221028 00:07:44.933"/>
</kw>
<kw name="Input Text" library="SeleniumLibrary">
<arg>name:pasos</arg>
<arg>Paso1\nPaso2\nPaso3\n</arg>
<doc>Types the given ``text`` into the text field identified by ``locator``.</doc>
<msg timestamp="20221028 00:07:44.934" level="INFO">Typing text 'Paso1
Paso2
Paso3
' into text field 'name:pasos'.</msg>
<status status="PASS" starttime="20221028 00:07:44.934" endtime="20221028 00:07:45.000"/>
</kw>
<kw name="Input Text" library="SeleniumLibrary">
<arg>name:autor</arg>
<arg>ABCDEFGHIJKLMNOPQRSTUVWXYZABCD1234</arg>
<doc>Types the given ``text`` into the text field identified by ``locator``.</doc>
<msg timestamp="20221028 00:07:45.001" level="INFO">Typing text 'ABCDEFGHIJKLMNOPQRSTUVWXYZABCD1234' into text field 'name:autor'.</msg>
<status status="PASS" starttime="20221028 00:07:45.001" endtime="20221028 00:07:45.085"/>
</kw>
<kw name="Choose File" library="SeleniumLibrary">
<arg>name:imagenReceta</arg>
<arg>D:\\Max\\Universidad\\.GitHub (Repositories)\\Pruebas-de-Software---Presentaciones-Django-RobotFramework-\\recetario/sopaipilla.jpg</arg>
<doc>Inputs the ``file_path`` into the file input field ``locator``.</doc>
<msg timestamp="20221028 00:07:45.086" level="INFO">Sending D:\Max\Universidad\.GitHub (Repositories)\Pruebas-de-Software---Presentaciones-Django-RobotFramework-\recetario\sopaipilla.jpg to browser.</msg>
<status status="PASS" starttime="20221028 00:07:45.086" endtime="20221028 00:07:45.111"/>
</kw>
<kw name="Wait Until Element Is Not Visible" library="SeleniumLibrary">
<arg>id:failed-alert</arg>
<doc>Waits until the element ``locator`` is not visible.</doc>
<status status="PASS" starttime="20221028 00:07:45.111" endtime="20221028 00:07:45.129"/>
</kw>
<kw name="Click Button" library="SeleniumLibrary">
<arg>Subir Receta</arg>
<doc>Clicks the button identified by ``locator``.</doc>
<msg timestamp="20221028 00:07:45.130" level="INFO">Clicking button 'Subir Receta'.</msg>
<status status="PASS" starttime="20221028 00:07:45.129" endtime="20221028 00:07:45.170"/>
</kw>
<kw name="Wait Until Element Is Visible" library="SeleniumLibrary">
<arg>id:success-alert</arg>
<doc>Waits until the element ``locator`` is visible.</doc>
<status status="PASS" starttime="20221028 00:07:45.170" endtime="20221028 00:07:45.399"/>
</kw>
<kw name="Wait Until Element Is Not Visible" library="SeleniumLibrary">
<arg>id:success-alert</arg>
<doc>Waits until the element ``locator`` is not visible.</doc>
<status status="PASS" starttime="20221028 00:07:45.399" endtime="20221028 00:07:47.934"/>
</kw>
<status status="PASS" starttime="20221028 00:07:44.635" endtime="20221028 00:07:47.935"/>
</test>
<test id="s1-t2" name="Scenario: Ver receta" line="44">
<kw name="Go To" library="SeleniumLibrary">
<arg>${SERVER}</arg>
<doc>Navigates the current browser window to the provided ``url``.</doc>
<msg timestamp="20221028 00:07:47.936" level="INFO">Opening url 'http://localhost:8000/'</msg>
<status status="PASS" starttime="20221028 00:07:47.935" endtime="20221028 00:07:47.979"/>
</kw>
<kw name="Wait Until Page Contains Element" library="SeleniumLibrary">
<arg>id=explanation</arg>
<doc>Waits until the element ``locator`` appears on the current page.</doc>
<status status="PASS" starttime="20221028 00:07:47.980" endtime="20221028 00:07:47.987"/>
</kw>
<kw name="Page Should Contain" library="SeleniumLibrary">
<arg>Ver recetas</arg>
<doc>Verifies that current page contains ``text``.</doc>
<msg timestamp="20221028 00:07:47.994" level="INFO">Current page contains text 'Ver recetas'.</msg>
<status status="PASS" starttime="20221028 00:07:47.988" endtime="20221028 00:07:47.994"/>
</kw>
<kw name="Page Should Contain" library="SeleniumLibrary">
<arg>Sopaipilla</arg>
<doc>Verifies that current page contains ``text``.</doc>
<msg timestamp="20221028 00:07:48.003" level="INFO">Current page contains text 'Sopaipilla'.</msg>
<status status="PASS" starttime="20221028 00:07:47.994" endtime="20221028 00:07:48.003"/>
</kw>
<kw name="Click Link" library="SeleniumLibrary">
<arg>name:verReceta</arg>
<doc>Clicks a link identified by ``locator``.</doc>
<msg timestamp="20221028 00:07:48.004" level="INFO">Clicking link 'name:verReceta'.</msg>
<status status="PASS" starttime="20221028 00:07:48.003" endtime="20221028 00:07:48.094"/>
</kw>
<kw name="Page Should Contain" library="SeleniumLibrary">
<arg>Preparacion:</arg>
<doc>Verifies that current page contains ``text``.</doc>
<msg timestamp="20221028 00:07:48.109" level="INFO">Current page contains text 'Preparacion:'.</msg>
<status status="PASS" starttime="20221028 00:07:48.094" endtime="20221028 00:07:48.109"/>
</kw>
<status status="PASS" starttime="20221028 00:07:47.935" endtime="20221028 00:07:48.109"/>
</test>
<test id="s1-t3" name="Scenario: Actualizar receta" line="52">
<kw name="Go To" library="SeleniumLibrary">
<arg>${SERVER}</arg>
<doc>Navigates the current browser window to the provided ``url``.</doc>
<msg timestamp="20221028 00:07:48.111" level="INFO">Opening url 'http://localhost:8000/'</msg>
<status status="PASS" starttime="20221028 00:07:48.111" endtime="20221028 00:07:48.184"/>
</kw>
<kw name="Wait Until Page Contains Element" library="SeleniumLibrary">
<arg>id=explanation</arg>
<doc>Waits until the element ``locator`` appears on the current page.</doc>
<status status="PASS" starttime="20221028 00:07:48.184" endtime="20221028 00:07:48.193"/>
</kw>
<kw name="Page Should Contain" library="SeleniumLibrary">
<arg>Ver recetas</arg>
<doc>Verifies that current page contains ``text``.</doc>
<msg timestamp="20221028 00:07:48.200" level="INFO">Current page contains text 'Ver recetas'.</msg>
<status status="PASS" starttime="20221028 00:07:48.194" endtime="20221028 00:07:48.200"/>
</kw>
<kw name="Page Should Contain" library="SeleniumLibrary">
<arg>Sopaipilla</arg>
<doc>Verifies that current page contains ``text``.</doc>
<msg timestamp="20221028 00:07:48.206" level="INFO">Current page contains text 'Sopaipilla'.</msg>
<status status="PASS" starttime="20221028 00:07:48.201" endtime="20221028 00:07:48.207"/>
</kw>
<kw name="Click Link" library="SeleniumLibrary">
<arg>name:verReceta</arg>
<doc>Clicks a link identified by ``locator``.</doc>
<msg timestamp="20221028 00:07:48.207" level="INFO">Clicking link 'name:verReceta'.</msg>
<status status="PASS" starttime="20221028 00:07:48.207" endtime="20221028 00:07:48.270"/>
</kw>
<kw name="Page Should Contain" library="SeleniumLibrary">
<arg>Preparacion:</arg>
<doc>Verifies that current page contains ``text``.</doc>
<msg timestamp="20221028 00:07:48.277" level="INFO">Current page contains text 'Preparacion:'.</msg>
<status status="PASS" starttime="20221028 00:07:48.270" endtime="20221028 00:07:48.277"/>
</kw>
<kw name="Click Button" library="SeleniumLibrary">
<arg>id:editarReceta</arg>
<doc>Clicks the button identified by ``locator``.</doc>
<msg timestamp="20221028 00:07:48.278" level="INFO">Clicking button 'id:editarReceta'.</msg>
<status status="PASS" starttime="20221028 00:07:48.278" endtime="20221028 00:07:48.367"/>
</kw>
<kw name="Page Should Contain" library="SeleniumLibrary">
<arg>Editar receta</arg>
<doc>Verifies that current page contains ``text``.</doc>
<msg timestamp="20221028 00:07:48.379" level="INFO">Current page contains text 'Editar receta'.</msg>
<status status="PASS" starttime="20221028 00:07:48.367" endtime="20221028 00:07:48.379"/>
</kw>
<kw name="Input Text" library="SeleniumLibrary">
<arg>name:nombreReceta</arg>
<arg>Sopaipilla2</arg>
<doc>Types the given ``text`` into the text field identified by ``locator``.</doc>
<msg timestamp="20221028 00:07:48.380" level="INFO">Typing text 'Sopaipilla2' into text field 'name:nombreReceta'.</msg>
<status status="PASS" starttime="20221028 00:07:48.380" endtime="20221028 00:07:48.442"/>
</kw>
<kw name="Choose File" library="SeleniumLibrary">
<arg>name:imagenReceta</arg>
<arg>D:\\Max\\Universidad\\.GitHub (Repositories)\\Pruebas-de-Software---Presentaciones-Django-RobotFramework-\\recetario/sopaipilla.jpg</arg>
<doc>Inputs the ``file_path`` into the file input field ``locator``.</doc>
<msg timestamp="20221028 00:07:48.443" level="INFO">Sending D:\Max\Universidad\.GitHub (Repositories)\Pruebas-de-Software---Presentaciones-Django-RobotFramework-\recetario\sopaipilla.jpg to browser.</msg>
<status status="PASS" starttime="20221028 00:07:48.443" endtime="20221028 00:07:48.466"/>
</kw>
<kw name="Click Button" library="SeleniumLibrary">
<arg>Editar Receta</arg>
<doc>Clicks the button identified by ``locator``.</doc>
<msg timestamp="20221028 00:07:48.467" level="INFO">Clicking button 'Editar Receta'.</msg>
<status status="PASS" starttime="20221028 00:07:48.467" endtime="20221028 00:07:48.510"/>
</kw>
<kw name="Wait Until Element Is Visible" library="SeleniumLibrary">
<arg>id:success-alert</arg>
<doc>Waits until the element ``locator`` is visible.</doc>
<status status="PASS" starttime="20221028 00:07:48.511" endtime="20221028 00:07:48.738"/>
</kw>
<kw name="Wait Until Element Is Not Visible" library="SeleniumLibrary">
<arg>id:success-alert</arg>
<doc>Waits until the element ``locator`` is not visible.</doc>
<status status="PASS" starttime="20221028 00:07:48.738" endtime="20221028 00:07:51.266"/>
</kw>
<kw name="Click Button" library="SeleniumLibrary">
<arg>id:verRecetas</arg>
<doc>Clicks the button identified by ``locator``.</doc>
<msg timestamp="20221028 00:07:51.267" level="INFO">Clicking button 'id:verRecetas'.</msg>
<status status="PASS" starttime="20221028 00:07:51.266" endtime="20221028 00:07:51.359"/>
</kw>
<kw name="Page Should Contain" library="SeleniumLibrary">
<arg>Ver recetas</arg>
<doc>Verifies that current page contains ``text``.</doc>
<msg timestamp="20221028 00:07:51.366" level="INFO">Current page contains text 'Ver recetas'.</msg>
<status status="PASS" starttime="20221028 00:07:51.360" endtime="20221028 00:07:51.366"/>
</kw>
<kw name="Page Should Contain" library="SeleniumLibrary">
<arg>Sopaipilla2</arg>
<doc>Verifies that current page contains ``text``.</doc>
<msg timestamp="20221028 00:07:51.374" level="INFO">Current page contains text 'Sopaipilla2'.</msg>
<status status="PASS" starttime="20221028 00:07:51.367" endtime="20221028 00:07:51.374"/>
</kw>
<status status="PASS" starttime="20221028 00:07:48.110" endtime="20221028 00:07:51.375"/>
</test>
<test id="s1-t4" name="Scenario: Eliminar receta" line="70">
<kw name="Go To" library="SeleniumLibrary">
<arg>${SERVER}</arg>
<doc>Navigates the current browser window to the provided ``url``.</doc>
<msg timestamp="20221028 00:07:51.376" level="INFO">Opening url 'http://localhost:8000/'</msg>
<status status="PASS" starttime="20221028 00:07:51.376" endtime="20221028 00:07:51.392"/>
</kw>
<kw name="Wait Until Page Contains Element" library="SeleniumLibrary">
<arg>id=explanation</arg>
<doc>Waits until the element ``locator`` appears on the current page.</doc>
<status status="PASS" starttime="20221028 00:07:51.392" endtime="20221028 00:07:51.399"/>
</kw>
<kw name="Page Should Contain" library="SeleniumLibrary">
<arg>Ver recetas</arg>
<doc>Verifies that current page contains ``text``.</doc>
<msg timestamp="20221028 00:07:51.406" level="INFO">Current page contains text 'Ver recetas'.</msg>
<status status="PASS" starttime="20221028 00:07:51.399" endtime="20221028 00:07:51.406"/>
</kw>
<kw name="Page Should Contain" library="SeleniumLibrary">
<arg>Sopaipilla2</arg>
<doc>Verifies that current page contains ``text``.</doc>
<msg timestamp="20221028 00:07:51.412" level="INFO">Current page contains text 'Sopaipilla2'.</msg>
<status status="PASS" starttime="20221028 00:07:51.406" endtime="20221028 00:07:51.412"/>
</kw>
<kw name="Click Link" library="SeleniumLibrary">
<arg>name:verReceta</arg>
<doc>Clicks a link identified by ``locator``.</doc>
<msg timestamp="20221028 00:07:51.413" level="INFO">Clicking link 'name:verReceta'.</msg>
<status status="PASS" starttime="20221028 00:07:51.413" endtime="20221028 00:07:51.490"/>
</kw>
<kw name="Page Should Contain" library="SeleniumLibrary">
<arg>Preparacion:</arg>
<doc>Verifies that current page contains ``text``.</doc>
<msg timestamp="20221028 00:07:51.497" level="INFO">Current page contains text 'Preparacion:'.</msg>
<status status="PASS" starttime="20221028 00:07:51.491" endtime="20221028 00:07:51.497"/>
</kw>
<kw name="Click Button" library="SeleniumLibrary">
<arg>id:eliminarReceta</arg>
<doc>Clicks the button identified by ``locator``.</doc>
<msg timestamp="20221028 00:07:51.498" level="INFO">Clicking button 'id:eliminarReceta'.</msg>
<status status="PASS" starttime="20221028 00:07:51.497" endtime="20221028 00:07:51.642"/>
</kw>
<kw name="Page Should Contain" library="SeleniumLibrary">
<arg>Ver recetas</arg>
<doc>Verifies that current page contains ``text``.</doc>
<msg timestamp="20221028 00:07:51.650" level="INFO">Current page contains text 'Ver recetas'.</msg>
<status status="PASS" starttime="20221028 00:07:51.642" endtime="20221028 00:07:51.650"/>
</kw>
<kw name="Page Should Not Contain" library="SeleniumLibrary">
<arg>Sopaipilla2</arg>
<doc>Verifies the current page does not contain ``text``.</doc>
<msg timestamp="20221028 00:07:51.662" level="INFO">Current page does not contain text 'Sopaipilla2'.</msg>
<status status="PASS" starttime="20221028 00:07:51.650" endtime="20221028 00:07:51.662"/>
</kw>
<status status="PASS" starttime="20221028 00:07:51.375" endtime="20221028 00:07:51.663"/>
</test>
<test id="s1-t5" name="Scenario: Agregar una receta con el formato incorrecto - Ingredientes" line="81">
<kw name="Go To" library="SeleniumLibrary">
<arg>${SERVER}</arg>
<doc>Navigates the current browser window to the provided ``url``.</doc>
<msg timestamp="20221028 00:07:51.664" level="INFO">Opening url 'http://localhost:8000/'</msg>
<status status="PASS" starttime="20221028 00:07:51.664" endtime="20221028 00:07:51.679"/>
</kw>
<kw name="Wait Until Page Contains Element" library="SeleniumLibrary">
<arg>id=explanation</arg>
<doc>Waits until the element ``locator`` appears on the current page.</doc>
<status status="PASS" starttime="20221028 00:07:51.680" endtime="20221028 00:07:51.685"/>
</kw>
<kw name="Page Should Contain" library="SeleniumLibrary">
<arg>Ver recetas</arg>
<doc>Verifies that current page contains ``text``.</doc>
<msg timestamp="20221028 00:07:51.692" level="INFO">Current page contains text 'Ver recetas'.</msg>
<status status="PASS" starttime="20221028 00:07:51.685" endtime="20221028 00:07:51.692"/>
</kw>
<kw name="Click Button" library="SeleniumLibrary">
<arg>id:anadirReceta</arg>
<doc>Clicks the button identified by ``locator``.</doc>
<msg timestamp="20221028 00:07:51.692" level="INFO">Clicking button 'id:anadirReceta'.</msg>
<status status="PASS" starttime="20221028 00:07:51.692" endtime="20221028 00:07:51.776"/>
</kw>
<kw name="Page Should Contain" library="SeleniumLibrary">
<arg>Añadir receta</arg>
<doc>Verifies that current page contains ``text``.</doc>
<msg timestamp="20221028 00:07:51.784" level="INFO">Current page contains text 'Añadir receta'.</msg>
<status status="PASS" starttime="20221028 00:07:51.776" endtime="20221028 00:07:51.784"/>
</kw>
<kw name="Input Text" library="SeleniumLibrary">
<arg>name:nombreReceta</arg>
<arg>Sopaipilla</arg>
<doc>Types the given ``text`` into the text field identified by ``locator``.</doc>
<msg timestamp="20221028 00:07:51.785" level="INFO">Typing text 'Sopaipilla' into text field 'name:nombreReceta'.</msg>
<status status="PASS" starttime="20221028 00:07:51.784" endtime="20221028 00:07:51.854"/>
</kw>
<kw name="Input Text" library="SeleniumLibrary">
<arg>name:ingredientes</arg>
<arg>Harina Huevos Zapallo</arg>
<doc>Types the given ``text`` into the text field identified by ``locator``.</doc>
<msg timestamp="20221028 00:07:51.855" level="INFO">Typing text 'Harina Huevos Zapallo' into text field 'name:ingredientes'.</msg>
<status status="PASS" starttime="20221028 00:07:51.855" endtime="20221028 00:07:51.922"/>
</kw>
<kw name="Input Text" library="SeleniumLibrary">
<arg>name:pasos</arg>
<arg>Paso1\nPaso2\nPaso3</arg>
<doc>Types the given ``text`` into the text field identified by ``locator``.</doc>
<msg timestamp="20221028 00:07:51.923" level="INFO">Typing text 'Paso1
Paso2
Paso3' into text field 'name:pasos'.</msg>
<status status="PASS" starttime="20221028 00:07:51.922" endtime="20221028 00:07:51.984"/>
</kw>
<kw name="Input Text" library="SeleniumLibrary">
<arg>name:autor</arg>
<arg>ROBOT</arg>
<doc>Types the given ``text`` into the text field identified by ``locator``.</doc>
<msg timestamp="20221028 00:07:51.985" level="INFO">Typing text 'ROBOT' into text field 'name:autor'.</msg>
<status status="PASS" starttime="20221028 00:07:51.984" endtime="20221028 00:07:52.039"/>
</kw>
<kw name="Choose File" library="SeleniumLibrary">
<arg>name:imagenReceta</arg>
<arg>D:\\Max\\Universidad\\.GitHub (Repositories)\\Pruebas-de-Software---Presentaciones-Django-RobotFramework-\\recetario/sopaipilla.jpg</arg>
<doc>Inputs the ``file_path`` into the file input field ``locator``.</doc>
<msg timestamp="20221028 00:07:52.039" level="INFO">Sending D:\Max\Universidad\.GitHub (Repositories)\Pruebas-de-Software---Presentaciones-Django-RobotFramework-\recetario\sopaipilla.jpg to browser.</msg>
<status status="PASS" starttime="20221028 00:07:52.039" endtime="20221028 00:07:52.062"/>
</kw>
<kw name="Click Button" library="SeleniumLibrary">
<arg>Subir Receta</arg>
<doc>Clicks the button identified by ``locator``.</doc>
<msg timestamp="20221028 00:07:52.063" level="INFO">Clicking button 'Subir Receta'.</msg>
<status status="PASS" starttime="20221028 00:07:52.062" endtime="20221028 00:07:52.101"/>
</kw>
<kw name="Element Should Be Visible" library="SeleniumLibrary">
<arg>id:failed-alert</arg>
<doc>Verifies that the element identified by ``locator`` is visible.</doc>
<msg timestamp="20221028 00:07:52.123" level="INFO">Element 'id:failed-alert' is displayed.</msg>
<status status="PASS" starttime="20221028 00:07:52.101" endtime="20221028 00:07:52.123"/>
</kw>
<kw name="Wait Until Element Is Not Visible" library="SeleniumLibrary">
<arg>id:failed-alert</arg>
<doc>Waits until the element ``locator`` is not visible.</doc>
<status status="PASS" starttime="20221028 00:07:52.123" endtime="20221028 00:07:54.667"/>
</kw>
<status status="PASS" starttime="20221028 00:07:51.663" endtime="20221028 00:07:54.667"/>
</test>
<test id="s1-t6" name="Scenario: Agregar una receta con el formato incorrecto - Pasos" line="96">
<kw name="Go To" library="SeleniumLibrary">
<arg>${SERVER}</arg>
<doc>Navigates the current browser window to the provided ``url``.</doc>
<msg timestamp="20221028 00:07:54.669" level="INFO">Opening url 'http://localhost:8000/'</msg>
<status status="PASS" starttime="20221028 00:07:54.668" endtime="20221028 00:07:54.712"/>
</kw>
<kw name="Wait Until Page Contains Element" library="SeleniumLibrary">
<arg>id=explanation</arg>
<doc>Waits until the element ``locator`` appears on the current page.</doc>
<status status="PASS" starttime="20221028 00:07:54.713" endtime="20221028 00:07:54.718"/>
</kw>
<kw name="Page Should Contain" library="SeleniumLibrary">
<arg>Ver recetas</arg>
<doc>Verifies that current page contains ``text``.</doc>
<msg timestamp="20221028 00:07:54.725" level="INFO">Current page contains text 'Ver recetas'.</msg>
<status status="PASS" starttime="20221028 00:07:54.719" endtime="20221028 00:07:54.725"/>
</kw>
<kw name="Click Button" library="SeleniumLibrary">
<arg>id:anadirReceta</arg>
<doc>Clicks the button identified by ``locator``.</doc>
<msg timestamp="20221028 00:07:54.726" level="INFO">Clicking button 'id:anadirReceta'.</msg>
<status status="PASS" starttime="20221028 00:07:54.726" endtime="20221028 00:07:54.804"/>
</kw>
<kw name="Page Should Contain" library="SeleniumLibrary">
<arg>Añadir receta</arg>
<doc>Verifies that current page contains ``text``.</doc>
<msg timestamp="20221028 00:07:54.812" level="INFO">Current page contains text 'Añadir receta'.</msg>
<status status="PASS" starttime="20221028 00:07:54.805" endtime="20221028 00:07:54.812"/>
</kw>
<kw name="Input Text" library="SeleniumLibrary">
<arg>name:nombreReceta</arg>
<arg>Sopaipilla</arg>
<doc>Types the given ``text`` into the text field identified by ``locator``.</doc>
<msg timestamp="20221028 00:07:54.813" level="INFO">Typing text 'Sopaipilla' into text field 'name:nombreReceta'.</msg>
<status status="PASS" starttime="20221028 00:07:54.813" endtime="20221028 00:07:54.880"/>
</kw>
<kw name="Input Text" library="SeleniumLibrary">
<arg>name:ingredientes</arg>
<arg>Harina\nHuevos\nZapallo</arg>
<doc>Types the given ``text`` into the text field identified by ``locator``.</doc>
<msg timestamp="20221028 00:07:54.881" level="INFO">Typing text 'Harina
Huevos
Zapallo' into text field 'name:ingredientes'.</msg>
<status status="PASS" starttime="20221028 00:07:54.880" endtime="20221028 00:07:54.953"/>
</kw>
<kw name="Input Text" library="SeleniumLibrary">
<arg>name:pasos</arg>
<arg>Paso1 Paso2 Paso3</arg>
<doc>Types the given ``text`` into the text field identified by ``locator``.</doc>
<msg timestamp="20221028 00:07:54.954" level="INFO">Typing text 'Paso1 Paso2 Paso3' into text field 'name:pasos'.</msg>
<status status="PASS" starttime="20221028 00:07:54.953" endtime="20221028 00:07:55.020"/>
</kw>
<kw name="Input Text" library="SeleniumLibrary">
<arg>name:autor</arg>
<arg>ROBOT</arg>
<doc>Types the given ``text`` into the text field identified by ``locator``.</doc>
<msg timestamp="20221028 00:07:55.021" level="INFO">Typing text 'ROBOT' into text field 'name:autor'.</msg>
<status status="PASS" starttime="20221028 00:07:55.021" endtime="20221028 00:07:55.079"/>
</kw>
<kw name="Choose File" library="SeleniumLibrary">
<arg>name:imagenReceta</arg>
<arg>D:\\Max\\Universidad\\.GitHub (Repositories)\\Pruebas-de-Software---Presentaciones-Django-RobotFramework-\\recetario/sopaipilla.jpg</arg>
<doc>Inputs the ``file_path`` into the file input field ``locator``.</doc>
<msg timestamp="20221028 00:07:55.080" level="INFO">Sending D:\Max\Universidad\.GitHub (Repositories)\Pruebas-de-Software---Presentaciones-Django-RobotFramework-\recetario\sopaipilla.jpg to browser.</msg>
<status status="PASS" starttime="20221028 00:07:55.079" endtime="20221028 00:07:55.102"/>
</kw>
<kw name="Wait Until Element Is Not Visible" library="SeleniumLibrary">
<arg>id:failed-alert</arg>
<doc>Waits until the element ``locator`` is not visible.</doc>
<status status="PASS" starttime="20221028 00:07:55.102" endtime="20221028 00:07:55.114"/>
</kw>
<kw name="Click Button" library="SeleniumLibrary">
<arg>Subir Receta</arg>
<doc>Clicks the button identified by ``locator``.</doc>
<msg timestamp="20221028 00:07:55.114" level="INFO">Clicking button 'Subir Receta'.</msg>
<status status="PASS" starttime="20221028 00:07:55.114" endtime="20221028 00:07:55.159"/>
</kw>
<kw name="Element Should Be Visible" library="SeleniumLibrary">
<arg>id:failed-alert</arg>
<doc>Verifies that the element identified by ``locator`` is visible.</doc>
<msg timestamp="20221028 00:07:55.175" level="INFO">Element 'id:failed-alert' is displayed.</msg>
<status status="PASS" starttime="20221028 00:07:55.160" endtime="20221028 00:07:55.175"/>
</kw>
<kw name="Wait Until Element Is Not Visible" library="SeleniumLibrary">
<arg>id:failed-alert</arg>
<doc>Waits until the element ``locator`` is not visible.</doc>
<status status="PASS" starttime="20221028 00:07:55.175" endtime="20221028 00:07:57.703"/>
</kw>
<status status="PASS" starttime="20221028 00:07:54.668" endtime="20221028 00:07:57.704"/>
</test>
<test id="s1-t7" name="Scenario: Agregar una receta con falta de información - Imagen" line="112">
<kw name="Go To" library="SeleniumLibrary">
<arg>${SERVER}</arg>
<doc>Navigates the current browser window to the provided ``url``.</doc>
<msg timestamp="20221028 00:07:57.705" level="INFO">Opening url 'http://localhost:8000/'</msg>
<status status="PASS" starttime="20221028 00:07:57.705" endtime="20221028 00:07:57.737"/>
</kw>
<kw name="Wait Until Page Contains Element" library="SeleniumLibrary">
<arg>id=explanation</arg>
<doc>Waits until the element ``locator`` appears on the current page.</doc>
<status status="PASS" starttime="20221028 00:07:57.737" endtime="20221028 00:07:57.743"/>
</kw>
<kw name="Page Should Contain" library="SeleniumLibrary">
<arg>Ver recetas</arg>
<doc>Verifies that current page contains ``text``.</doc>
<msg timestamp="20221028 00:07:57.750" level="INFO">Current page contains text 'Ver recetas'.</msg>
<status status="PASS" starttime="20221028 00:07:57.743" endtime="20221028 00:07:57.750"/>
</kw>
<kw name="Click Button" library="SeleniumLibrary">
<arg>id:anadirReceta</arg>
<doc>Clicks the button identified by ``locator``.</doc>
<msg timestamp="20221028 00:07:57.750" level="INFO">Clicking button 'id:anadirReceta'.</msg>
<status status="PASS" starttime="20221028 00:07:57.750" endtime="20221028 00:07:57.832"/>
</kw>
<kw name="Page Should Contain" library="SeleniumLibrary">
<arg>Añadir receta</arg>
<doc>Verifies that current page contains ``text``.</doc>
<msg timestamp="20221028 00:07:57.839" level="INFO">Current page contains text 'Añadir receta'.</msg>
<status status="PASS" starttime="20221028 00:07:57.832" endtime="20221028 00:07:57.840"/>
</kw>
<kw name="Input Text" library="SeleniumLibrary">
<arg>name:nombreReceta</arg>
<arg>Sopaipilla</arg>
<doc>Types the given ``text`` into the text field identified by ``locator``.</doc>
<msg timestamp="20221028 00:07:57.840" level="INFO">Typing text 'Sopaipilla' into text field 'name:nombreReceta'.</msg>
<status status="PASS" starttime="20221028 00:07:57.840" endtime="20221028 00:07:57.905"/>
</kw>
<kw name="Input Text" library="SeleniumLibrary">
<arg>name:ingredientes</arg>
<arg>Harina\nHuevos\nZapallo</arg>
<doc>Types the given ``text`` into the text field identified by ``locator``.</doc>
<msg timestamp="20221028 00:07:57.906" level="INFO">Typing text 'Harina
Huevos
Zapallo' into text field 'name:ingredientes'.</msg>
<status status="PASS" starttime="20221028 00:07:57.906" endtime="20221028 00:07:57.975"/>
</kw>
<kw name="Input Text" library="SeleniumLibrary">
<arg>name:pasos</arg>
<arg>Paso1\nPaso2\nPaso3</arg>
<doc>Types the given ``text`` into the text field identified by ``locator``.</doc>
<msg timestamp="20221028 00:07:57.975" level="INFO">Typing text 'Paso1
Paso2
Paso3' into text field 'name:pasos'.</msg>
<status status="PASS" starttime="20221028 00:07:57.975" endtime="20221028 00:07:58.051"/>
</kw>
<kw name="Input Text" library="SeleniumLibrary">
<arg>name:autor</arg>
<arg>ROBOT</arg>
<doc>Types the given ``text`` into the text field identified by ``locator``.</doc>
<msg timestamp="20221028 00:07:58.052" level="INFO">Typing text 'ROBOT' into text field 'name:autor'.</msg>
<status status="PASS" starttime="20221028 00:07:58.051" endtime="20221028 00:07:58.113"/>
</kw>
<kw name="Wait Until Element Is Not Visible" library="SeleniumLibrary">
<arg>id:failed-alert</arg>
<doc>Waits until the element ``locator`` is not visible.</doc>
<status status="PASS" starttime="20221028 00:07:58.114" endtime="20221028 00:07:58.125"/>
</kw>
<kw name="Click Button" library="SeleniumLibrary">
<arg>Subir Receta</arg>
<doc>Clicks the button identified by ``locator``.</doc>
<msg timestamp="20221028 00:07:58.126" level="INFO">Clicking button 'Subir Receta'.</msg>
<status status="PASS" starttime="20221028 00:07:58.126" endtime="20221028 00:07:58.199"/>
</kw>
<kw name="Element Should Not Be Visible" library="SeleniumLibrary">
<arg>id:success-alert</arg>
<doc>Verifies that the element identified by ``locator`` is NOT visible.</doc>
<msg timestamp="20221028 00:07:58.218" level="INFO">Element 'id:success-alert' exists but is not displayed.</msg>
<status status="PASS" starttime="20221028 00:07:58.201" endtime="20221028 00:07:58.218"/>
</kw>
<status status="PASS" starttime="20221028 00:07:57.704" endtime="20221028 00:07:58.218"/>
</test>
<test id="s1-t8" name="Scenario: Agregar receta correcta + editar + limite de campos + eliminar" line="126">
<kw name="Go To" library="SeleniumLibrary">
<arg>${SERVER}</arg>
<doc>Navigates the current browser window to the provided ``url``.</doc>
<msg timestamp="20221028 00:07:58.220" level="INFO">Opening url 'http://localhost:8000/'</msg>
<status status="PASS" starttime="20221028 00:07:58.219" endtime="20221028 00:07:58.374"/>
</kw>
<kw name="Wait Until Page Contains Element" library="SeleniumLibrary">
<arg>id=explanation</arg>
<doc>Waits until the element ``locator`` appears on the current page.</doc>
<status status="PASS" starttime="20221028 00:07:58.374" endtime="20221028 00:07:58.380"/>
</kw>
<kw name="Page Should Contain" library="SeleniumLibrary">
<arg>Ver recetas</arg>
<doc>Verifies that current page contains ``text``.</doc>
<msg timestamp="20221028 00:07:58.385" level="INFO">Current page contains text 'Ver recetas'.</msg>
<status status="PASS" starttime="20221028 00:07:58.380" endtime="20221028 00:07:58.386"/>
</kw>
<kw name="Click Button" library="SeleniumLibrary">
<arg>id:anadirReceta</arg>
<doc>Clicks the button identified by ``locator``.</doc>
<msg timestamp="20221028 00:07:58.386" level="INFO">Clicking button 'id:anadirReceta'.</msg>
<status status="PASS" starttime="20221028 00:07:58.386" endtime="20221028 00:07:58.462"/>
</kw>
<kw name="Page Should Contain" library="SeleniumLibrary">
<arg>Añadir receta</arg>
<doc>Verifies that current page contains ``text``.</doc>
<msg timestamp="20221028 00:07:58.471" level="INFO">Current page contains text 'Añadir receta'.</msg>
<status status="PASS" starttime="20221028 00:07:58.463" endtime="20221028 00:07:58.471"/>
</kw>
<kw name="Input Text" library="SeleniumLibrary">
<arg>name:nombreReceta</arg>
<arg>Sopaipilla</arg>
<doc>Types the given ``text`` into the text field identified by ``locator``.</doc>
<msg timestamp="20221028 00:07:58.472" level="INFO">Typing text 'Sopaipilla' into text field 'name:nombreReceta'.</msg>
<status status="PASS" starttime="20221028 00:07:58.471" endtime="20221028 00:07:58.539"/>
</kw>
<kw name="Input Text" library="SeleniumLibrary">
<arg>name:ingredientes</arg>
<arg>Harina\nHuevos\nZapallo</arg>
<doc>Types the given ``text`` into the text field identified by ``locator``.</doc>
<msg timestamp="20221028 00:07:58.539" level="INFO">Typing text 'Harina
Huevos
Zapallo' into text field 'name:ingredientes'.</msg>
<status status="PASS" starttime="20221028 00:07:58.539" endtime="20221028 00:07:58.606"/>
</kw>
<kw name="Input Text" library="SeleniumLibrary">
<arg>name:pasos</arg>
<arg>Paso1\nPaso2\nPaso3\n</arg>
<doc>Types the given ``text`` into the text field identified by ``locator``.</doc>
<msg timestamp="20221028 00:07:58.607" level="INFO">Typing text 'Paso1
Paso2
Paso3
' into text field 'name:pasos'.</msg>
<status status="PASS" starttime="20221028 00:07:58.607" endtime="20221028 00:07:58.672"/>
</kw>
<kw name="Input Text" library="SeleniumLibrary">
<arg>name:autor</arg>
<arg>ABCDEFGHIJKLMNOPQRSTUVWXYZABCD1234</arg>
<doc>Types the given ``text`` into the text field identified by ``locator``.</doc>
<msg timestamp="20221028 00:07:58.672" level="INFO">Typing text 'ABCDEFGHIJKLMNOPQRSTUVWXYZABCD1234' into text field 'name:autor'.</msg>
<status status="PASS" starttime="20221028 00:07:58.672" endtime="20221028 00:07:58.759"/>
</kw>
<kw name="Choose File" library="SeleniumLibrary">
<arg>name:imagenReceta</arg>
<arg>D:\\Max\\Universidad\\.GitHub (Repositories)\\Pruebas-de-Software---Presentaciones-Django-RobotFramework-\\recetario/sopaipilla.jpg</arg>
<doc>Inputs the ``file_path`` into the file input field ``locator``.</doc>
<msg timestamp="20221028 00:07:58.760" level="INFO">Sending D:\Max\Universidad\.GitHub (Repositories)\Pruebas-de-Software---Presentaciones-Django-RobotFramework-\recetario\sopaipilla.jpg to browser.</msg>
<status status="PASS" starttime="20221028 00:07:58.760" endtime="20221028 00:07:58.807"/>
</kw>
<kw name="Wait Until Element Is Not Visible" library="SeleniumLibrary">
<arg>id:failed-alert</arg>
<doc>Waits until the element ``locator`` is not visible.</doc>
<status status="PASS" starttime="20221028 00:07:58.807" endtime="20221028 00:07:58.820"/>
</kw>
<kw name="Click Button" library="SeleniumLibrary">
<arg>Subir Receta</arg>
<doc>Clicks the button identified by ``locator``.</doc>
<msg timestamp="20221028 00:07:58.821" level="INFO">Clicking button 'Subir Receta'.</msg>
<status status="PASS" starttime="20221028 00:07:58.820" endtime="20221028 00:07:58.857"/>
</kw>
<kw name="Wait Until Element Is Visible" library="SeleniumLibrary">
<arg>id:success-alert</arg>
<doc>Waits until the element ``locator`` is visible.</doc>
<status status="PASS" starttime="20221028 00:07:58.857" endtime="20221028 00:07:59.084"/>
</kw>
<kw name="Wait Until Element Is Not Visible" library="SeleniumLibrary">
<arg>id:success-alert</arg>
<doc>Waits until the element ``locator`` is not visible.</doc>
<status status="PASS" starttime="20221028 00:07:59.084" endtime="20221028 00:08:01.611"/>
</kw>
<kw name="Click Button" library="SeleniumLibrary">
<arg>id:verRecetas</arg>
<doc>Clicks the button identified by ``locator``.</doc>
<msg timestamp="20221028 00:08:01.612" level="INFO">Clicking button 'id:verRecetas'.</msg>
<status status="PASS" starttime="20221028 00:08:01.612" endtime="20221028 00:08:01.698"/>
</kw>
<kw name="Page Should Contain" library="SeleniumLibrary">
<arg>Ver recetas</arg>
<doc>Verifies that current page contains ``text``.</doc>
<msg timestamp="20221028 00:08:01.704" level="INFO">Current page contains text 'Ver recetas'.</msg>
<status status="PASS" starttime="20221028 00:08:01.698" endtime="20221028 00:08:01.704"/>
</kw>
<kw name="Page Should Contain" library="SeleniumLibrary">
<arg>Sopaipilla</arg>
<doc>Verifies that current page contains ``text``.</doc>
<msg timestamp="20221028 00:08:01.712" level="INFO">Current page contains text 'Sopaipilla'.</msg>
<status status="PASS" starttime="20221028 00:08:01.704" endtime="20221028 00:08:01.712"/>
</kw>
<kw name="Click Link" library="SeleniumLibrary">
<arg>name:verReceta</arg>
<doc>Clicks a link identified by ``locator``.</doc>
<msg timestamp="20221028 00:08:01.713" level="INFO">Clicking link 'name:verReceta'.</msg>
<status status="PASS" starttime="20221028 00:08:01.712" endtime="20221028 00:08:01.777"/>
</kw>
<kw name="Page Should Contain" library="SeleniumLibrary">
<arg>Preparacion:</arg>
<doc>Verifies that current page contains ``text``.</doc>
<msg timestamp="20221028 00:08:01.785" level="INFO">Current page contains text 'Preparacion:'.</msg>
<status status="PASS" starttime="20221028 00:08:01.777" endtime="20221028 00:08:01.785"/>
</kw>
<kw name="Page Should Contain" library="SeleniumLibrary">
<arg>Por: ABCDEFGHIJKLMNOPQRSTUVWXYZABCD</arg>
<doc>Verifies that current page contains ``text``.</doc>
<msg timestamp="20221028 00:08:01.794" level="INFO">Current page contains text 'Por: ABCDEFGHIJKLMNOPQRSTUVWXYZABCD'.</msg>
<status status="PASS" starttime="20221028 00:08:01.785" endtime="20221028 00:08:01.794"/>
</kw>
<kw name="Click Button" library="SeleniumLibrary">
<arg>id:editarReceta</arg>
<doc>Clicks the button identified by ``locator``.</doc>
<msg timestamp="20221028 00:08:01.794" level="INFO">Clicking button 'id:editarReceta'.</msg>
<status status="PASS" starttime="20221028 00:08:01.794" endtime="20221028 00:08:01.881"/>
</kw>
<kw name="Page Should Contain" library="SeleniumLibrary">
<arg>Editar receta</arg>
<doc>Verifies that current page contains ``text``.</doc>
<msg timestamp="20221028 00:08:01.891" level="INFO">Current page contains text 'Editar receta'.</msg>
<status status="PASS" starttime="20221028 00:08:01.881" endtime="20221028 00:08:01.891"/>
</kw>
<kw name="Input Text" library="SeleniumLibrary">
<arg>name:nombreReceta</arg>
<arg>Sopaipilla2</arg>
<doc>Types the given ``text`` into the text field identified by ``locator``.</doc>
<msg timestamp="20221028 00:08:01.892" level="INFO">Typing text 'Sopaipilla2' into text field 'name:nombreReceta'.</msg>
<status status="PASS" starttime="20221028 00:08:01.892" endtime="20221028 00:08:01.953"/>
</kw>
<kw name="Choose File" library="SeleniumLibrary">
<arg>name:imagenReceta</arg>
<arg>D:\\Max\\Universidad\\.GitHub (Repositories)\\Pruebas-de-Software---Presentaciones-Django-RobotFramework-\\recetario/sopaipilla.jpg</arg>
<doc>Inputs the ``file_path`` into the file input field ``locator``.</doc>
<msg timestamp="20221028 00:08:01.954" level="INFO">Sending D:\Max\Universidad\.GitHub (Repositories)\Pruebas-de-Software---Presentaciones-Django-RobotFramework-\recetario\sopaipilla.jpg to browser.</msg>
<status status="PASS" starttime="20221028 00:08:01.953" endtime="20221028 00:08:01.975"/>
</kw>
<kw name="Click Button" library="SeleniumLibrary">
<arg>Editar Receta</arg>
<doc>Clicks the button identified by ``locator``.</doc>
<msg timestamp="20221028 00:08:01.976" level="INFO">Clicking button 'Editar Receta'.</msg>
<status status="PASS" starttime="20221028 00:08:01.975" endtime="20221028 00:08:02.015"/>
</kw>
<kw name="Wait Until Element Is Visible" library="SeleniumLibrary">
<arg>id:success-alert</arg>
<doc>Waits until the element ``locator`` is visible.</doc>
<status status="PASS" starttime="20221028 00:08:02.016" endtime="20221028 00:08:02.244"/>
</kw>
<kw name="Wait Until Element Is Not Visible" library="SeleniumLibrary">
<arg>id:success-alert</arg>
<doc>Waits until the element ``locator`` is not visible.</doc>
<status status="PASS" starttime="20221028 00:08:02.244" endtime="20221028 00:08:04.775"/>
</kw>
<kw name="Click Button" library="SeleniumLibrary">
<arg>id:verRecetas</arg>
<doc>Clicks the button identified by ``locator``.</doc>
<msg timestamp="20221028 00:08:04.776" level="INFO">Clicking button 'id:verRecetas'.</msg>
<status status="PASS" starttime="20221028 00:08:04.775" endtime="20221028 00:08:04.857"/>
</kw>
<kw name="Page Should Contain" library="SeleniumLibrary">
<arg>Ver recetas</arg>
<doc>Verifies that current page contains ``text``.</doc>
<msg timestamp="20221028 00:08:04.865" level="INFO">Current page contains text 'Ver recetas'.</msg>
<status status="PASS" starttime="20221028 00:08:04.858" endtime="20221028 00:08:04.865"/>
</kw>
<kw name="Page Should Contain" library="SeleniumLibrary">
<arg>Sopaipilla2</arg>
<doc>Verifies that current page contains ``text``.</doc>
<msg timestamp="20221028 00:08:04.873" level="INFO">Current page contains text 'Sopaipilla2'.</msg>
<status status="PASS" starttime="20221028 00:08:04.865" endtime="20221028 00:08:04.874"/>
</kw>
<kw name="Click Link" library="SeleniumLibrary">
<arg>name:verReceta</arg>
<doc>Clicks a link identified by ``locator``.</doc>
<msg timestamp="20221028 00:08:04.874" level="INFO">Clicking link 'name:verReceta'.</msg>
<status status="PASS" starttime="20221028 00:08:04.874" endtime="20221028 00:08:04.935"/>
</kw>
<kw name="Page Should Contain" library="SeleniumLibrary">
<arg>Preparacion:</arg>
<doc>Verifies that current page contains ``text``.</doc>
<msg timestamp="20221028 00:08:04.943" level="INFO">Current page contains text 'Preparacion:'.</msg>
<status status="PASS" starttime="20221028 00:08:04.936" endtime="20221028 00:08:04.943"/>
</kw>
<kw name="Click Button" library="SeleniumLibrary">
<arg>id:eliminarReceta</arg>
<doc>Clicks the button identified by ``locator``.</doc>
<msg timestamp="20221028 00:08:04.943" level="INFO">Clicking button 'id:eliminarReceta'.</msg>
<status status="PASS" starttime="20221028 00:08:04.943" endtime="20221028 00:08:05.124"/>
</kw>
<kw name="Page Should Contain" library="SeleniumLibrary">
<arg>Ver recetas</arg>
<doc>Verifies that current page contains ``text``.</doc>
<msg timestamp="20221028 00:08:05.134" level="INFO">Current page contains text 'Ver recetas'.</msg>
<status status="PASS" starttime="20221028 00:08:05.125" endtime="20221028 00:08:05.135"/>
</kw>
<kw name="Page Should Not Contain" library="SeleniumLibrary">
<arg>Sopaipilla2</arg>
<doc>Verifies the current page does not contain ``text``.</doc>
<msg timestamp="20221028 00:08:05.147" level="INFO">Current page does not contain text 'Sopaipilla2'.</msg>
<status status="PASS" starttime="20221028 00:08:05.135" endtime="20221028 00:08:05.148"/>
</kw>
<status status="PASS" starttime="20221028 00:07:58.219" endtime="20221028 00:08:05.148"/>
</test>
<test id="s1-t9" name="Scenario: Agregar 11 recetas seguidas" line="163">
<kw name="Go To" library="SeleniumLibrary">
<arg>${SERVER}</arg>
<doc>Navigates the current browser window to the provided ``url``.</doc>
<msg timestamp="20221028 00:08:05.149" level="INFO">Opening url 'http://localhost:8000/'</msg>
<status status="PASS" starttime="20221028 00:08:05.149" endtime="20221028 00:08:05.168"/>
</kw>
<kw name="Wait Until Page Contains Element" library="SeleniumLibrary">
<arg>id=explanation</arg>
<doc>Waits until the element ``locator`` appears on the current page.</doc>
<status status="PASS" starttime="20221028 00:08:05.169" endtime="20221028 00:08:05.175"/>
</kw>
<kw name="Page Should Contain" library="SeleniumLibrary">
<arg>Ver recetas</arg>
<doc>Verifies that current page contains ``text``.</doc>
<msg timestamp="20221028 00:08:05.183" level="INFO">Current page contains text 'Ver recetas'.</msg>
<status status="PASS" starttime="20221028 00:08:05.175" endtime="20221028 00:08:05.183"/>
</kw>
<kw name="Click Button" library="SeleniumLibrary">
<arg>id:anadirReceta</arg>
<doc>Clicks the button identified by ``locator``.</doc>
<msg timestamp="20221028 00:08:05.183" level="INFO">Clicking button 'id:anadirReceta'.</msg>
<status status="PASS" starttime="20221028 00:08:05.183" endtime="20221028 00:08:05.280"/>
</kw>
<kw name="Page Should Contain" library="SeleniumLibrary">
<arg>Añadir receta</arg>
<doc>Verifies that current page contains ``text``.</doc>
<msg timestamp="20221028 00:08:05.292" level="INFO">Current page contains text 'Añadir receta'.</msg>
<status status="PASS" starttime="20221028 00:08:05.281" endtime="20221028 00:08:05.292"/>
</kw>
<for flavor="IN RANGE">
<var>${i}</var>
<value>1</value>
<value>12</value>
<iter>
<var name="${i}">1</var>
<kw name="Input Text" library="SeleniumLibrary">
<arg>name:nombreReceta</arg>
<arg>Sopaipilla${i}</arg>
<doc>Types the given ``text`` into the text field identified by ``locator``.</doc>
<msg timestamp="20221028 00:08:05.293" level="INFO">Typing text 'Sopaipilla1' into text field 'name:nombreReceta'.</msg>
<status status="PASS" starttime="20221028 00:08:05.293" endtime="20221028 00:08:05.352"/>
</kw>
<kw name="Input Text" library="SeleniumLibrary">
<arg>name:ingredientes</arg>
<arg>Harina\nHuevos\nZapallo</arg>
<doc>Types the given ``text`` into the text field identified by ``locator``.</doc>
<msg timestamp="20221028 00:08:05.353" level="INFO">Typing text 'Harina
Huevos
Zapallo' into text field 'name:ingredientes'.</msg>
<status status="PASS" starttime="20221028 00:08:05.352" endtime="20221028 00:08:05.407"/>
</kw>
<kw name="Input Text" library="SeleniumLibrary">
<arg>name:pasos</arg>
<arg>Paso1\nPaso2\nPaso3\n</arg>
<doc>Types the given ``text`` into the text field identified by ``locator``.</doc>
<msg timestamp="20221028 00:08:05.408" level="INFO">Typing text 'Paso1
Paso2
Paso3
' into text field 'name:pasos'.</msg>
<status status="PASS" starttime="20221028 00:08:05.408" endtime="20221028 00:08:05.460"/>
</kw>
<kw name="Input Text" library="SeleniumLibrary">
<arg>name:autor</arg>
<arg>ABCDEFGHIJKLMNOPQRSTUVWXYZABCD1234</arg>
<doc>Types the given ``text`` into the text field identified by ``locator``.</doc>
<msg timestamp="20221028 00:08:05.460" level="INFO">Typing text 'ABCDEFGHIJKLMNOPQRSTUVWXYZABCD1234' into text field 'name:autor'.</msg>
<status status="PASS" starttime="20221028 00:08:05.460" endtime="20221028 00:08:05.523"/>
</kw>
<kw name="Choose File" library="SeleniumLibrary">
<arg>name:imagenReceta</arg>
<arg>D:\\Max\\Universidad\\.GitHub (Repositories)\\Pruebas-de-Software---Presentaciones-Django-RobotFramework-\\recetario/sopaipilla.jpg</arg>
<doc>Inputs the ``file_path`` into the file input field ``locator``.</doc>
<msg timestamp="20221028 00:08:05.523" level="INFO">Sending D:\Max\Universidad\.GitHub (Repositories)\Pruebas-de-Software---Presentaciones-Django-RobotFramework-\recetario\sopaipilla.jpg to browser.</msg>
<status status="PASS" starttime="20221028 00:08:05.523" endtime="20221028 00:08:05.547"/>
</kw>
<kw name="Wait Until Element Is Not Visible" library="SeleniumLibrary">
<arg>id:failed-alert</arg>
<doc>Waits until the element ``locator`` is not visible.</doc>
<status status="PASS" starttime="20221028 00:08:05.547" endtime="20221028 00:08:05.559"/>
</kw>
<kw name="Click Button" library="SeleniumLibrary">
<arg>Subir Receta</arg>
<doc>Clicks the button identified by ``locator``.</doc>
<msg timestamp="20221028 00:08:05.559" level="INFO">Clicking button 'Subir Receta'.</msg>
<status status="PASS" starttime="20221028 00:08:05.559" endtime="20221028 00:08:05.592"/>
</kw>
<kw name="Wait Until Element Is Visible" library="SeleniumLibrary">
<arg>id:success-alert</arg>
<doc>Waits until the element ``locator`` is visible.</doc>
<status status="PASS" starttime="20221028 00:08:05.593" endtime="20221028 00:08:05.820"/>
</kw>
<kw name="Wait Until Element Is Not Visible" library="SeleniumLibrary">
<arg>id:success-alert</arg>
<doc>Waits until the element ``locator`` is not visible.</doc>
<status status="PASS" starttime="20221028 00:08:05.820" endtime="20221028 00:08:08.356"/>
</kw>
<status status="PASS" starttime="20221028 00:08:05.293" endtime="20221028 00:08:08.356"/>
</iter>
<iter>
<var name="${i}">2</var>
<kw name="Input Text" library="SeleniumLibrary">
<arg>name:nombreReceta</arg>
<arg>Sopaipilla${i}</arg>
<doc>Types the given ``text`` into the text field identified by ``locator``.</doc>
<msg timestamp="20221028 00:08:08.357" level="INFO">Typing text 'Sopaipilla2' into text field 'name:nombreReceta'.</msg>
<status status="PASS" starttime="20221028 00:08:08.356" endtime="20221028 00:08:08.393"/>
</kw>
<kw name="Input Text" library="SeleniumLibrary">
<arg>name:ingredientes</arg>
<arg>Harina\nHuevos\nZapallo</arg>
<doc>Types the given ``text`` into the text field identified by ``locator``.</doc>
<msg timestamp="20221028 00:08:08.394" level="INFO">Typing text 'Harina
Huevos
Zapallo' into text field 'name:ingredientes'.</msg>
<status status="PASS" starttime="20221028 00:08:08.394" endtime="20221028 00:08:08.434"/>
</kw>
<kw name="Input Text" library="SeleniumLibrary">
<arg>name:pasos</arg>
<arg>Paso1\nPaso2\nPaso3\n</arg>
<doc>Types the given ``text`` into the text field identified by ``locator``.</doc>
<msg timestamp="20221028 00:08:08.434" level="INFO">Typing text 'Paso1
Paso2
Paso3
' into text field 'name:pasos'.</msg>
<status status="PASS" starttime="20221028 00:08:08.434" endtime="20221028 00:08:08.475"/>
</kw>
<kw name="Input Text" library="SeleniumLibrary">
<arg>name:autor</arg>
<arg>ABCDEFGHIJKLMNOPQRSTUVWXYZABCD1234</arg>
<doc>Types the given ``text`` into the text field identified by ``locator``.</doc>
<msg timestamp="20221028 00:08:08.475" level="INFO">Typing text 'ABCDEFGHIJKLMNOPQRSTUVWXYZABCD1234' into text field 'name:autor'.</msg>
<status status="PASS" starttime="20221028 00:08:08.475" endtime="20221028 00:08:08.525"/>
</kw>
<kw name="Choose File" library="SeleniumLibrary">
<arg>name:imagenReceta</arg>
<arg>D:\\Max\\Universidad\\.GitHub (Repositories)\\Pruebas-de-Software---Presentaciones-Django-RobotFramework-\\recetario/sopaipilla.jpg</arg>
<doc>Inputs the ``file_path`` into the file input field ``locator``.</doc>
<msg timestamp="20221028 00:08:08.525" level="INFO">Sending D:\Max\Universidad\.GitHub (Repositories)\Pruebas-de-Software---Presentaciones-Django-RobotFramework-\recetario\sopaipilla.jpg to browser.</msg>
<status status="PASS" starttime="20221028 00:08:08.525" endtime="20221028 00:08:08.542"/>
</kw>
<kw name="Wait Until Element Is Not Visible" library="SeleniumLibrary">
<arg>id:failed-alert</arg>
<doc>Waits until the element ``locator`` is not visible.</doc>
<status status="PASS" starttime="20221028 00:08:08.542" endtime="20221028 00:08:08.553"/>
</kw>
<kw name="Click Button" library="SeleniumLibrary">
<arg>Subir Receta</arg>
<doc>Clicks the button identified by ``locator``.</doc>
<msg timestamp="20221028 00:08:08.553" level="INFO">Clicking button 'Subir Receta'.</msg>
<status status="PASS" starttime="20221028 00:08:08.553" endtime="20221028 00:08:08.580"/>
</kw>
<kw name="Wait Until Element Is Visible" library="SeleniumLibrary">
<arg>id:success-alert</arg>
<doc>Waits until the element ``locator`` is visible.</doc>
<status status="PASS" starttime="20221028 00:08:08.580" endtime="20221028 00:08:08.800"/>
</kw>
<kw name="Wait Until Element Is Not Visible" library="SeleniumLibrary">
<arg>id:success-alert</arg>
<doc>Waits until the element ``locator`` is not visible.</doc>
<status status="PASS" starttime="20221028 00:08:08.800" endtime="20221028 00:08:11.326"/>
</kw>
<status status="PASS" starttime="20221028 00:08:08.356" endtime="20221028 00:08:11.326"/>
</iter>
<iter>
<var name="${i}">3</var>
<kw name="Input Text" library="SeleniumLibrary">
<arg>name:nombreReceta</arg>
<arg>Sopaipilla${i}</arg>
<doc>Types the given ``text`` into the text field identified by ``locator``.</doc>
<msg timestamp="20221028 00:08:11.326" level="INFO">Typing text 'Sopaipilla3' into text field 'name:nombreReceta'.</msg>
<status status="PASS" starttime="20221028 00:08:11.326" endtime="20221028 00:08:11.362"/>
</kw>
<kw name="Input Text" library="SeleniumLibrary">
<arg>name:ingredientes</arg>
<arg>Harina\nHuevos\nZapallo</arg>
<doc>Types the given ``text`` into the text field identified by ``locator``.</doc>
<msg timestamp="20221028 00:08:11.363" level="INFO">Typing text 'Harina
Huevos
Zapallo' into text field 'name:ingredientes'.</msg>
<status status="PASS" starttime="20221028 00:08:11.362" endtime="20221028 00:08:11.401"/>
</kw>
<kw name="Input Text" library="SeleniumLibrary">
<arg>name:pasos</arg>
<arg>Paso1\nPaso2\nPaso3\n</arg>
<doc>Types the given ``text`` into the text field identified by ``locator``.</doc>
<msg timestamp="20221028 00:08:11.401" level="INFO">Typing text 'Paso1
Paso2
Paso3
' into text field 'name:pasos'.</msg>
<status status="PASS" starttime="20221028 00:08:11.401" endtime="20221028 00:08:11.440"/>
</kw>
<kw name="Input Text" library="SeleniumLibrary">
<arg>name:autor</arg>
<arg>ABCDEFGHIJKLMNOPQRSTUVWXYZABCD1234</arg>
<doc>Types the given ``text`` into the text field identified by ``locator``.</doc>
<msg timestamp="20221028 00:08:11.440" level="INFO">Typing text 'ABCDEFGHIJKLMNOPQRSTUVWXYZABCD1234' into text field 'name:autor'.</msg>
<status status="PASS" starttime="20221028 00:08:11.440" endtime="20221028 00:08:11.490"/>
</kw>
<kw name="Choose File" library="SeleniumLibrary">
<arg>name:imagenReceta</arg>
<arg>D:\\Max\\Universidad\\.GitHub (Repositories)\\Pruebas-de-Software---Presentaciones-Django-RobotFramework-\\recetario/sopaipilla.jpg</arg>
<doc>Inputs the ``file_path`` into the file input field ``locator``.</doc>
<msg timestamp="20221028 00:08:11.491" level="INFO">Sending D:\Max\Universidad\.GitHub (Repositories)\Pruebas-de-Software---Presentaciones-Django-RobotFramework-\recetario\sopaipilla.jpg to browser.</msg>
<status status="PASS" starttime="20221028 00:08:11.490" endtime="20221028 00:08:11.506"/>
</kw>
<kw name="Wait Until Element Is Not Visible" library="SeleniumLibrary">
<arg>id:failed-alert</arg>
<doc>Waits until the element ``locator`` is not visible.</doc>
<status status="PASS" starttime="20221028 00:08:11.506" endtime="20221028 00:08:11.517"/>
</kw>
<kw name="Click Button" library="SeleniumLibrary">
<arg>Subir Receta</arg>
<doc>Clicks the button identified by ``locator``.</doc>
<msg timestamp="20221028 00:08:11.518" level="INFO">Clicking button 'Subir Receta'.</msg>
<status status="PASS" starttime="20221028 00:08:11.517" endtime="20221028 00:08:11.542"/>
</kw>
<kw name="Wait Until Element Is Visible" library="SeleniumLibrary">
<arg>id:success-alert</arg>
<doc>Waits until the element ``locator`` is visible.</doc>
<status status="PASS" starttime="20221028 00:08:11.542" endtime="20221028 00:08:11.761"/>
</kw>
<kw name="Wait Until Element Is Not Visible" library="SeleniumLibrary">
<arg>id:success-alert</arg>
<doc>Waits until the element ``locator`` is not visible.</doc>
<status status="PASS" starttime="20221028 00:08:11.761" endtime="20221028 00:08:14.291"/>
</kw>
<status status="PASS" starttime="20221028 00:08:11.326" endtime="20221028 00:08:14.291"/>
</iter>
<iter>
<var name="${i}">4</var>
<kw name="Input Text" library="SeleniumLibrary">
<arg>name:nombreReceta</arg>
<arg>Sopaipilla${i}</arg>
<doc>Types the given ``text`` into the text field identified by ``locator``.</doc>
<msg timestamp="20221028 00:08:14.292" level="INFO">Typing text 'Sopaipilla4' into text field 'name:nombreReceta'.</msg>
<status status="PASS" starttime="20221028 00:08:14.291" endtime="20221028 00:08:14.330"/>
</kw>
<kw name="Input Text" library="SeleniumLibrary">
<arg>name:ingredientes</arg>
<arg>Harina\nHuevos\nZapallo</arg>
<doc>Types the given ``text`` into the text field identified by ``locator``.</doc>
<msg timestamp="20221028 00:08:14.330" level="INFO">Typing text 'Harina
Huevos
Zapallo' into text field 'name:ingredientes'.</msg>
<status status="PASS" starttime="20221028 00:08:14.330" endtime="20221028 00:08:14.371"/>
</kw>
<kw name="Input Text" library="SeleniumLibrary">
<arg>name:pasos</arg>
<arg>Paso1\nPaso2\nPaso3\n</arg>
<doc>Types the given ``text`` into the text field identified by ``locator``.</doc>
<msg timestamp="20221028 00:08:14.371" level="INFO">Typing text 'Paso1
Paso2
Paso3
' into text field 'name:pasos'.</msg>
<status status="PASS" starttime="20221028 00:08:14.371" endtime="20221028 00:08:14.409"/>
</kw>
<kw name="Input Text" library="SeleniumLibrary">
<arg>name:autor</arg>
<arg>ABCDEFGHIJKLMNOPQRSTUVWXYZABCD1234</arg>
<doc>Types the given ``text`` into the text field identified by ``locator``.</doc>
<msg timestamp="20221028 00:08:14.409" level="INFO">Typing text 'ABCDEFGHIJKLMNOPQRSTUVWXYZABCD1234' into text field 'name:autor'.</msg>
<status status="PASS" starttime="20221028 00:08:14.409" endtime="20221028 00:08:14.461"/>
</kw>
<kw name="Choose File" library="SeleniumLibrary">
<arg>name:imagenReceta</arg>
<arg>D:\\Max\\Universidad\\.GitHub (Repositories)\\Pruebas-de-Software---Presentaciones-Django-RobotFramework-\\recetario/sopaipilla.jpg</arg>
<doc>Inputs the ``file_path`` into the file input field ``locator``.</doc>
<msg timestamp="20221028 00:08:14.461" level="INFO">Sending D:\Max\Universidad\.GitHub (Repositories)\Pruebas-de-Software---Presentaciones-Django-RobotFramework-\recetario\sopaipilla.jpg to browser.</msg>
<status status="PASS" starttime="20221028 00:08:14.461" endtime="20221028 00:08:14.476"/>
</kw>
<kw name="Wait Until Element Is Not Visible" library="SeleniumLibrary">
<arg>id:failed-alert</arg>
<doc>Waits until the element ``locator`` is not visible.</doc>
<status status="PASS" starttime="20221028 00:08:14.476" endtime="20221028 00:08:14.487"/>
</kw>
<kw name="Click Button" library="SeleniumLibrary">
<arg>Subir Receta</arg>
<doc>Clicks the button identified by ``locator``.</doc>
<msg timestamp="20221028 00:08:14.488" level="INFO">Clicking button 'Subir Receta'.</msg>
<status status="PASS" starttime="20221028 00:08:14.487" endtime="20221028 00:08:14.512"/>
</kw>
<kw name="Wait Until Element Is Visible" library="SeleniumLibrary">
<arg>id:success-alert</arg>
<doc>Waits until the element ``locator`` is visible.</doc>
<status status="PASS" starttime="20221028 00:08:14.512" endtime="20221028 00:08:14.733"/>
</kw>
<kw name="Wait Until Element Is Not Visible" library="SeleniumLibrary">
<arg>id:success-alert</arg>
<doc>Waits until the element ``locator`` is not visible.</doc>
<status status="PASS" starttime="20221028 00:08:14.733" endtime="20221028 00:08:17.262"/>
</kw>
<status status="PASS" starttime="20221028 00:08:14.291" endtime="20221028 00:08:17.262"/>
</iter>
<iter>
<var name="${i}">5</var>
<kw name="Input Text" library="SeleniumLibrary">
<arg>name:nombreReceta</arg>
<arg>Sopaipilla${i}</arg>
<doc>Types the given ``text`` into the text field identified by ``locator``.</doc>
<msg timestamp="20221028 00:08:17.262" level="INFO">Typing text 'Sopaipilla5' into text field 'name:nombreReceta'.</msg>
<status status="PASS" starttime="20221028 00:08:17.262" endtime="20221028 00:08:17.301"/>
</kw>
<kw name="Input Text" library="SeleniumLibrary">
<arg>name:ingredientes</arg>
<arg>Harina\nHuevos\nZapallo</arg>
<doc>Types the given ``text`` into the text field identified by ``locator``.</doc>
<msg timestamp="20221028 00:08:17.301" level="INFO">Typing text 'Harina
Huevos
Zapallo' into text field 'name:ingredientes'.</msg>
<status status="PASS" starttime="20221028 00:08:17.301" endtime="20221028 00:08:17.341"/>
</kw>
<kw name="Input Text" library="SeleniumLibrary">
<arg>name:pasos</arg>
<arg>Paso1\nPaso2\nPaso3\n</arg>
<doc>Types the given ``text`` into the text field identified by ``locator``.</doc>
<msg timestamp="20221028 00:08:17.341" level="INFO">Typing text 'Paso1
Paso2
Paso3
' into text field 'name:pasos'.</msg>
<status status="PASS" starttime="20221028 00:08:17.341" endtime="20221028 00:08:17.378"/>
</kw>
<kw name="Input Text" library="SeleniumLibrary">
<arg>name:autor</arg>
<arg>ABCDEFGHIJKLMNOPQRSTUVWXYZABCD1234</arg>
<doc>Types the given ``text`` into the text field identified by ``locator``.</doc>
<msg timestamp="20221028 00:08:17.379" level="INFO">Typing text 'ABCDEFGHIJKLMNOPQRSTUVWXYZABCD1234' into text field 'name:autor'.</msg>
<status status="PASS" starttime="20221028 00:08:17.378" endtime="20221028 00:08:17.427"/>
</kw>
<kw name="Choose File" library="SeleniumLibrary">
<arg>name:imagenReceta</arg>
<arg>D:\\Max\\Universidad\\.GitHub (Repositories)\\Pruebas-de-Software---Presentaciones-Django-RobotFramework-\\recetario/sopaipilla.jpg</arg>
<doc>Inputs the ``file_path`` into the file input field ``locator``.</doc>
<msg timestamp="20221028 00:08:17.427" level="INFO">Sending D:\Max\Universidad\.GitHub (Repositories)\Pruebas-de-Software---Presentaciones-Django-RobotFramework-\recetario\sopaipilla.jpg to browser.</msg>
<status status="PASS" starttime="20221028 00:08:17.427" endtime="20221028 00:08:17.442"/>
</kw>
<kw name="Wait Until Element Is Not Visible" library="SeleniumLibrary">
<arg>id:failed-alert</arg>
<doc>Waits until the element ``locator`` is not visible.</doc>
<status status="PASS" starttime="20221028 00:08:17.442" endtime="20221028 00:08:17.453"/>
</kw>
<kw name="Click Button" library="SeleniumLibrary">
<arg>Subir Receta</arg>
<doc>Clicks the button identified by ``locator``.</doc>
<msg timestamp="20221028 00:08:17.453" level="INFO">Clicking button 'Subir Receta'.</msg>
<status status="PASS" starttime="20221028 00:08:17.453" endtime="20221028 00:08:17.477"/>
</kw>
<kw name="Wait Until Element Is Visible" library="SeleniumLibrary">
<arg>id:success-alert</arg>
<doc>Waits until the element ``locator`` is visible.</doc>
<status status="PASS" starttime="20221028 00:08:17.477" endtime="20221028 00:08:17.698"/>
</kw>
<kw name="Wait Until Element Is Not Visible" library="SeleniumLibrary">
<arg>id:success-alert</arg>
<doc>Waits until the element ``locator`` is not visible.</doc>
<status status="PASS" starttime="20221028 00:08:17.698" endtime="20221028 00:08:20.219"/>
</kw>
<status status="PASS" starttime="20221028 00:08:17.262" endtime="20221028 00:08:20.219"/>
</iter>
<iter>
<var name="${i}">6</var>
<kw name="Input Text" library="SeleniumLibrary">
<arg>name:nombreReceta</arg>
<arg>Sopaipilla${i}</arg>
<doc>Types the given ``text`` into the text field identified by ``locator``.</doc>
<msg timestamp="20221028 00:08:20.220" level="INFO">Typing text 'Sopaipilla6' into text field 'name:nombreReceta'.</msg>
<status status="PASS" starttime="20221028 00:08:20.220" endtime="20221028 00:08:20.255"/>
</kw>
<kw name="Input Text" library="SeleniumLibrary">
<arg>name:ingredientes</arg>
<arg>Harina\nHuevos\nZapallo</arg>
<doc>Types the given ``text`` into the text field identified by ``locator``.</doc>
<msg timestamp="20221028 00:08:20.256" level="INFO">Typing text 'Harina
Huevos
Zapallo' into text field 'name:ingredientes'.</msg>
<status status="PASS" starttime="20221028 00:08:20.255" endtime="20221028 00:08:20.296"/>
</kw>
<kw name="Input Text" library="SeleniumLibrary">
<arg>name:pasos</arg>
<arg>Paso1\nPaso2\nPaso3\n</arg>
<doc>Types the given ``text`` into the text field identified by ``locator``.</doc>
<msg timestamp="20221028 00:08:20.297" level="INFO">Typing text 'Paso1
Paso2
Paso3
' into text field 'name:pasos'.</msg>
<status status="PASS" starttime="20221028 00:08:20.296" endtime="20221028 00:08:20.337"/>
</kw>
<kw name="Input Text" library="SeleniumLibrary">
<arg>name:autor</arg>
<arg>ABCDEFGHIJKLMNOPQRSTUVWXYZABCD1234</arg>
<doc>Types the given ``text`` into the text field identified by ``locator``.</doc>
<msg timestamp="20221028 00:08:20.338" level="INFO">Typing text 'ABCDEFGHIJKLMNOPQRSTUVWXYZABCD1234' into text field 'name:autor'.</msg>
<status status="PASS" starttime="20221028 00:08:20.337" endtime="20221028 00:08:20.391"/>
</kw>
<kw name="Choose File" library="SeleniumLibrary">
<arg>name:imagenReceta</arg>
<arg>D:\\Max\\Universidad\\.GitHub (Repositories)\\Pruebas-de-Software---Presentaciones-Django-RobotFramework-\\recetario/sopaipilla.jpg</arg>
<doc>Inputs the ``file_path`` into the file input field ``locator``.</doc>
<msg timestamp="20221028 00:08:20.392" level="INFO">Sending D:\Max\Universidad\.GitHub (Repositories)\Pruebas-de-Software---Presentaciones-Django-RobotFramework-\recetario\sopaipilla.jpg to browser.</msg>
<status status="PASS" starttime="20221028 00:08:20.391" endtime="20221028 00:08:20.408"/>
</kw>
<kw name="Wait Until Element Is Not Visible" library="SeleniumLibrary">
<arg>id:failed-alert</arg>
<doc>Waits until the element ``locator`` is not visible.</doc>
<status status="PASS" starttime="20221028 00:08:20.408" endtime="20221028 00:08:20.418"/>
</kw>
<kw name="Click Button" library="SeleniumLibrary">
<arg>Subir Receta</arg>
<doc>Clicks the button identified by ``locator``.</doc>
<msg timestamp="20221028 00:08:20.419" level="INFO">Clicking button 'Subir Receta'.</msg>
<status status="PASS" starttime="20221028 00:08:20.418" endtime="20221028 00:08:20.442"/>
</kw>
<kw name="Wait Until Element Is Visible" library="SeleniumLibrary">
<arg>id:success-alert</arg>
<doc>Waits until the element ``locator`` is visible.</doc>
<status status="PASS" starttime="20221028 00:08:20.442" endtime="20221028 00:08:20.663"/>
</kw>
<kw name="Wait Until Element Is Not Visible" library="SeleniumLibrary">
<arg>id:success-alert</arg>
<doc>Waits until the element ``locator`` is not visible.</doc>
<status status="PASS" starttime="20221028 00:08:20.663" endtime="20221028 00:08:23.190"/>
</kw>
<status status="PASS" starttime="20221028 00:08:20.219" endtime="20221028 00:08:23.190"/>
</iter>
<iter>
<var name="${i}">7</var>
<kw name="Input Text" library="SeleniumLibrary">
<arg>name:nombreReceta</arg>
<arg>Sopaipilla${i}</arg>
<doc>Types the given ``text`` into the text field identified by ``locator``.</doc>
<msg timestamp="20221028 00:08:23.190" level="INFO">Typing text 'Sopaipilla7' into text field 'name:nombreReceta'.</msg>
<status status="PASS" starttime="20221028 00:08:23.190" endtime="20221028 00:08:23.226"/>
</kw>
<kw name="Input Text" library="SeleniumLibrary">
<arg>name:ingredientes</arg>
<arg>Harina\nHuevos\nZapallo</arg>
<doc>Types the given ``text`` into the text field identified by ``locator``.</doc>
<msg timestamp="20221028 00:08:23.226" level="INFO">Typing text 'Harina
Huevos
Zapallo' into text field 'name:ingredientes'.</msg>
<status status="PASS" starttime="20221028 00:08:23.226" endtime="20221028 00:08:23.265"/>
</kw>
<kw name="Input Text" library="SeleniumLibrary">
<arg>name:pasos</arg>
<arg>Paso1\nPaso2\nPaso3\n</arg>
<doc>Types the given ``text`` into the text field identified by ``locator``.</doc>
<msg timestamp="20221028 00:08:23.266" level="INFO">Typing text 'Paso1
Paso2
Paso3
' into text field 'name:pasos'.</msg>
<status status="PASS" starttime="20221028 00:08:23.265" endtime="20221028 00:08:23.309"/>
</kw>
<kw name="Input Text" library="SeleniumLibrary">
<arg>name:autor</arg>
<arg>ABCDEFGHIJKLMNOPQRSTUVWXYZABCD1234</arg>
<doc>Types the given ``text`` into the text field identified by ``locator``.</doc>
<msg timestamp="20221028 00:08:23.310" level="INFO">Typing text 'ABCDEFGHIJKLMNOPQRSTUVWXYZABCD1234' into text field 'name:autor'.</msg>
<status status="PASS" starttime="20221028 00:08:23.309" endtime="20221028 00:08:23.357"/>
</kw>
<kw name="Choose File" library="SeleniumLibrary">
<arg>name:imagenReceta</arg>
<arg>D:\\Max\\Universidad\\.GitHub (Repositories)\\Pruebas-de-Software---Presentaciones-Django-RobotFramework-\\recetario/sopaipilla.jpg</arg>
<doc>Inputs the ``file_path`` into the file input field ``locator``.</doc>
<msg timestamp="20221028 00:08:23.358" level="INFO">Sending D:\Max\Universidad\.GitHub (Repositories)\Pruebas-de-Software---Presentaciones-Django-RobotFramework-\recetario\sopaipilla.jpg to browser.</msg>
<status status="PASS" starttime="20221028 00:08:23.357" endtime="20221028 00:08:23.372"/>
</kw>
<kw name="Wait Until Element Is Not Visible" library="SeleniumLibrary">
<arg>id:failed-alert</arg>
<doc>Waits until the element ``locator`` is not visible.</doc>
<status status="PASS" starttime="20221028 00:08:23.372" endtime="20221028 00:08:23.383"/>
</kw>
<kw name="Click Button" library="SeleniumLibrary">
<arg>Subir Receta</arg>
<doc>Clicks the button identified by ``locator``.</doc>
<msg timestamp="20221028 00:08:23.383" level="INFO">Clicking button 'Subir Receta'.</msg>
<status status="PASS" starttime="20221028 00:08:23.383" endtime="20221028 00:08:23.409"/>
</kw>
<kw name="Wait Until Element Is Visible" library="SeleniumLibrary">
<arg>id:success-alert</arg>
<doc>Waits until the element ``locator`` is visible.</doc>
<status status="PASS" starttime="20221028 00:08:23.409" endtime="20221028 00:08:23.631"/>
</kw>
<kw name="Wait Until Element Is Not Visible" library="SeleniumLibrary">
<arg>id:success-alert</arg>
<doc>Waits until the element ``locator`` is not visible.</doc>
<status status="PASS" starttime="20221028 00:08:23.631" endtime="20221028 00:08:26.154"/>
</kw>
<status status="PASS" starttime="20221028 00:08:23.190" endtime="20221028 00:08:26.154"/>
</iter>
<iter>
<var name="${i}">8</var>
<kw name="Input Text" library="SeleniumLibrary">
<arg>name:nombreReceta</arg>
<arg>Sopaipilla${i}</arg>
<doc>Types the given ``text`` into the text field identified by ``locator``.</doc>
<msg timestamp="20221028 00:08:26.155" level="INFO">Typing text 'Sopaipilla8' into text field 'name:nombreReceta'.</msg>
<status status="PASS" starttime="20221028 00:08:26.154" endtime="20221028 00:08:26.190"/>
</kw>
<kw name="Input Text" library="SeleniumLibrary">
<arg>name:ingredientes</arg>
<arg>Harina\nHuevos\nZapallo</arg>
<doc>Types the given ``text`` into the text field identified by ``locator``.</doc>
<msg timestamp="20221028 00:08:26.190" level="INFO">Typing text 'Harina
Huevos
Zapallo' into text field 'name:ingredientes'.</msg>
<status status="PASS" starttime="20221028 00:08:26.190" endtime="20221028 00:08:26.229"/>
</kw>
<kw name="Input Text" library="SeleniumLibrary">
<arg>name:pasos</arg>
<arg>Paso1\nPaso2\nPaso3\n</arg>
<doc>Types the given ``text`` into the text field identified by ``locator``.</doc>
<msg timestamp="20221028 00:08:26.229" level="INFO">Typing text 'Paso1
Paso2
Paso3
' into text field 'name:pasos'.</msg>
<status status="PASS" starttime="20221028 00:08:26.229" endtime="20221028 00:08:26.266"/>
</kw>
<kw name="Input Text" library="SeleniumLibrary">
<arg>name:autor</arg>
<arg>ABCDEFGHIJKLMNOPQRSTUVWXYZABCD1234</arg>
<doc>Types the given ``text`` into the text field identified by ``locator``.</doc>
<msg timestamp="20221028 00:08:26.266" level="INFO">Typing text 'ABCDEFGHIJKLMNOPQRSTUVWXYZABCD1234' into text field 'name:autor'.</msg>
<status status="PASS" starttime="20221028 00:08:26.266" endtime="20221028 00:08:26.314"/>
</kw>
<kw name="Choose File" library="SeleniumLibrary">
<arg>name:imagenReceta</arg>
<arg>D:\\Max\\Universidad\\.GitHub (Repositories)\\Pruebas-de-Software---Presentaciones-Django-RobotFramework-\\recetario/sopaipilla.jpg</arg>
<doc>Inputs the ``file_path`` into the file input field ``locator``.</doc>
<msg timestamp="20221028 00:08:26.314" level="INFO">Sending D:\Max\Universidad\.GitHub (Repositories)\Pruebas-de-Software---Presentaciones-Django-RobotFramework-\recetario\sopaipilla.jpg to browser.</msg>
<status status="PASS" starttime="20221028 00:08:26.314" endtime="20221028 00:08:26.329"/>
</kw>
<kw name="Wait Until Element Is Not Visible" library="SeleniumLibrary">
<arg>id:failed-alert</arg>
<doc>Waits until the element ``locator`` is not visible.</doc>
<status status="PASS" starttime="20221028 00:08:26.329" endtime="20221028 00:08:26.339"/>
</kw>
<kw name="Click Button" library="SeleniumLibrary">
<arg>Subir Receta</arg>
<doc>Clicks the button identified by ``locator``.</doc>
<msg timestamp="20221028 00:08:26.340" level="INFO">Clicking button 'Subir Receta'.</msg>
<status status="PASS" starttime="20221028 00:08:26.339" endtime="20221028 00:08:26.363"/>
</kw>
<kw name="Wait Until Element Is Visible" library="SeleniumLibrary">
<arg>id:success-alert</arg>
<doc>Waits until the element ``locator`` is visible.</doc>
<status status="PASS" starttime="20221028 00:08:26.363" endtime="20221028 00:08:26.584"/>
</kw>
<kw name="Wait Until Element Is Not Visible" library="SeleniumLibrary">
<arg>id:success-alert</arg>
<doc>Waits until the element ``locator`` is not visible.</doc>
<status status="PASS" starttime="20221028 00:08:26.584" endtime="20221028 00:08:29.110"/>
</kw>
<status status="PASS" starttime="20221028 00:08:26.154" endtime="20221028 00:08:29.110"/>
</iter>
<iter>
<var name="${i}">9</var>
<kw name="Input Text" library="SeleniumLibrary">
<arg>name:nombreReceta</arg>
<arg>Sopaipilla${i}</arg>
<doc>Types the given ``text`` into the text field identified by ``locator``.</doc>
<msg timestamp="20221028 00:08:29.110" level="INFO">Typing text 'Sopaipilla9' into text field 'name:nombreReceta'.</msg>
<status status="PASS" starttime="20221028 00:08:29.110" endtime="20221028 00:08:29.146"/>
</kw>
<kw name="Input Text" library="SeleniumLibrary">
<arg>name:ingredientes</arg>
<arg>Harina\nHuevos\nZapallo</arg>
<doc>Types the given ``text`` into the text field identified by ``locator``.</doc>
<msg timestamp="20221028 00:08:29.146" level="INFO">Typing text 'Harina
Huevos
Zapallo' into text field 'name:ingredientes'.</msg>
<status status="PASS" starttime="20221028 00:08:29.146" endtime="20221028 00:08:29.186"/>
</kw>
<kw name="Input Text" library="SeleniumLibrary">
<arg>name:pasos</arg>
<arg>Paso1\nPaso2\nPaso3\n</arg>
<doc>Types the given ``text`` into the text field identified by ``locator``.</doc>
<msg timestamp="20221028 00:08:29.187" level="INFO">Typing text 'Paso1
Paso2
Paso3
' into text field 'name:pasos'.</msg>
<status status="PASS" starttime="20221028 00:08:29.186" endtime="20221028 00:08:29.225"/>
</kw>
<kw name="Input Text" library="SeleniumLibrary">
<arg>name:autor</arg>
<arg>ABCDEFGHIJKLMNOPQRSTUVWXYZABCD1234</arg>
<doc>Types the given ``text`` into the text field identified by ``locator``.</doc>
<msg timestamp="20221028 00:08:29.227" level="INFO">Typing text 'ABCDEFGHIJKLMNOPQRSTUVWXYZABCD1234' into text field 'name:autor'.</msg>
<status status="PASS" starttime="20221028 00:08:29.227" endtime="20221028 00:08:29.280"/>
</kw>
<kw name="Choose File" library="SeleniumLibrary">
<arg>name:imagenReceta</arg>
<arg>D:\\Max\\Universidad\\.GitHub (Repositories)\\Pruebas-de-Software---Presentaciones-Django-RobotFramework-\\recetario/sopaipilla.jpg</arg>
<doc>Inputs the ``file_path`` into the file input field ``locator``.</doc>
<msg timestamp="20221028 00:08:29.280" level="INFO">Sending D:\Max\Universidad\.GitHub (Repositories)\Pruebas-de-Software---Presentaciones-Django-RobotFramework-\recetario\sopaipilla.jpg to browser.</msg>
<status status="PASS" starttime="20221028 00:08:29.280" endtime="20221028 00:08:29.298"/>
</kw>
<kw name="Wait Until Element Is Not Visible" library="SeleniumLibrary">
<arg>id:failed-alert</arg>
<doc>Waits until the element ``locator`` is not visible.</doc>
<status status="PASS" starttime="20221028 00:08:29.298" endtime="20221028 00:08:29.309"/>
</kw>
<kw name="Click Button" library="SeleniumLibrary">
<arg>Subir Receta</arg>
<doc>Clicks the button identified by ``locator``.</doc>
<msg timestamp="20221028 00:08:29.309" level="INFO">Clicking button 'Subir Receta'.</msg>
<status status="PASS" starttime="20221028 00:08:29.309" endtime="20221028 00:08:29.336"/>
</kw>
<kw name="Wait Until Element Is Visible" library="SeleniumLibrary">
<arg>id:success-alert</arg>
<doc>Waits until the element ``locator`` is visible.</doc>
<status status="PASS" starttime="20221028 00:08:29.336" endtime="20221028 00:08:29.556"/>
</kw>
<kw name="Wait Until Element Is Not Visible" library="SeleniumLibrary">
<arg>id:success-alert</arg>
<doc>Waits until the element ``locator`` is not visible.</doc>
<status status="PASS" starttime="20221028 00:08:29.556" endtime="20221028 00:08:32.080"/>
</kw>
<status status="PASS" starttime="20221028 00:08:29.110" endtime="20221028 00:08:32.080"/>
</iter>
<iter>
<var name="${i}">10</var>
<kw name="Input Text" library="SeleniumLibrary">
<arg>name:nombreReceta</arg>
<arg>Sopaipilla${i}</arg>
<doc>Types the given ``text`` into the text field identified by ``locator``.</doc>
<msg timestamp="20221028 00:08:32.081" level="INFO">Typing text 'Sopaipilla10' into text field 'name:nombreReceta'.</msg>
<status status="PASS" starttime="20221028 00:08:32.080" endtime="20221028 00:08:32.119"/>
</kw>
<kw name="Input Text" library="SeleniumLibrary">
<arg>name:ingredientes</arg>
<arg>Harina\nHuevos\nZapallo</arg>
<doc>Types the given ``text`` into the text field identified by ``locator``.</doc>
<msg timestamp="20221028 00:08:32.120" level="INFO">Typing text 'Harina
Huevos
Zapallo' into text field 'name:ingredientes'.</msg>
<status status="PASS" starttime="20221028 00:08:32.119" endtime="20221028 00:08:32.162"/>
</kw>
<kw name="Input Text" library="SeleniumLibrary">
<arg>name:pasos</arg>
<arg>Paso1\nPaso2\nPaso3\n</arg>
<doc>Types the given ``text`` into the text field identified by ``locator``.</doc>
<msg timestamp="20221028 00:08:32.163" level="INFO">Typing text 'Paso1
Paso2
Paso3
' into text field 'name:pasos'.</msg>
<status status="PASS" starttime="20221028 00:08:32.162" endtime="20221028 00:08:32.200"/>
</kw>
<kw name="Input Text" library="SeleniumLibrary">
<arg>name:autor</arg>
<arg>ABCDEFGHIJKLMNOPQRSTUVWXYZABCD1234</arg>
<doc>Types the given ``text`` into the text field identified by ``locator``.</doc>
<msg timestamp="20221028 00:08:32.201" level="INFO">Typing text 'ABCDEFGHIJKLMNOPQRSTUVWXYZABCD1234' into text field 'name:autor'.</msg>
<status status="PASS" starttime="20221028 00:08:32.200" endtime="20221028 00:08:32.247"/>
</kw>
<kw name="Choose File" library="SeleniumLibrary">
<arg>name:imagenReceta</arg>
<arg>D:\\Max\\Universidad\\.GitHub (Repositories)\\Pruebas-de-Software---Presentaciones-Django-RobotFramework-\\recetario/sopaipilla.jpg</arg>
<doc>Inputs the ``file_path`` into the file input field ``locator``.</doc>
<msg timestamp="20221028 00:08:32.247" level="INFO">Sending D:\Max\Universidad\.GitHub (Repositories)\Pruebas-de-Software---Presentaciones-Django-RobotFramework-\recetario\sopaipilla.jpg to browser.</msg>
<status status="PASS" starttime="20221028 00:08:32.247" endtime="20221028 00:08:32.262"/>
</kw>
<kw name="Wait Until Element Is Not Visible" library="SeleniumLibrary">
<arg>id:failed-alert</arg>
<doc>Waits until the element ``locator`` is not visible.</doc>
<status status="PASS" starttime="20221028 00:08:32.262" endtime="20221028 00:08:32.272"/>
</kw>
<kw name="Click Button" library="SeleniumLibrary">
<arg>Subir Receta</arg>
<doc>Clicks the button identified by ``locator``.</doc>
<msg timestamp="20221028 00:08:32.273" level="INFO">Clicking button 'Subir Receta'.</msg>
<status status="PASS" starttime="20221028 00:08:32.272" endtime="20221028 00:08:32.297"/>
</kw>
<kw name="Wait Until Element Is Visible" library="SeleniumLibrary">
<arg>id:success-alert</arg>
<doc>Waits until the element ``locator`` is visible.</doc>
<status status="PASS" starttime="20221028 00:08:32.297" endtime="20221028 00:08:32.518"/>
</kw>
<kw name="Wait Until Element Is Not Visible" library="SeleniumLibrary">
<arg>id:success-alert</arg>
<doc>Waits until the element ``locator`` is not visible.</doc>
<status status="PASS" starttime="20221028 00:08:32.519" endtime="20221028 00:08:35.041"/>
</kw>
<status status="PASS" starttime="20221028 00:08:32.080" endtime="20221028 00:08:35.041"/>
</iter>
<iter>
<var name="${i}">11</var>
<kw name="Input Text" library="SeleniumLibrary">
<arg>name:nombreReceta</arg>
[...]
<msg timestamp="20221028 00:08:38.125" level="INFO">Current page contains text 'Sopaipilla2'.</msg>
<status status="PASS" starttime="20221028 00:08:38.115" endtime="20221028 00:08:38.125"/>
</kw>
<kw name="Page Should Contain" library="SeleniumLibrary">
<arg>Sopaipilla3</arg>
<doc>Verifies that current page contains ``text``.</doc>
<msg timestamp="20221028 00:08:38.134" level="INFO">Current page contains text 'Sopaipilla3'.</msg>
<status status="PASS" starttime="20221028 00:08:38.125" endtime="20221028 00:08:38.134"/>
</kw>
<kw name="Page Should Contain" library="SeleniumLibrary">
<arg>Sopaipilla4</arg>
<doc>Verifies that current page contains ``text``.</doc>
<msg timestamp="20221028 00:08:38.143" level="INFO">Current page contains text 'Sopaipilla4'.</msg>
<status status="PASS" starttime="20221028 00:08:38.134" endtime="20221028 00:08:38.143"/>
</kw>
<kw name="Page Should Contain" library="SeleniumLibrary">
<arg>Sopaipilla5</arg>
<doc>Verifies that current page contains ``text``.</doc>
<msg timestamp="20221028 00:08:38.151" level="INFO">Current page contains text 'Sopaipilla5'.</msg>
<status status="PASS" starttime="20221028 00:08:38.143" endtime="20221028 00:08:38.151"/>
</kw>
<kw name="Page Should Contain" library="SeleniumLibrary">
<arg>Sopaipilla6</arg>
<doc>Verifies that current page contains ``text``.</doc>
<msg timestamp="20221028 00:08:38.160" level="INFO">Current page contains text 'Sopaipilla6'.</msg>
<status status="PASS" starttime="20221028 00:08:38.151" endtime="20221028 00:08:38.160"/>
</kw>
<kw name="Page Should Contain" library="SeleniumLibrary">
<arg>Sopaipilla7</arg>
<doc>Verifies that current page contains ``text``.</doc>
<msg timestamp="20221028 00:08:38.168" level="INFO">Current page contains text 'Sopaipilla7'.</msg>
<status status="PASS" starttime="20221028 00:08:38.160" endtime="20221028 00:08:38.168"/>
</kw>
<kw name="Page Should Contain" library="SeleniumLibrary">
<arg>Sopaipilla8</arg>
<doc>Verifies that current page contains ``text``.</doc>
<msg timestamp="20221028 00:08:38.176" level="INFO">Current page contains text 'Sopaipilla8'.</msg>
<status status="PASS" starttime="20221028 00:08:38.169" endtime="20221028 00:08:38.176"/>
</kw>
<kw name="Page Should Contain" library="SeleniumLibrary">
<arg>Sopaipilla9</arg>
<doc>Verifies that current page contains ``text``.</doc>
<msg timestamp="20221028 00:08:38.185" level="INFO">Current page contains text 'Sopaipilla9'.</msg>
<status status="PASS" starttime="20221028 00:08:38.177" endtime="20221028 00:08:38.185"/>
</kw>
<kw name="Page Should Contain" library="SeleniumLibrary">
<arg>Sopaipilla10</arg>
<doc>Verifies that current page contains ``text``.</doc>
<msg timestamp="20221028 00:08:38.194" level="INFO">Current page contains text 'Sopaipilla10'.</msg>
<status status="PASS" starttime="20221028 00:08:38.186" endtime="20221028 00:08:38.194"/>
</kw>
<kw name="Page Should Contain" library="SeleniumLibrary">
<arg>Sopaipilla11</arg>
<doc>Verifies that current page contains ``text``.</doc>
<msg timestamp="20221028 00:08:38.202" level="INFO">Current page contains text 'Sopaipilla11'.</msg>
<status status="PASS" starttime="20221028 00:08:38.194" endtime="20221028 00:08:38.203"/>
</kw>
<for flavor="IN RANGE">
<var>${b}</var>
<value>1</value>
<value>12</value>
<iter>
<var name="${b}">1</var>
<kw name="Click Link" library="SeleniumLibrary">
<arg>name:verReceta</arg>
<doc>Clicks a link identified by ``locator``.</doc>
<msg timestamp="20221028 00:08:38.203" level="INFO">Clicking link 'name:verReceta'.</msg>
<status status="PASS" starttime="20221028 00:08:38.203" endtime="20221028 00:08:38.305"/>
</kw>
<kw name="Page Should Contain" library="SeleniumLibrary">
<arg>Preparacion:</arg>
<doc>Verifies that current page contains ``text``.</doc>
<msg timestamp="20221028 00:08:38.318" level="INFO">Current page contains text 'Preparacion:'.</msg>
<status status="PASS" starttime="20221028 00:08:38.305" endtime="20221028 00:08:38.318"/>
</kw>
<kw name="Click Button" library="SeleniumLibrary">
<arg>id:eliminarReceta</arg>
<doc>Clicks the button identified by ``locator``.</doc>
<msg timestamp="20221028 00:08:38.319" level="INFO">Clicking button 'id:eliminarReceta'.</msg>
<status status="PASS" starttime="20221028 00:08:38.319" endtime="20221028 00:08:38.504"/>
</kw>
<kw name="Page Should Contain" library="SeleniumLibrary">
<arg>Ver recetas</arg>
<doc>Verifies that current page contains ``text``.</doc>
<msg timestamp="20221028 00:08:38.514" level="INFO">Current page contains text 'Ver recetas'.</msg>
<status status="PASS" starttime="20221028 00:08:38.504" endtime="20221028 00:08:38.514"/>
</kw>
<status status="PASS" starttime="20221028 00:08:38.203" endtime="20221028 00:08:38.514"/>
</iter>
<iter>
<var name="${b}">2</var>
<kw name="Click Link" library="SeleniumLibrary">
<arg>name:verReceta</arg>
<doc>Clicks a link identified by ``locator``.</doc>
<msg timestamp="20221028 00:08:38.514" level="INFO">Clicking link 'name:verReceta'.</msg>
<status status="PASS" starttime="20221028 00:08:38.514" endtime="20221028 00:08:38.618"/>
</kw>
<kw name="Page Should Contain" library="SeleniumLibrary">
<arg>Preparacion:</arg>
<doc>Verifies that current page contains ``text``.</doc>
<msg timestamp="20221028 00:08:38.625" level="INFO">Current page contains text 'Preparacion:'.</msg>
<status status="PASS" starttime="20221028 00:08:38.618" endtime="20221028 00:08:38.625"/>
</kw>
<kw name="Click Button" library="SeleniumLibrary">
<arg>id:eliminarReceta</arg>
<doc>Clicks the button identified by ``locator``.</doc>
<msg timestamp="20221028 00:08:38.625" level="INFO">Clicking button 'id:eliminarReceta'.</msg>
<status status="PASS" starttime="20221028 00:08:38.625" endtime="20221028 00:08:38.781"/>
</kw>
<kw name="Page Should Contain" library="SeleniumLibrary">
<arg>Ver recetas</arg>
<doc>Verifies that current page contains ``text``.</doc>
<msg timestamp="20221028 00:08:38.791" level="INFO">Current page contains text 'Ver recetas'.</msg>
<status status="PASS" starttime="20221028 00:08:38.781" endtime="20221028 00:08:38.792"/>
</kw>
<status status="PASS" starttime="20221028 00:08:38.514" endtime="20221028 00:08:38.792"/>
</iter>
<iter>
<var name="${b}">3</var>
<kw name="Click Link" library="SeleniumLibrary">
<arg>name:verReceta</arg>
<doc>Clicks a link identified by ``locator``.</doc>
<msg timestamp="20221028 00:08:38.792" level="INFO">Clicking link 'name:verReceta'.</msg>
<status status="PASS" starttime="20221028 00:08:38.792" endtime="20221028 00:08:38.890"/>
</kw>
<kw name="Page Should Contain" library="SeleniumLibrary">
<arg>Preparacion:</arg>
<doc>Verifies that current page contains ``text``.</doc>
<msg timestamp="20221028 00:08:38.905" level="INFO">Current page contains text 'Preparacion:'.</msg>
<status status="PASS" starttime="20221028 00:08:38.890" endtime="20221028 00:08:38.905"/>
</kw>
<kw name="Click Button" library="SeleniumLibrary">
<arg>id:eliminarReceta</arg>
<doc>Clicks the button identified by ``locator``.</doc>
<msg timestamp="20221028 00:08:38.906" level="INFO">Clicking button 'id:eliminarReceta'.</msg>
<status status="PASS" starttime="20221028 00:08:38.906" endtime="20221028 00:08:39.079"/>
</kw>
<kw name="Page Should Contain" library="SeleniumLibrary">
<arg>Ver recetas</arg>
<doc>Verifies that current page contains ``text``.</doc>
<msg timestamp="20221028 00:08:39.088" level="INFO">Current page contains text 'Ver recetas'.</msg>
<status status="PASS" starttime="20221028 00:08:39.079" endtime="20221028 00:08:39.089"/>
</kw>
<status status="PASS" starttime="20221028 00:08:38.792" endtime="20221028 00:08:39.089"/>
</iter>
<iter>
<var name="${b}">4</var>
<kw name="Click Link" library="SeleniumLibrary">
<arg>name:verReceta</arg>
<doc>Clicks a link identified by ``locator``.</doc>
<msg timestamp="20221028 00:08:39.089" level="INFO">Clicking link 'name:verReceta'.</msg>
<status status="PASS" starttime="20221028 00:08:39.089" endtime="20221028 00:08:39.181"/>
</kw>
<kw name="Page Should Contain" library="SeleniumLibrary">
<arg>Preparacion:</arg>
<doc>Verifies that current page contains ``text``.</doc>
<msg timestamp="20221028 00:08:39.188" level="INFO">Current page contains text 'Preparacion:'.</msg>
<status status="PASS" starttime="20221028 00:08:39.181" endtime="20221028 00:08:39.188"/>
</kw>
<kw name="Click Button" library="SeleniumLibrary">
<arg>id:eliminarReceta</arg>
<doc>Clicks the button identified by ``locator``.</doc>
<msg timestamp="20221028 00:08:39.189" level="INFO">Clicking button 'id:eliminarReceta'.</msg>
<status status="PASS" starttime="20221028 00:08:39.188" endtime="20221028 00:08:39.346"/>
</kw>
<kw name="Page Should Contain" library="SeleniumLibrary">
<arg>Ver recetas</arg>
<doc>Verifies that current page contains ``text``.</doc>
<msg timestamp="20221028 00:08:39.355" level="INFO">Current page contains text 'Ver recetas'.</msg>
<status status="PASS" starttime="20221028 00:08:39.347" endtime="20221028 00:08:39.355"/>
</kw>
<status status="PASS" starttime="20221028 00:08:39.089" endtime="20221028 00:08:39.355"/>
</iter>
<iter>
<var name="${b}">5</var>
<kw name="Click Link" library="SeleniumLibrary">
<arg>name:verReceta</arg>
<doc>Clicks a link identified by ``locator``.</doc>
<msg timestamp="20221028 00:08:39.356" level="INFO">Clicking link 'name:verReceta'.</msg>
<status status="PASS" starttime="20221028 00:08:39.355" endtime="20221028 00:08:39.444"/>
</kw>
<kw name="Page Should Contain" library="SeleniumLibrary">
<arg>Preparacion:</arg>
<doc>Verifies that current page contains ``text``.</doc>
<msg timestamp="20221028 00:08:39.454" level="INFO">Current page contains text 'Preparacion:'.</msg>
<status status="PASS" starttime="20221028 00:08:39.445" endtime="20221028 00:08:39.454"/>
</kw>
<kw name="Click Button" library="SeleniumLibrary">
<arg>id:eliminarReceta</arg>
<doc>Clicks the button identified by ``locator``.</doc>
<msg timestamp="20221028 00:08:39.455" level="INFO">Clicking button 'id:eliminarReceta'.</msg>
<status status="PASS" starttime="20221028 00:08:39.455" endtime="20221028 00:08:39.611"/>
</kw>
<kw name="Page Should Contain" library="SeleniumLibrary">
<arg>Ver recetas</arg>
<doc>Verifies that current page contains ``text``.</doc>
<msg timestamp="20221028 00:08:39.619" level="INFO">Current page contains text 'Ver recetas'.</msg>
<status status="PASS" starttime="20221028 00:08:39.611" endtime="20221028 00:08:39.619"/>
</kw>
<status status="PASS" starttime="20221028 00:08:39.355" endtime="20221028 00:08:39.619"/>
</iter>
<iter>
<var name="${b}">6</var>
<kw name="Click Link" library="SeleniumLibrary">
<arg>name:verReceta</arg>
<doc>Clicks a link identified by ``locator``.</doc>
<msg timestamp="20221028 00:08:39.620" level="INFO">Clicking link 'name:verReceta'.</msg>
<status status="PASS" starttime="20221028 00:08:39.619" endtime="20221028 00:08:39.742"/>
</kw>
<kw name="Page Should Contain" library="SeleniumLibrary">
<arg>Preparacion:</arg>
<doc>Verifies that current page contains ``text``.</doc>
<msg timestamp="20221028 00:08:39.750" level="INFO">Current page contains text 'Preparacion:'.</msg>
<status status="PASS" starttime="20221028 00:08:39.742" endtime="20221028 00:08:39.750"/>
</kw>
<kw name="Click Button" library="SeleniumLibrary">
<arg>id:eliminarReceta</arg>
<doc>Clicks the button identified by ``locator``.</doc>
<msg timestamp="20221028 00:08:39.751" level="INFO">Clicking button 'id:eliminarReceta'.</msg>
<status status="PASS" starttime="20221028 00:08:39.750" endtime="20221028 00:08:39.910"/>
</kw>
<kw name="Page Should Contain" library="SeleniumLibrary">
<arg>Ver recetas</arg>
<doc>Verifies that current page contains ``text``.</doc>
<msg timestamp="20221028 00:08:39.920" level="INFO">Current page contains text 'Ver recetas'.</msg>
<status status="PASS" starttime="20221028 00:08:39.911" endtime="20221028 00:08:39.920"/>
</kw>
<status status="PASS" starttime="20221028 00:08:39.619" endtime="20221028 00:08:39.920"/>
</iter>
<iter>
<var name="${b}">7</var>
<kw name="Click Link" library="SeleniumLibrary">
<arg>name:verReceta</arg>
<doc>Clicks a link identified by ``locator``.</doc>
<msg timestamp="20221028 00:08:39.920" level="INFO">Clicking link 'name:verReceta'.</msg>
<status status="PASS" starttime="20221028 00:08:39.920" endtime="20221028 00:08:40.025"/>
</kw>
<kw name="Page Should Contain" library="SeleniumLibrary">
<arg>Preparacion:</arg>
<doc>Verifies that current page contains ``text``.</doc>
<msg timestamp="20221028 00:08:40.035" level="INFO">Current page contains text 'Preparacion:'.</msg>
<status status="PASS" starttime="20221028 00:08:40.025" endtime="20221028 00:08:40.035"/>
</kw>
<kw name="Click Button" library="SeleniumLibrary">
<arg>id:eliminarReceta</arg>
<doc>Clicks the button identified by ``locator``.</doc>
<msg timestamp="20221028 00:08:40.035" level="INFO">Clicking button 'id:eliminarReceta'.</msg>
<status status="PASS" starttime="20221028 00:08:40.035" endtime="20221028 00:08:40.189"/>
</kw>
<kw name="Page Should Contain" library="SeleniumLibrary">
<arg>Ver recetas</arg>
<doc>Verifies that current page contains ``text``.</doc>
<msg timestamp="20221028 00:08:40.198" level="INFO">Current page contains text 'Ver recetas'.</msg>
<status status="PASS" starttime="20221028 00:08:40.190" endtime="20221028 00:08:40.198"/>
</kw>
<status status="PASS" starttime="20221028 00:08:39.920" endtime="20221028 00:08:40.198"/>
</iter>
<iter>
<var name="${b}">8</var>
<kw name="Click Link" library="SeleniumLibrary">
<arg>name:verReceta</arg>
<doc>Clicks a link identified by ``locator``.</doc>
<msg timestamp="20221028 00:08:40.198" level="INFO">Clicking link 'name:verReceta'.</msg>
<status status="PASS" starttime="20221028 00:08:40.198" endtime="20221028 00:08:40.272"/>
</kw>
<kw name="Page Should Contain" library="SeleniumLibrary">
<arg>Preparacion:</arg>
<doc>Verifies that current page contains ``text``.</doc>
<msg timestamp="20221028 00:08:40.285" level="INFO">Current page contains text 'Preparacion:'.</msg>
<status status="PASS" starttime="20221028 00:08:40.272" endtime="20221028 00:08:40.285"/>
</kw>
<kw name="Click Button" library="SeleniumLibrary">
<arg>id:eliminarReceta</arg>
<doc>Clicks the button identified by ``locator``.</doc>
<msg timestamp="20221028 00:08:40.286" level="INFO">Clicking button 'id:eliminarReceta'.</msg>
<status status="PASS" starttime="20221028 00:08:40.285" endtime="20221028 00:08:40.424"/>
</kw>
<kw name="Page Should Contain" library="SeleniumLibrary">
<arg>Ver recetas</arg>
<doc>Verifies that current page contains ``text``.</doc>
<msg timestamp="20221028 00:08:40.432" level="INFO">Current page contains text 'Ver recetas'.</msg>
<status status="PASS" starttime="20221028 00:08:40.424" endtime="20221028 00:08:40.432"/>
</kw>
<status status="PASS" starttime="20221028 00:08:40.198" endtime="20221028 00:08:40.432"/>
</iter>
<iter>
<var name="${b}">9</var>
<kw name="Click Link" library="SeleniumLibrary">
<arg>name:verReceta</arg>
<doc>Clicks a link identified by ``locator``.</doc>
<msg timestamp="20221028 00:08:40.433" level="INFO">Clicking link 'name:verReceta'.</msg>
<status status="PASS" starttime="20221028 00:08:40.433" endtime="20221028 00:08:40.560"/>
</kw>
<kw name="Page Should Contain" library="SeleniumLibrary">
<arg>Preparacion:</arg>
<doc>Verifies that current page contains ``text``.</doc>
<msg timestamp="20221028 00:08:40.571" level="INFO">Current page contains text 'Preparacion:'.</msg>
<status status="PASS" starttime="20221028 00:08:40.560" endtime="20221028 00:08:40.571"/>
</kw>
<kw name="Click Button" library="SeleniumLibrary">
<arg>id:eliminarReceta</arg>
<doc>Clicks the button identified by ``locator``.</doc>
<msg timestamp="20221028 00:08:40.572" level="INFO">Clicking button 'id:eliminarReceta'.</msg>
<status status="PASS" starttime="20221028 00:08:40.571" endtime="20221028 00:08:40.740"/>
</kw>
<kw name="Page Should Contain" library="SeleniumLibrary">
<arg>Ver recetas</arg>
<doc>Verifies that current page contains ``text``.</doc>
<msg timestamp="20221028 00:08:40.746" level="INFO">Current page contains text 'Ver recetas'.</msg>
<status status="PASS" starttime="20221028 00:08:40.740" endtime="20221028 00:08:40.746"/>
</kw>
<status status="PASS" starttime="20221028 00:08:40.433" endtime="20221028 00:08:40.746"/>
</iter>
<iter>
<var name="${b}">10</var>
<kw name="Click Link" library="SeleniumLibrary">
<arg>name:verReceta</arg>
<doc>Clicks a link identified by ``locator``.</doc>
<msg timestamp="20221028 00:08:40.747" level="INFO">Clicking link 'name:verReceta'.</msg>
<status status="PASS" starttime="20221028 00:08:40.747" endtime="20221028 00:08:40.823"/>
</kw>
<kw name="Page Should Contain" library="SeleniumLibrary">
<arg>Preparacion:</arg>
<doc>Verifies that current page contains ``text``.</doc>
<msg timestamp="20221028 00:08:40.833" level="INFO">Current page contains text 'Preparacion:'.</msg>
<status status="PASS" starttime="20221028 00:08:40.823" endtime="20221028 00:08:40.833"/>
</kw>
<kw name="Click Button" library="SeleniumLibrary">
<arg>id:eliminarReceta</arg>
<doc>Clicks the button identified by ``locator``.</doc>
<msg timestamp="20221028 00:08:40.834" level="INFO">Clicking button 'id:eliminarReceta'.</msg>
<status status="PASS" starttime="20221028 00:08:40.833" endtime="20221028 00:08:40.982"/>
</kw>
<kw name="Page Should Contain" library="SeleniumLibrary">
<arg>Ver recetas</arg>
<doc>Verifies that current page contains ``text``.</doc>
<msg timestamp="20221028 00:08:40.991" level="INFO">Current page contains text 'Ver recetas'.</msg>
<status status="PASS" starttime="20221028 00:08:40.982" endtime="20221028 00:08:40.991"/>
</kw>
<status status="PASS" starttime="20221028 00:08:40.746" endtime="20221028 00:08:40.991"/>
</iter>
<iter>
<var name="${b}">11</var>
<kw name="Click Link" library="SeleniumLibrary">
<arg>name:verReceta</arg>
<doc>Clicks a link identified by ``locator``.</doc>
<msg timestamp="20221028 00:08:40.992" level="INFO">Clicking link 'name:verReceta'.</msg>
<status status="PASS" starttime="20221028 00:08:40.992" endtime="20221028 00:08:41.052"/>
</kw>
<kw name="Page Should Contain" library="SeleniumLibrary">
<arg>Preparacion:</arg>
<doc>Verifies that current page contains ``text``.</doc>
<msg timestamp="20221028 00:08:41.082" level="INFO">Current page contains text 'Preparacion:'.</msg>
<status status="PASS" starttime="20221028 00:08:41.053" endtime="20221028 00:08:41.083"/>
</kw>
<kw name="Click Button" library="SeleniumLibrary">
<arg>id:eliminarReceta</arg>
<doc>Clicks the button identified by ``locator``.</doc>
<msg timestamp="20221028 00:08:41.083" level="INFO">Clicking button 'id:eliminarReceta'.</msg>
<status status="PASS" starttime="20221028 00:08:41.083" endtime="20221028 00:08:41.240"/>
</kw>
<kw name="Page Should Contain" library="SeleniumLibrary">
<arg>Ver recetas</arg>
<doc>Verifies that current page contains ``text``.</doc>
<msg timestamp="20221028 00:08:41.248" level="INFO">Current page contains text 'Ver recetas'.</msg>
<status status="PASS" starttime="20221028 00:08:41.240" endtime="20221028 00:08:41.248"/>
</kw>
<status status="PASS" starttime="20221028 00:08:40.991" endtime="20221028 00:08:41.248"/>
</iter>
<status status="PASS" starttime="20221028 00:08:38.203" endtime="20221028 00:08:41.248"/>
</for>
<status status="PASS" starttime="20221028 00:08:05.149" endtime="20221028 00:08:41.249"/>
</test>
<kw name="close browserr" type="TEARDOWN">
<kw name="Close Browser" library="SeleniumLibrary">
<doc>Closes the current browser.</doc>
<status status="PASS" starttime="20221028 00:08:41.250" endtime="20221028 00:08:43.346"/>
</kw>
<status status="PASS" starttime="20221028 00:08:41.250" endtime="20221028 00:08:43.346"/>
</kw>
<doc>Django Robot Tests</doc>
<status status="PASS" starttime="20221028 00:07:42.790" endtime="20221028 00:08:43.346"/>
</suite>
<statistics>
<total>
<stat pass="9" fail="0" skip="0">All Tests</stat>
</total>
<tag>
</tag>
<suite>
<stat pass="9" fail="0" skip="0" id="s1" name="Test">Test</stat>
</suite>
</statistics>
<errors>
</errors>
</robot>
