<?xml version="1.0" encoding="UTF-8"?>
<robot generator="Robot 6.0 (Python 3.10.4 on win32)" generated="20221027 22:07:33.958" rpa="false" schemaversion="3">
<suite id="s1" name="Test" source="C:\Users\inaki\OneDrive\Documentos\GitHub\Pruebas-de-Software---Presentaciones-Django-RobotFramework-\recetario\test.robot">
<kw name="open Browserr" type="SETUP">
<kw name="Open Browser" library="SeleniumLibrary">
<arg>${SERVER}</arg>
<arg>${BROWSER}</arg>
<doc>Opens a new browser instance to the optional ``url``.</doc>
<msg timestamp="20221027 22:07:34.478" level="INFO">Opening browser 'chrome' to base url 'http://localhost:8000/'.</msg>
<status status="PASS" starttime="20221027 22:07:34.477" endtime="20221027 22:07:36.951"/>
</kw>
<status status="PASS" starttime="20221027 22:07:34.477" endtime="20221027 22:07:36.952"/>
</kw>
<test id="s1-t1" name="Scenario: Agregar una receta con el formato incorrecto - Ingredientes" line="28">
<kw name="Go To" library="SeleniumLibrary">
<arg>${SERVER}</arg>
<doc>Navigates the current browser window to the provided ``url``.</doc>
<msg timestamp="20221027 22:07:36.954" level="INFO">Opening url 'http://localhost:8000/'</msg>
<status status="PASS" starttime="20221027 22:07:36.954" endtime="20221027 22:07:36.995"/>
</kw>
<kw name="Wait Until Page Contains Element" library="SeleniumLibrary">
<arg>id=explanation</arg>
<doc>Waits until the element ``locator`` appears on the current page.</doc>
<status status="PASS" starttime="20221027 22:07:36.996" endtime="20221027 22:07:37.013"/>
</kw>
<kw name="Page Should Contain" library="SeleniumLibrary">
<arg>Ver recetas</arg>
<doc>Verifies that current page contains ``text``.</doc>
<msg timestamp="20221027 22:07:37.029" level="INFO">Current page contains text 'Ver recetas'.</msg>
<status status="PASS" starttime="20221027 22:07:37.013" endtime="20221027 22:07:37.030"/>
</kw>
<kw name="Click Button" library="SeleniumLibrary">
<arg>id:anadirReceta</arg>
<doc>Clicks the button identified by ``locator``.</doc>
<msg timestamp="20221027 22:07:37.031" level="INFO">Clicking button 'id:anadirReceta'.</msg>
<status status="PASS" starttime="20221027 22:07:37.030" endtime="20221027 22:07:37.298"/>
</kw>
<kw name="Page Should Contain" library="SeleniumLibrary">
<arg>Añadir receta</arg>
<doc>Verifies that current page contains ``text``.</doc>
<msg timestamp="20221027 22:07:37.314" level="INFO">Current page contains text 'Añadir receta'.</msg>
<status status="PASS" starttime="20221027 22:07:37.298" endtime="20221027 22:07:37.315"/>
</kw>
<kw name="Input Text" library="SeleniumLibrary">
<arg>name:nombreReceta</arg>
<arg>Sopaipilla</arg>
<doc>Types the given ``text`` into the text field identified by ``locator``.</doc>
<msg timestamp="20221027 22:07:37.316" level="INFO">Typing text 'Sopaipilla' into text field 'name:nombreReceta'.</msg>
<status status="PASS" starttime="20221027 22:07:37.315" endtime="20221027 22:07:37.428"/>
</kw>
<kw name="Input Text" library="SeleniumLibrary">
<arg>name:ingredientes</arg>
<arg>Harina Huevos Zapallo</arg>
<doc>Types the given ``text`` into the text field identified by ``locator``.</doc>
<msg timestamp="20221027 22:07:37.429" level="INFO">Typing text 'Harina Huevos Zapallo' into text field 'name:ingredientes'.</msg>
<status status="PASS" starttime="20221027 22:07:37.428" endtime="20221027 22:07:37.566"/>
</kw>
<kw name="Input Text" library="SeleniumLibrary">
<arg>name:pasos</arg>
<arg>Paso1\nPaso2\nPaso3</arg>
<doc>Types the given ``text`` into the text field identified by ``locator``.</doc>
<msg timestamp="20221027 22:07:37.567" level="INFO">Typing text 'Paso1
Paso2
Paso3' into text field 'name:pasos'.</msg>
<status status="PASS" starttime="20221027 22:07:37.566" endtime="20221027 22:07:37.682"/>
</kw>
<kw name="Input Text" library="SeleniumLibrary">
<arg>name:autor</arg>
<arg>ROBOT</arg>
<doc>Types the given ``text`` into the text field identified by ``locator``.</doc>
<msg timestamp="20221027 22:07:37.683" level="INFO">Typing text 'ROBOT' into text field 'name:autor'.</msg>
<status status="PASS" starttime="20221027 22:07:37.683" endtime="20221027 22:07:37.783"/>
</kw>
<kw name="Choose File" library="SeleniumLibrary">
<arg>name:imagenReceta</arg>
<arg>C:\\Users\\inaki\\OneDrive\\Documentos\\GitHub\\Pruebas-de-Software---Presentaciones-Django-RobotFramework-\\recetario/sopaipilla.jpg</arg>
<doc>Inputs the ``file_path`` into the file input field ``locator``.</doc>
<msg timestamp="20221027 22:07:37.784" level="INFO">Sending C:\Users\inaki\OneDrive\Documentos\GitHub\Pruebas-de-Software---Presentaciones-Django-RobotFramework-\recetario\sopaipilla.jpg to browser.</msg>
<status status="PASS" starttime="20221027 22:07:37.783" endtime="20221027 22:07:37.827"/>
</kw>
<kw name="Click Button" library="SeleniumLibrary">
<arg>Subir Receta</arg>
<doc>Clicks the button identified by ``locator``.</doc>
<msg timestamp="20221027 22:07:37.828" level="INFO">Clicking button 'Subir Receta'.</msg>
<status status="PASS" starttime="20221027 22:07:37.827" endtime="20221027 22:07:37.897"/>
</kw>
<kw name="Element Should Be Visible" library="SeleniumLibrary">
<arg>id:failed-alert</arg>
<doc>Verifies that the element identified by ``locator`` is visible.</doc>
<msg timestamp="20221027 22:07:37.979" level="INFO">Element 'id:failed-alert' is displayed.</msg>
<status status="PASS" starttime="20221027 22:07:37.898" endtime="20221027 22:07:37.979"/>
</kw>
<kw name="Wait Until Element Is Not Visible" library="SeleniumLibrary">
<arg>id:failed-alert</arg>
<doc>Waits until the element ``locator`` is not visible.</doc>
<status status="PASS" starttime="20221027 22:07:37.980" endtime="20221027 22:07:40.470"/>
</kw>
<status status="PASS" starttime="20221027 22:07:36.952" endtime="20221027 22:07:40.470"/>
</test>
<test id="s1-t2" name="Scenario: Agregar una receta con el formato incorrecto - Pasos" line="43">
<kw name="Go To" library="SeleniumLibrary">
<arg>${SERVER}</arg>
<doc>Navigates the current browser window to the provided ``url``.</doc>
<msg timestamp="20221027 22:07:40.473" level="INFO">Opening url 'http://localhost:8000/'</msg>
<status status="PASS" starttime="20221027 22:07:40.472" endtime="20221027 22:07:40.558"/>
</kw>
<kw name="Wait Until Page Contains Element" library="SeleniumLibrary">
<arg>id=explanation</arg>
<doc>Waits until the element ``locator`` appears on the current page.</doc>
<status status="PASS" starttime="20221027 22:07:40.559" endtime="20221027 22:07:40.575"/>
</kw>
<kw name="Page Should Contain" library="SeleniumLibrary">
<arg>Ver recetas</arg>
<doc>Verifies that current page contains ``text``.</doc>
<msg timestamp="20221027 22:07:40.588" level="INFO">Current page contains text 'Ver recetas'.</msg>
<status status="PASS" starttime="20221027 22:07:40.576" endtime="20221027 22:07:40.589"/>
</kw>
<kw name="Click Button" library="SeleniumLibrary">
<arg>id:anadirReceta</arg>
<doc>Clicks the button identified by ``locator``.</doc>
<msg timestamp="20221027 22:07:40.590" level="INFO">Clicking button 'id:anadirReceta'.</msg>
<status status="PASS" starttime="20221027 22:07:40.589" endtime="20221027 22:07:40.749"/>
</kw>
<kw name="Page Should Contain" library="SeleniumLibrary">
<arg>Añadir receta</arg>
<doc>Verifies that current page contains ``text``.</doc>
<msg timestamp="20221027 22:07:40.765" level="INFO">Current page contains text 'Añadir receta'.</msg>
<status status="PASS" starttime="20221027 22:07:40.750" endtime="20221027 22:07:40.765"/>
</kw>
<kw name="Input Text" library="SeleniumLibrary">
<arg>name:nombreReceta</arg>
<arg>Sopaipilla</arg>
<doc>Types the given ``text`` into the text field identified by ``locator``.</doc>
<msg timestamp="20221027 22:07:40.766" level="INFO">Typing text 'Sopaipilla' into text field 'name:nombreReceta'.</msg>
<status status="PASS" starttime="20221027 22:07:40.766" endtime="20221027 22:07:40.877"/>
</kw>
<kw name="Input Text" library="SeleniumLibrary">
<arg>name:ingredientes</arg>
<arg>Harina\nHuevos\nZapallo</arg>
<doc>Types the given ``text`` into the text field identified by ``locator``.</doc>
<msg timestamp="20221027 22:07:40.878" level="INFO">Typing text 'Harina
Huevos
Zapallo' into text field 'name:ingredientes'.</msg>
<status status="PASS" starttime="20221027 22:07:40.877" endtime="20221027 22:07:41.012"/>
</kw>
<kw name="Input Text" library="SeleniumLibrary">
<arg>name:pasos</arg>
<arg>Paso1 Paso2 Paso3</arg>
<doc>Types the given ``text`` into the text field identified by ``locator``.</doc>
<msg timestamp="20221027 22:07:41.013" level="INFO">Typing text 'Paso1 Paso2 Paso3' into text field 'name:pasos'.</msg>
<status status="PASS" starttime="20221027 22:07:41.012" endtime="20221027 22:07:41.127"/>
</kw>
<kw name="Input Text" library="SeleniumLibrary">
<arg>name:autor</arg>
<arg>ROBOT</arg>
<doc>Types the given ``text`` into the text field identified by ``locator``.</doc>
<msg timestamp="20221027 22:07:41.128" level="INFO">Typing text 'ROBOT' into text field 'name:autor'.</msg>
<status status="PASS" starttime="20221027 22:07:41.127" endtime="20221027 22:07:41.222"/>
</kw>
<kw name="Choose File" library="SeleniumLibrary">
<arg>name:imagenReceta</arg>
<arg>C:\\Users\\inaki\\OneDrive\\Documentos\\GitHub\\Pruebas-de-Software---Presentaciones-Django-RobotFramework-\\recetario/sopaipilla.jpg</arg>
<doc>Inputs the ``file_path`` into the file input field ``locator``.</doc>
<msg timestamp="20221027 22:07:41.224" level="INFO">Sending C:\Users\inaki\OneDrive\Documentos\GitHub\Pruebas-de-Software---Presentaciones-Django-RobotFramework-\recetario\sopaipilla.jpg to browser.</msg>
<status status="PASS" starttime="20221027 22:07:41.223" endtime="20221027 22:07:41.263"/>
</kw>
<kw name="Wait Until Element Is Not Visible" library="SeleniumLibrary">
<arg>id:failed-alert</arg>
<doc>Waits until the element ``locator`` is not visible.</doc>
<status status="PASS" starttime="20221027 22:07:41.263" endtime="20221027 22:07:41.285"/>
</kw>
<kw name="Click Button" library="SeleniumLibrary">
<arg>Subir Receta</arg>
<doc>Clicks the button identified by ``locator``.</doc>
<msg timestamp="20221027 22:07:41.287" level="INFO">Clicking button 'Subir Receta'.</msg>
<status status="PASS" starttime="20221027 22:07:41.286" endtime="20221027 22:07:41.348"/>
</kw>
<kw name="Element Should Be Visible" library="SeleniumLibrary">
<arg>id:failed-alert</arg>
<doc>Verifies that the element identified by ``locator`` is visible.</doc>
<msg timestamp="20221027 22:07:41.374" level="INFO">Element 'id:failed-alert' is displayed.</msg>
<status status="PASS" starttime="20221027 22:07:41.349" endtime="20221027 22:07:41.374"/>
</kw>
<kw name="Wait Until Element Is Not Visible" library="SeleniumLibrary">
<arg>id:failed-alert</arg>
<doc>Waits until the element ``locator`` is not visible.</doc>
<status status="PASS" starttime="20221027 22:07:41.375" endtime="20221027 22:07:43.859"/>
</kw>
<status status="PASS" starttime="20221027 22:07:40.472" endtime="20221027 22:07:43.860"/>
</test>
<test id="s1-t3" name="Scenario: Agregar una receta con falta de información - Imagen" line="59">
<kw name="Go To" library="SeleniumLibrary">
<arg>${SERVER}</arg>
<doc>Navigates the current browser window to the provided ``url``.</doc>
<msg timestamp="20221027 22:07:43.862" level="INFO">Opening url 'http://localhost:8000/'</msg>
<status status="PASS" starttime="20221027 22:07:43.861" endtime="20221027 22:07:43.909"/>
</kw>
<kw name="Wait Until Page Contains Element" library="SeleniumLibrary">
<arg>id=explanation</arg>
<doc>Waits until the element ``locator`` appears on the current page.</doc>
<status status="PASS" starttime="20221027 22:07:43.914" endtime="20221027 22:07:43.924"/>
</kw>
<kw name="Page Should Contain" library="SeleniumLibrary">
<arg>Ver recetas</arg>
<doc>Verifies that current page contains ``text``.</doc>
<msg timestamp="20221027 22:07:43.936" level="INFO">Current page contains text 'Ver recetas'.</msg>
<status status="PASS" starttime="20221027 22:07:43.924" endtime="20221027 22:07:43.936"/>
</kw>
<kw name="Click Button" library="SeleniumLibrary">
<arg>id:anadirReceta</arg>
<doc>Clicks the button identified by ``locator``.</doc>
<msg timestamp="20221027 22:07:43.938" level="INFO">Clicking button 'id:anadirReceta'.</msg>
<status status="PASS" starttime="20221027 22:07:43.937" endtime="20221027 22:07:44.088"/>
</kw>
<kw name="Page Should Contain" library="SeleniumLibrary">
<arg>Añadir receta</arg>
<doc>Verifies that current page contains ``text``.</doc>
<msg timestamp="20221027 22:07:44.099" level="INFO">Current page contains text 'Añadir receta'.</msg>
<status status="PASS" starttime="20221027 22:07:44.088" endtime="20221027 22:07:44.099"/>
</kw>
<kw name="Input Text" library="SeleniumLibrary">
<arg>name:nombreReceta</arg>
<arg>Sopaipilla</arg>
<doc>Types the given ``text`` into the text field identified by ``locator``.</doc>
<msg timestamp="20221027 22:07:44.100" level="INFO">Typing text 'Sopaipilla' into text field 'name:nombreReceta'.</msg>
<status status="PASS" starttime="20221027 22:07:44.099" endtime="20221027 22:07:44.194"/>
</kw>
<kw name="Input Text" library="SeleniumLibrary">
<arg>name:ingredientes</arg>
<arg>Harina\nHuevos\nZapallo</arg>
<doc>Types the given ``text`` into the text field identified by ``locator``.</doc>
<msg timestamp="20221027 22:07:44.195" level="INFO">Typing text 'Harina
Huevos
Zapallo' into text field 'name:ingredientes'.</msg>
<status status="PASS" starttime="20221027 22:07:44.194" endtime="20221027 22:07:44.297"/>
</kw>
<kw name="Input Text" library="SeleniumLibrary">
<arg>name:pasos</arg>
<arg>Paso1\nPaso2\nPaso3</arg>
<doc>Types the given ``text`` into the text field identified by ``locator``.</doc>
<msg timestamp="20221027 22:07:44.299" level="INFO">Typing text 'Paso1
Paso2
Paso3' into text field 'name:pasos'.</msg>
<status status="PASS" starttime="20221027 22:07:44.298" endtime="20221027 22:07:44.385"/>
</kw>
<kw name="Input Text" library="SeleniumLibrary">
<arg>name:autor</arg>
<arg>ROBOT</arg>
<doc>Types the given ``text`` into the text field identified by ``locator``.</doc>
<msg timestamp="20221027 22:07:44.386" level="INFO">Typing text 'ROBOT' into text field 'name:autor'.</msg>
<status status="PASS" starttime="20221027 22:07:44.385" endtime="20221027 22:07:44.464"/>
</kw>
<kw name="Wait Until Element Is Not Visible" library="SeleniumLibrary">
<arg>id:failed-alert</arg>
<doc>Waits until the element ``locator`` is not visible.</doc>
<status status="PASS" starttime="20221027 22:07:44.466" endtime="20221027 22:07:44.483"/>
</kw>
<kw name="Click Button" library="SeleniumLibrary">
<arg>Subir Receta</arg>
<doc>Clicks the button identified by ``locator``.</doc>
<msg timestamp="20221027 22:07:44.483" level="INFO">Clicking button 'Subir Receta'.</msg>
<status status="PASS" starttime="20221027 22:07:44.483" endtime="20221027 22:07:44.560"/>
</kw>
<kw name="Element Should Not Be Visible" library="SeleniumLibrary">
<arg>id:success-alert</arg>
<doc>Verifies that the element identified by ``locator`` is NOT visible.</doc>
<msg timestamp="20221027 22:07:44.591" level="INFO">Element 'id:success-alert' exists but is not displayed.</msg>
<status status="PASS" starttime="20221027 22:07:44.561" endtime="20221027 22:07:44.591"/>
</kw>
<status status="PASS" starttime="20221027 22:07:43.861" endtime="20221027 22:07:44.591"/>
</test>
<test id="s1-t4" name="Scenario: Agregar receta correcta + editar + limite de campos + eliminar" line="73">
<kw name="Go To" library="SeleniumLibrary">
<arg>${SERVER}</arg>
<doc>Navigates the current browser window to the provided ``url``.</doc>
<msg timestamp="20221027 22:07:44.594" level="INFO">Opening url 'http://localhost:8000/'</msg>
<status status="PASS" starttime="20221027 22:07:44.594" endtime="20221027 22:07:44.812"/>
</kw>
<kw name="Wait Until Page Contains Element" library="SeleniumLibrary">
<arg>id=explanation</arg>
<doc>Waits until the element ``locator`` appears on the current page.</doc>
<status status="PASS" starttime="20221027 22:07:44.812" endtime="20221027 22:07:44.822"/>
</kw>
<kw name="Page Should Contain" library="SeleniumLibrary">
<arg>Ver recetas</arg>
<doc>Verifies that current page contains ``text``.</doc>
<msg timestamp="20221027 22:07:44.832" level="INFO">Current page contains text 'Ver recetas'.</msg>
<status status="PASS" starttime="20221027 22:07:44.822" endtime="20221027 22:07:44.833"/>
</kw>
<kw name="Click Button" library="SeleniumLibrary">
<arg>id:anadirReceta</arg>
<doc>Clicks the button identified by ``locator``.</doc>
<msg timestamp="20221027 22:07:44.833" level="INFO">Clicking button 'id:anadirReceta'.</msg>
<status status="PASS" starttime="20221027 22:07:44.833" endtime="20221027 22:07:44.940"/>
</kw>
<kw name="Page Should Contain" library="SeleniumLibrary">
<arg>Añadir receta</arg>
<doc>Verifies that current page contains ``text``.</doc>
<msg timestamp="20221027 22:07:44.950" level="INFO">Current page contains text 'Añadir receta'.</msg>
<status status="PASS" starttime="20221027 22:07:44.941" endtime="20221027 22:07:44.950"/>
</kw>
<kw name="Input Text" library="SeleniumLibrary">
<arg>name:nombreReceta</arg>
<arg>Sopaipilla</arg>
<doc>Types the given ``text`` into the text field identified by ``locator``.</doc>
<msg timestamp="20221027 22:07:44.951" level="INFO">Typing text 'Sopaipilla' into text field 'name:nombreReceta'.</msg>
<status status="PASS" starttime="20221027 22:07:44.950" endtime="20221027 22:07:45.042"/>
</kw>
<kw name="Input Text" library="SeleniumLibrary">
<arg>name:ingredientes</arg>
<arg>Harina\nHuevos\nZapallo</arg>
<doc>Types the given ``text`` into the text field identified by ``locator``.</doc>
<msg timestamp="20221027 22:07:45.044" level="INFO">Typing text 'Harina
Huevos
Zapallo' into text field 'name:ingredientes'.</msg>
<status status="PASS" starttime="20221027 22:07:45.043" endtime="20221027 22:07:45.146"/>
</kw>
<kw name="Input Text" library="SeleniumLibrary">
<arg>name:pasos</arg>
<arg>Paso1\nPaso2\nPaso3\n</arg>
<doc>Types the given ``text`` into the text field identified by ``locator``.</doc>
<msg timestamp="20221027 22:07:45.147" level="INFO">Typing text 'Paso1
Paso2
Paso3
' into text field 'name:pasos'.</msg>
<status status="PASS" starttime="20221027 22:07:45.146" endtime="20221027 22:07:45.239"/>
</kw>
<kw name="Input Text" library="SeleniumLibrary">
<arg>name:autor</arg>
<arg>ABCDEFGHIJKLMNOPQRSTUVWXYZABCD1234</arg>
<doc>Types the given ``text`` into the text field identified by ``locator``.</doc>
<msg timestamp="20221027 22:07:45.240" level="INFO">Typing text 'ABCDEFGHIJKLMNOPQRSTUVWXYZABCD1234' into text field 'name:autor'.</msg>
<status status="PASS" starttime="20221027 22:07:45.240" endtime="20221027 22:07:45.371"/>
</kw>
<kw name="Choose File" library="SeleniumLibrary">
<arg>name:imagenReceta</arg>
<arg>C:\\Users\\inaki\\OneDrive\\Documentos\\GitHub\\Pruebas-de-Software---Presentaciones-Django-RobotFramework-\\recetario/sopaipilla.jpg</arg>
<doc>Inputs the ``file_path`` into the file input field ``locator``.</doc>
<msg timestamp="20221027 22:07:45.372" level="INFO">Sending C:\Users\inaki\OneDrive\Documentos\GitHub\Pruebas-de-Software---Presentaciones-Django-RobotFramework-\recetario\sopaipilla.jpg to browser.</msg>
<status status="PASS" starttime="20221027 22:07:45.372" endtime="20221027 22:07:45.403"/>
</kw>
<kw name="Wait Until Element Is Not Visible" library="SeleniumLibrary">
<arg>id:failed-alert</arg>
<doc>Waits until the element ``locator`` is not visible.</doc>
<status status="PASS" starttime="20221027 22:07:45.403" endtime="20221027 22:07:45.422"/>
</kw>
<kw name="Click Button" library="SeleniumLibrary">
<arg>Subir Receta</arg>
<doc>Clicks the button identified by ``locator``.</doc>
<msg timestamp="20221027 22:07:45.424" level="INFO">Clicking button 'Subir Receta'.</msg>
<status status="PASS" starttime="20221027 22:07:45.423" endtime="20221027 22:07:45.477"/>
</kw>
<kw name="Wait Until Element Is Visible" library="SeleniumLibrary">
<arg>id:success-alert</arg>
<doc>Waits until the element ``locator`` is visible.</doc>
<status status="PASS" starttime="20221027 22:07:45.478" endtime="20221027 22:07:45.733"/>
</kw>
<kw name="Wait Until Element Is Not Visible" library="SeleniumLibrary">
<arg>id:success-alert</arg>
<doc>Waits until the element ``locator`` is not visible.</doc>
<status status="PASS" starttime="20221027 22:07:45.734" endtime="20221027 22:07:48.211"/>
</kw>
<kw name="Click Button" library="SeleniumLibrary">
<arg>id:verRecetas</arg>
<doc>Clicks the button identified by ``locator``.</doc>
<msg timestamp="20221027 22:07:48.212" level="INFO">Clicking button 'id:verRecetas'.</msg>
<status status="PASS" starttime="20221027 22:07:48.212" endtime="20221027 22:07:48.340"/>
</kw>
<kw name="Page Should Contain" library="SeleniumLibrary">
<arg>Ver recetas</arg>
<doc>Verifies that current page contains ``text``.</doc>
<msg timestamp="20221027 22:07:48.357" level="INFO">Current page contains text 'Ver recetas'.</msg>
<status status="PASS" starttime="20221027 22:07:48.343" endtime="20221027 22:07:48.358"/>
</kw>
<kw name="Page Should Contain" library="SeleniumLibrary">
<arg>Sopaipilla</arg>
<doc>Verifies that current page contains ``text``.</doc>
<msg timestamp="20221027 22:07:48.375" level="INFO">Current page contains text 'Sopaipilla'.</msg>
<status status="PASS" starttime="20221027 22:07:48.359" endtime="20221027 22:07:48.375"/>
</kw>
<kw name="Click Link" library="SeleniumLibrary">
<arg>name:verReceta</arg>
<doc>Clicks a link identified by ``locator``.</doc>
<msg timestamp="20221027 22:07:48.392" level="INFO">Clicking link 'name:verReceta'.</msg>
<status status="PASS" starttime="20221027 22:07:48.391" endtime="20221027 22:07:48.559"/>
</kw>
<kw name="Page Should Contain" library="SeleniumLibrary">
<arg>Preparacion:</arg>
<doc>Verifies that current page contains ``text``.</doc>
<msg timestamp="20221027 22:07:48.578" level="INFO">Current page contains text 'Preparacion:'.</msg>
<status status="PASS" starttime="20221027 22:07:48.559" endtime="20221027 22:07:48.578"/>
</kw>
<kw name="Page Should Contain" library="SeleniumLibrary">
<arg>Por: ABCDEFGHIJKLMNOPQRSTUVWXYZABCD</arg>
<doc>Verifies that current page contains ``text``.</doc>
<msg timestamp="20221027 22:07:48.596" level="INFO">Current page contains text 'Por: ABCDEFGHIJKLMNOPQRSTUVWXYZABCD'.</msg>
<status status="PASS" starttime="20221027 22:07:48.578" endtime="20221027 22:07:48.596"/>
</kw>
<kw name="Click Button" library="SeleniumLibrary">
<arg>id:editarReceta</arg>
<doc>Clicks the button identified by ``locator``.</doc>
<msg timestamp="20221027 22:07:48.598" level="INFO">Clicking button 'id:editarReceta'.</msg>
<status status="PASS" starttime="20221027 22:07:48.596" endtime="20221027 22:07:48.758"/>
</kw>
<kw name="Page Should Contain" library="SeleniumLibrary">
<arg>Editar receta</arg>
<doc>Verifies that current page contains ``text``.</doc>
<msg timestamp="20221027 22:07:48.780" level="INFO">Current page contains text 'Editar receta'.</msg>
<status status="PASS" starttime="20221027 22:07:48.759" endtime="20221027 22:07:48.780"/>
</kw>
<kw name="Input Text" library="SeleniumLibrary">
<arg>name:nombreReceta</arg>
<arg>Sopaipilla2</arg>
<doc>Types the given ``text`` into the text field identified by ``locator``.</doc>
<msg timestamp="20221027 22:07:48.781" level="INFO">Typing text 'Sopaipilla2' into text field 'name:nombreReceta'.</msg>
<status status="PASS" starttime="20221027 22:07:48.781" endtime="20221027 22:07:48.897"/>
</kw>
<kw name="Choose File" library="SeleniumLibrary">
<arg>name:imagenReceta</arg>
<arg>C:\\Users\\inaki\\OneDrive\\Documentos\\GitHub\\Pruebas-de-Software---Presentaciones-Django-RobotFramework-\\recetario/sopaipilla.jpg</arg>
<doc>Inputs the ``file_path`` into the file input field ``locator``.</doc>
<msg timestamp="20221027 22:07:48.898" level="INFO">Sending C:\Users\inaki\OneDrive\Documentos\GitHub\Pruebas-de-Software---Presentaciones-Django-RobotFramework-\recetario\sopaipilla.jpg to browser.</msg>
<status status="PASS" starttime="20221027 22:07:48.897" endtime="20221027 22:07:48.939"/>
</kw>
<kw name="Click Button" library="SeleniumLibrary">
<arg>Editar Receta</arg>
<doc>Clicks the button identified by ``locator``.</doc>
<msg timestamp="20221027 22:07:48.940" level="INFO">Clicking button 'Editar Receta'.</msg>
<status status="PASS" starttime="20221027 22:07:48.940" endtime="20221027 22:07:49.013"/>
</kw>
<kw name="Wait Until Element Is Visible" library="SeleniumLibrary">
<arg>id:success-alert</arg>
<doc>Waits until the element ``locator`` is visible.</doc>
<status status="PASS" starttime="20221027 22:07:49.016" endtime="20221027 22:07:49.272"/>
</kw>
<kw name="Wait Until Element Is Not Visible" library="SeleniumLibrary">
<arg>id:success-alert</arg>
<doc>Waits until the element ``locator`` is not visible.</doc>
<status status="PASS" starttime="20221027 22:07:49.272" endtime="20221027 22:07:51.564"/>
</kw>
<kw name="Click Button" library="SeleniumLibrary">
<arg>id:verRecetas</arg>
<doc>Clicks the button identified by ``locator``.</doc>
<msg timestamp="20221027 22:07:51.566" level="INFO">Clicking button 'id:verRecetas'.</msg>
<status status="PASS" starttime="20221027 22:07:51.565" endtime="20221027 22:07:51.691"/>
</kw>
<kw name="Page Should Contain" library="SeleniumLibrary">
<arg>Ver recetas</arg>
<doc>Verifies that current page contains ``text``.</doc>
<msg timestamp="20221027 22:07:51.707" level="INFO">Current page contains text 'Ver recetas'.</msg>
<status status="PASS" starttime="20221027 22:07:51.691" endtime="20221027 22:07:51.708"/>
</kw>
<kw name="Page Should Contain" library="SeleniumLibrary">
<arg>Sopaipilla2</arg>
<doc>Verifies that current page contains ``text``.</doc>
<msg timestamp="20221027 22:07:51.727" level="INFO">Current page contains text 'Sopaipilla2'.</msg>
<status status="PASS" starttime="20221027 22:07:51.708" endtime="20221027 22:07:51.727"/>
</kw>
<kw name="Click Link" library="SeleniumLibrary">
<arg>name:verReceta</arg>
<doc>Clicks a link identified by ``locator``.</doc>
<msg timestamp="20221027 22:07:51.728" level="INFO">Clicking link 'name:verReceta'.</msg>
<status status="PASS" starttime="20221027 22:07:51.728" endtime="20221027 22:07:51.871"/>
</kw>
<kw name="Page Should Contain" library="SeleniumLibrary">
<arg>Preparacion:</arg>
<doc>Verifies that current page contains ``text``.</doc>
<msg timestamp="20221027 22:07:51.883" level="INFO">Current page contains text 'Preparacion:'.</msg>
<status status="PASS" starttime="20221027 22:07:51.872" endtime="20221027 22:07:51.883"/>
</kw>
<kw name="Click Button" library="SeleniumLibrary">
<arg>id:eliminarReceta</arg>
<doc>Clicks the button identified by ``locator``.</doc>
<msg timestamp="20221027 22:07:51.885" level="INFO">Clicking button 'id:eliminarReceta'.</msg>
<status status="PASS" starttime="20221027 22:07:51.884" endtime="20221027 22:07:52.033"/>
</kw>
<kw name="Page Should Contain" library="SeleniumLibrary">
<arg>Ver recetas</arg>
<doc>Verifies that current page contains ``text``.</doc>
<msg timestamp="20221027 22:07:52.045" level="INFO">Current page contains text 'Ver recetas'.</msg>
<status status="PASS" starttime="20221027 22:07:52.034" endtime="20221027 22:07:52.046"/>
</kw>
<kw name="Page Should Not Contain" library="SeleniumLibrary">
<arg>Sopaipilla2</arg>
<doc>Verifies the current page does not contain ``text``.</doc>
<msg timestamp="20221027 22:07:52.068" level="INFO">Current page does not contain text 'Sopaipilla2'.</msg>
<status status="PASS" starttime="20221027 22:07:52.047" endtime="20221027 22:07:52.068"/>
</kw>
<status status="PASS" starttime="20221027 22:07:44.592" endtime="20221027 22:07:52.069"/>
</test>
<test id="s1-t5" name="Scenario: Agregar 11 recetas seguidas" line="110">
<kw name="Go To" library="SeleniumLibrary">
<arg>${SERVER}</arg>
<doc>Navigates the current browser window to the provided ``url``.</doc>
<msg timestamp="20221027 22:07:52.071" level="INFO">Opening url 'http://localhost:8000/'</msg>
<status status="PASS" starttime="20221027 22:07:52.071" endtime="20221027 22:07:52.097"/>
</kw>
<kw name="Wait Until Page Contains Element" library="SeleniumLibrary">
<arg>id=explanation</arg>
<doc>Waits until the element ``locator`` appears on the current page.</doc>
<status status="PASS" starttime="20221027 22:07:52.098" endtime="20221027 22:07:52.109"/>
</kw>
<kw name="Page Should Contain" library="SeleniumLibrary">
<arg>Ver recetas</arg>
<doc>Verifies that current page contains ``text``.</doc>
<msg timestamp="20221027 22:07:52.121" level="INFO">Current page contains text 'Ver recetas'.</msg>
<status status="PASS" starttime="20221027 22:07:52.109" endtime="20221027 22:07:52.121"/>
</kw>
<kw name="Click Button" library="SeleniumLibrary">
<arg>id:anadirReceta</arg>
<doc>Clicks the button identified by ``locator``.</doc>
<msg timestamp="20221027 22:07:52.122" level="INFO">Clicking button 'id:anadirReceta'.</msg>
<status status="PASS" starttime="20221027 22:07:52.121" endtime="20221027 22:07:52.301"/>
</kw>
<kw name="Page Should Contain" library="SeleniumLibrary">
<arg>Añadir receta</arg>
<doc>Verifies that current page contains ``text``.</doc>
<msg timestamp="20221027 22:07:52.329" level="INFO">Current page contains text 'Añadir receta'.</msg>
<status status="PASS" starttime="20221027 22:07:52.302" endtime="20221027 22:07:52.329"/>
</kw>
<for flavor="IN RANGE">
<var>${i}</var>
<value>1</value>
<value>12</value>
<iter>
<var name="${i}">1</var>
<kw name="Input Text" library="SeleniumLibrary">
<arg>name:nombreReceta</arg>
<arg>Sopaipilla${i}</arg>
<doc>Types the given ``text`` into the text field identified by ``locator``.</doc>
<msg timestamp="20221027 22:07:52.331" level="INFO">Typing text 'Sopaipilla1' into text field 'name:nombreReceta'.</msg>
<status status="PASS" starttime="20221027 22:07:52.330" endtime="20221027 22:07:52.449"/>
</kw>
<kw name="Input Text" library="SeleniumLibrary">
<arg>name:ingredientes</arg>
<arg>Harina\nHuevos\nZapallo</arg>
<doc>Types the given ``text`` into the text field identified by ``locator``.</doc>
<msg timestamp="20221027 22:07:52.450" level="INFO">Typing text 'Harina
Huevos
Zapallo' into text field 'name:ingredientes'.</msg>
<status status="PASS" starttime="20221027 22:07:52.450" endtime="20221027 22:07:52.583"/>
</kw>
<kw name="Input Text" library="SeleniumLibrary">
<arg>name:pasos</arg>
<arg>Paso1\nPaso2\nPaso3\n</arg>
<doc>Types the given ``text`` into the text field identified by ``locator``.</doc>
<msg timestamp="20221027 22:07:52.584" level="INFO">Typing text 'Paso1
Paso2
Paso3
' into text field 'name:pasos'.</msg>
<status status="PASS" starttime="20221027 22:07:52.583" endtime="20221027 22:07:52.704"/>
</kw>
<kw name="Input Text" library="SeleniumLibrary">
<arg>name:autor</arg>
<arg>ABCDEFGHIJKLMNOPQRSTUVWXYZABCD1234</arg>
<doc>Types the given ``text`` into the text field identified by ``locator``.</doc>
<msg timestamp="20221027 22:07:52.705" level="INFO">Typing text 'ABCDEFGHIJKLMNOPQRSTUVWXYZABCD1234' into text field 'name:autor'.</msg>
<status status="PASS" starttime="20221027 22:07:52.705" endtime="20221027 22:07:52.884"/>
</kw>
<kw name="Choose File" library="SeleniumLibrary">
<arg>name:imagenReceta</arg>
<arg>C:\\Users\\inaki\\OneDrive\\Documentos\\GitHub\\Pruebas-de-Software---Presentaciones-Django-RobotFramework-\\recetario/sopaipilla.jpg</arg>
<doc>Inputs the ``file_path`` into the file input field ``locator``.</doc>
<msg timestamp="20221027 22:07:52.885" level="INFO">Sending C:\Users\inaki\OneDrive\Documentos\GitHub\Pruebas-de-Software---Presentaciones-Django-RobotFramework-\recetario\sopaipilla.jpg to browser.</msg>
<status status="PASS" starttime="20221027 22:07:52.884" endtime="20221027 22:07:52.927"/>
</kw>
<kw name="Wait Until Element Is Not Visible" library="SeleniumLibrary">
<arg>id:failed-alert</arg>
<doc>Waits until the element ``locator`` is not visible.</doc>
<status status="PASS" starttime="20221027 22:07:52.927" endtime="20221027 22:07:52.947"/>
</kw>
<kw name="Click Button" library="SeleniumLibrary">
<arg>Subir Receta</arg>
<doc>Clicks the button identified by ``locator``.</doc>
<msg timestamp="20221027 22:07:52.948" level="INFO">Clicking button 'Subir Receta'.</msg>
<status status="PASS" starttime="20221027 22:07:52.948" endtime="20221027 22:07:53.010"/>
</kw>
<kw name="Wait Until Element Is Visible" library="SeleniumLibrary">
<arg>id:success-alert</arg>
<doc>Waits until the element ``locator`` is visible.</doc>
<status status="PASS" starttime="20221027 22:07:53.011" endtime="20221027 22:07:53.259"/>
</kw>
<kw name="Wait Until Element Is Not Visible" library="SeleniumLibrary">
<arg>id:success-alert</arg>
<doc>Waits until the element ``locator`` is not visible.</doc>
<status status="PASS" starttime="20221027 22:07:53.259" endtime="20221027 22:07:55.568"/>
</kw>
<status status="PASS" starttime="20221027 22:07:52.329" endtime="20221027 22:07:55.568"/>
</iter>
<iter>
<var name="${i}">2</var>
<kw name="Input Text" library="SeleniumLibrary">
<arg>name:nombreReceta</arg>
<arg>Sopaipilla${i}</arg>
<doc>Types the given ``text`` into the text field identified by ``locator``.</doc>
<msg timestamp="20221027 22:07:55.576" level="INFO">Typing text 'Sopaipilla2' into text field 'name:nombreReceta'.</msg>
<status status="PASS" starttime="20221027 22:07:55.568" endtime="20221027 22:07:55.684"/>
</kw>
<kw name="Input Text" library="SeleniumLibrary">
<arg>name:ingredientes</arg>
<arg>Harina\nHuevos\nZapallo</arg>
<doc>Types the given ``text`` into the text field identified by ``locator``.</doc>
<msg timestamp="20221027 22:07:55.684" level="INFO">Typing text 'Harina
Huevos
Zapallo' into text field 'name:ingredientes'.</msg>
<status status="PASS" starttime="20221027 22:07:55.684" endtime="20221027 22:07:55.788"/>
</kw>
<kw name="Input Text" library="SeleniumLibrary">
<arg>name:pasos</arg>
<arg>Paso1\nPaso2\nPaso3\n</arg>
<doc>Types the given ``text`` into the text field identified by ``locator``.</doc>
<msg timestamp="20221027 22:07:55.790" level="INFO">Typing text 'Paso1
Paso2
Paso3
' into text field 'name:pasos'.</msg>
<status status="PASS" starttime="20221027 22:07:55.789" endtime="20221027 22:07:55.879"/>
</kw>
<kw name="Input Text" library="SeleniumLibrary">
<arg>name:autor</arg>
<arg>ABCDEFGHIJKLMNOPQRSTUVWXYZABCD1234</arg>
<doc>Types the given ``text`` into the text field identified by ``locator``.</doc>
<msg timestamp="20221027 22:07:55.880" level="INFO">Typing text 'ABCDEFGHIJKLMNOPQRSTUVWXYZABCD1234' into text field 'name:autor'.</msg>
<status status="PASS" starttime="20221027 22:07:55.879" endtime="20221027 22:07:55.967"/>
</kw>
<kw name="Choose File" library="SeleniumLibrary">
<arg>name:imagenReceta</arg>
<arg>C:\\Users\\inaki\\OneDrive\\Documentos\\GitHub\\Pruebas-de-Software---Presentaciones-Django-RobotFramework-\\recetario/sopaipilla.jpg</arg>
<doc>Inputs the ``file_path`` into the file input field ``locator``.</doc>
<msg timestamp="20221027 22:07:55.969" level="INFO">Sending C:\Users\inaki\OneDrive\Documentos\GitHub\Pruebas-de-Software---Presentaciones-Django-RobotFramework-\recetario\sopaipilla.jpg to browser.</msg>
<status status="PASS" starttime="20221027 22:07:55.968" endtime="20221027 22:07:56.001"/>
</kw>
<kw name="Wait Until Element Is Not Visible" library="SeleniumLibrary">
<arg>id:failed-alert</arg>
<doc>Waits until the element ``locator`` is not visible.</doc>
<status status="PASS" starttime="20221027 22:07:56.001" endtime="20221027 22:07:56.024"/>
</kw>
<kw name="Click Button" library="SeleniumLibrary">
<arg>Subir Receta</arg>
<doc>Clicks the button identified by ``locator``.</doc>
<msg timestamp="20221027 22:07:56.028" level="INFO">Clicking button 'Subir Receta'.</msg>
<status status="PASS" starttime="20221027 22:07:56.024" endtime="20221027 22:07:56.097"/>
</kw>
<kw name="Wait Until Element Is Visible" library="SeleniumLibrary">
<arg>id:success-alert</arg>
<doc>Waits until the element ``locator`` is visible.</doc>
<status status="PASS" starttime="20221027 22:07:56.097" endtime="20221027 22:07:56.351"/>
</kw>
<kw name="Wait Until Element Is Not Visible" library="SeleniumLibrary">
<arg>id:success-alert</arg>
<doc>Waits until the element ``locator`` is not visible.</doc>
<status status="PASS" starttime="20221027 22:07:56.351" endtime="20221027 22:07:58.656"/>
</kw>
<status status="PASS" starttime="20221027 22:07:55.568" endtime="20221027 22:07:58.656"/>
</iter>
<iter>
<var name="${i}">3</var>
<kw name="Input Text" library="SeleniumLibrary">
<arg>name:nombreReceta</arg>
<arg>Sopaipilla${i}</arg>
<doc>Types the given ``text`` into the text field identified by ``locator``.</doc>
<msg timestamp="20221027 22:07:58.658" level="INFO">Typing text 'Sopaipilla3' into text field 'name:nombreReceta'.</msg>
<status status="PASS" starttime="20221027 22:07:58.657" endtime="20221027 22:07:58.730"/>
</kw>
<kw name="Input Text" library="SeleniumLibrary">
<arg>name:ingredientes</arg>
<arg>Harina\nHuevos\nZapallo</arg>
<doc>Types the given ``text`` into the text field identified by ``locator``.</doc>
<msg timestamp="20221027 22:07:58.731" level="INFO">Typing text 'Harina
Huevos
Zapallo' into text field 'name:ingredientes'.</msg>
<status status="PASS" starttime="20221027 22:07:58.730" endtime="20221027 22:07:58.817"/>
</kw>
<kw name="Input Text" library="SeleniumLibrary">
<arg>name:pasos</arg>
<arg>Paso1\nPaso2\nPaso3\n</arg>
<doc>Types the given ``text`` into the text field identified by ``locator``.</doc>
<msg timestamp="20221027 22:07:58.818" level="INFO">Typing text 'Paso1
Paso2
Paso3
' into text field 'name:pasos'.</msg>
<status status="PASS" starttime="20221027 22:07:58.817" endtime="20221027 22:07:58.894"/>
</kw>
<kw name="Input Text" library="SeleniumLibrary">
<arg>name:autor</arg>
<arg>ABCDEFGHIJKLMNOPQRSTUVWXYZABCD1234</arg>
<doc>Types the given ``text`` into the text field identified by ``locator``.</doc>
<msg timestamp="20221027 22:07:58.895" level="INFO">Typing text 'ABCDEFGHIJKLMNOPQRSTUVWXYZABCD1234' into text field 'name:autor'.</msg>
<status status="PASS" starttime="20221027 22:07:58.894" endtime="20221027 22:07:58.997"/>
</kw>
<kw name="Choose File" library="SeleniumLibrary">
<arg>name:imagenReceta</arg>
<arg>C:\\Users\\inaki\\OneDrive\\Documentos\\GitHub\\Pruebas-de-Software---Presentaciones-Django-RobotFramework-\\recetario/sopaipilla.jpg</arg>
<doc>Inputs the ``file_path`` into the file input field ``locator``.</doc>
<msg timestamp="20221027 22:07:58.998" level="INFO">Sending C:\Users\inaki\OneDrive\Documentos\GitHub\Pruebas-de-Software---Presentaciones-Django-RobotFramework-\recetario\sopaipilla.jpg to browser.</msg>
<status status="PASS" starttime="20221027 22:07:58.997" endtime="20221027 22:07:59.037"/>
</kw>
<kw name="Wait Until Element Is Not Visible" library="SeleniumLibrary">
<arg>id:failed-alert</arg>
<doc>Waits until the element ``locator`` is not visible.</doc>
<status status="PASS" starttime="20221027 22:07:59.038" endtime="20221027 22:07:59.058"/>
</kw>
<kw name="Click Button" library="SeleniumLibrary">
<arg>Subir Receta</arg>
<doc>Clicks the button identified by ``locator``.</doc>
<msg timestamp="20221027 22:07:59.060" level="INFO">Clicking button 'Subir Receta'.</msg>
<status status="PASS" starttime="20221027 22:07:59.059" endtime="20221027 22:07:59.114"/>
</kw>
<kw name="Wait Until Element Is Visible" library="SeleniumLibrary">
<arg>id:success-alert</arg>
<doc>Waits until the element ``locator`` is visible.</doc>
<status status="PASS" starttime="20221027 22:07:59.114" endtime="20221027 22:07:59.364"/>
</kw>
<kw name="Wait Until Element Is Not Visible" library="SeleniumLibrary">
<arg>id:success-alert</arg>
<doc>Waits until the element ``locator`` is not visible.</doc>
<status status="PASS" starttime="20221027 22:07:59.364" endtime="20221027 22:08:01.825"/>
</kw>
<status status="PASS" starttime="20221027 22:07:58.656" endtime="20221027 22:08:01.825"/>
</iter>
<iter>
<var name="${i}">4</var>
<kw name="Input Text" library="SeleniumLibrary">
<arg>name:nombreReceta</arg>
<arg>Sopaipilla${i}</arg>
<doc>Types the given ``text`` into the text field identified by ``locator``.</doc>
<msg timestamp="20221027 22:08:01.826" level="INFO">Typing text 'Sopaipilla4' into text field 'name:nombreReceta'.</msg>
<status status="PASS" starttime="20221027 22:08:01.825" endtime="20221027 22:08:01.884"/>
</kw>
<kw name="Input Text" library="SeleniumLibrary">
<arg>name:ingredientes</arg>
<arg>Harina\nHuevos\nZapallo</arg>
<doc>Types the given ``text`` into the text field identified by ``locator``.</doc>
<msg timestamp="20221027 22:08:01.885" level="INFO">Typing text 'Harina
Huevos
Zapallo' into text field 'name:ingredientes'.</msg>
<status status="PASS" starttime="20221027 22:08:01.884" endtime="20221027 22:08:01.947"/>
</kw>
<kw name="Input Text" library="SeleniumLibrary">
<arg>name:pasos</arg>
<arg>Paso1\nPaso2\nPaso3\n</arg>
<doc>Types the given ``text`` into the text field identified by ``locator``.</doc>
<msg timestamp="20221027 22:08:01.948" level="INFO">Typing text 'Paso1
Paso2
Paso3
' into text field 'name:pasos'.</msg>
<status status="PASS" starttime="20221027 22:08:01.947" endtime="20221027 22:08:02.008"/>
</kw>
<kw name="Input Text" library="SeleniumLibrary">
<arg>name:autor</arg>
<arg>ABCDEFGHIJKLMNOPQRSTUVWXYZABCD1234</arg>
<doc>Types the given ``text`` into the text field identified by ``locator``.</doc>
<msg timestamp="20221027 22:08:02.009" level="INFO">Typing text 'ABCDEFGHIJKLMNOPQRSTUVWXYZABCD1234' into text field 'name:autor'.</msg>
<status status="PASS" starttime="20221027 22:08:02.009" endtime="20221027 22:08:02.092"/>
</kw>
<kw name="Choose File" library="SeleniumLibrary">
<arg>name:imagenReceta</arg>
<arg>C:\\Users\\inaki\\OneDrive\\Documentos\\GitHub\\Pruebas-de-Software---Presentaciones-Django-RobotFramework-\\recetario/sopaipilla.jpg</arg>
<doc>Inputs the ``file_path`` into the file input field ``locator``.</doc>
<msg timestamp="20221027 22:08:02.093" level="INFO">Sending C:\Users\inaki\OneDrive\Documentos\GitHub\Pruebas-de-Software---Presentaciones-Django-RobotFramework-\recetario\sopaipilla.jpg to browser.</msg>
<status status="PASS" starttime="20221027 22:08:02.092" endtime="20221027 22:08:02.119"/>
</kw>
<kw name="Wait Until Element Is Not Visible" library="SeleniumLibrary">
<arg>id:failed-alert</arg>
<doc>Waits until the element ``locator`` is not visible.</doc>
<status status="PASS" starttime="20221027 22:08:02.120" endtime="20221027 22:08:02.134"/>
</kw>
<kw name="Click Button" library="SeleniumLibrary">
<arg>Subir Receta</arg>
<doc>Clicks the button identified by ``locator``.</doc>
<msg timestamp="20221027 22:08:02.134" level="INFO">Clicking button 'Subir Receta'.</msg>
<status status="PASS" starttime="20221027 22:08:02.134" endtime="20221027 22:08:02.168"/>
</kw>
<kw name="Wait Until Element Is Visible" library="SeleniumLibrary">
<arg>id:success-alert</arg>
<doc>Waits until the element ``locator`` is visible.</doc>
<status status="PASS" starttime="20221027 22:08:02.168" endtime="20221027 22:08:02.407"/>
</kw>
<kw name="Wait Until Element Is Not Visible" library="SeleniumLibrary">
<arg>id:success-alert</arg>
<doc>Waits until the element ``locator`` is not visible.</doc>
<status status="PASS" starttime="20221027 22:08:02.407" endtime="20221027 22:08:04.859"/>
</kw>
<status status="PASS" starttime="20221027 22:08:01.825" endtime="20221027 22:08:04.859"/>
</iter>
<iter>
<var name="${i}">5</var>
<kw name="Input Text" library="SeleniumLibrary">
<arg>name:nombreReceta</arg>
<arg>Sopaipilla${i}</arg>
<doc>Types the given ``text`` into the text field identified by ``locator``.</doc>
<msg timestamp="20221027 22:08:04.859" level="INFO">Typing text 'Sopaipilla5' into text field 'name:nombreReceta'.</msg>
<status status="PASS" starttime="20221027 22:08:04.859" endtime="20221027 22:08:04.934"/>
</kw>
<kw name="Input Text" library="SeleniumLibrary">
<arg>name:ingredientes</arg>
<arg>Harina\nHuevos\nZapallo</arg>
<doc>Types the given ``text`` into the text field identified by ``locator``.</doc>
<msg timestamp="20221027 22:08:04.935" level="INFO">Typing text 'Harina
Huevos
Zapallo' into text field 'name:ingredientes'.</msg>
<status status="PASS" starttime="20221027 22:08:04.935" endtime="20221027 22:08:05.011"/>
</kw>
<kw name="Input Text" library="SeleniumLibrary">
<arg>name:pasos</arg>
<arg>Paso1\nPaso2\nPaso3\n</arg>
<doc>Types the given ``text`` into the text field identified by ``locator``.</doc>
<msg timestamp="20221027 22:08:05.012" level="INFO">Typing text 'Paso1
Paso2
Paso3
' into text field 'name:pasos'.</msg>
<status status="PASS" starttime="20221027 22:08:05.011" endtime="20221027 22:08:05.080"/>
</kw>
<kw name="Input Text" library="SeleniumLibrary">
<arg>name:autor</arg>
<arg>ABCDEFGHIJKLMNOPQRSTUVWXYZABCD1234</arg>
<doc>Types the given ``text`` into the text field identified by ``locator``.</doc>
<msg timestamp="20221027 22:08:05.082" level="INFO">Typing text 'ABCDEFGHIJKLMNOPQRSTUVWXYZABCD1234' into text field 'name:autor'.</msg>
<status status="PASS" starttime="20221027 22:08:05.081" endtime="20221027 22:08:05.180"/>
</kw>
<kw name="Choose File" library="SeleniumLibrary">
<arg>name:imagenReceta</arg>
<arg>C:\\Users\\inaki\\OneDrive\\Documentos\\GitHub\\Pruebas-de-Software---Presentaciones-Django-RobotFramework-\\recetario/sopaipilla.jpg</arg>
<doc>Inputs the ``file_path`` into the file input field ``locator``.</doc>
<msg timestamp="20221027 22:08:05.181" level="INFO">Sending C:\Users\inaki\OneDrive\Documentos\GitHub\Pruebas-de-Software---Presentaciones-Django-RobotFramework-\recetario\sopaipilla.jpg to browser.</msg>
<status status="PASS" starttime="20221027 22:08:05.180" endtime="20221027 22:08:05.211"/>
</kw>
<kw name="Wait Until Element Is Not Visible" library="SeleniumLibrary">
<arg>id:failed-alert</arg>
<doc>Waits until the element ``locator`` is not visible.</doc>
<status status="PASS" starttime="20221027 22:08:05.212" endtime="20221027 22:08:05.232"/>
</kw>
<kw name="Click Button" library="SeleniumLibrary">
<arg>Subir Receta</arg>
<doc>Clicks the button identified by ``locator``.</doc>
<msg timestamp="20221027 22:08:05.234" level="INFO">Clicking button 'Subir Receta'.</msg>
<status status="PASS" starttime="20221027 22:08:05.233" endtime="20221027 22:08:05.282"/>
</kw>
<kw name="Wait Until Element Is Visible" library="SeleniumLibrary">
<arg>id:success-alert</arg>
<doc>Waits until the element ``locator`` is visible.</doc>
<status status="PASS" starttime="20221027 22:08:05.282" endtime="20221027 22:08:05.530"/>
</kw>
<kw name="Wait Until Element Is Not Visible" library="SeleniumLibrary">
<arg>id:success-alert</arg>
<doc>Waits until the element ``locator`` is not visible.</doc>
<status status="PASS" starttime="20221027 22:08:05.531" endtime="20221027 22:08:08.001"/>
</kw>
<status status="PASS" starttime="20221027 22:08:04.859" endtime="20221027 22:08:08.001"/>
</iter>
<iter>
<var name="${i}">6</var>
<kw name="Input Text" library="SeleniumLibrary">
<arg>name:nombreReceta</arg>
<arg>Sopaipilla${i}</arg>
<doc>Types the given ``text`` into the text field identified by ``locator``.</doc>
<msg timestamp="20221027 22:08:08.002" level="INFO">Typing text 'Sopaipilla6' into text field 'name:nombreReceta'.</msg>
<status status="PASS" starttime="20221027 22:08:08.001" endtime="20221027 22:08:08.057"/>
</kw>
<kw name="Input Text" library="SeleniumLibrary">
<arg>name:ingredientes</arg>
<arg>Harina\nHuevos\nZapallo</arg>
<doc>Types the given ``text`` into the text field identified by ``locator``.</doc>
<msg timestamp="20221027 22:08:08.058" level="INFO">Typing text 'Harina
Huevos
Zapallo' into text field 'name:ingredientes'.</msg>
<status status="PASS" starttime="20221027 22:08:08.057" endtime="20221027 22:08:08.115"/>
</kw>
<kw name="Input Text" library="SeleniumLibrary">
<arg>name:pasos</arg>
<arg>Paso1\nPaso2\nPaso3\n</arg>
<doc>Types the given ``text`` into the text field identified by ``locator``.</doc>
<msg timestamp="20221027 22:08:08.115" level="INFO">Typing text 'Paso1
Paso2
Paso3
' into text field 'name:pasos'.</msg>
<status status="PASS" starttime="20221027 22:08:08.115" endtime="20221027 22:08:08.171"/>
</kw>
<kw name="Input Text" library="SeleniumLibrary">
<arg>name:autor</arg>
<arg>ABCDEFGHIJKLMNOPQRSTUVWXYZABCD1234</arg>
<doc>Types the given ``text`` into the text field identified by ``locator``.</doc>
<msg timestamp="20221027 22:08:08.172" level="INFO">Typing text 'ABCDEFGHIJKLMNOPQRSTUVWXYZABCD1234' into text field 'name:autor'.</msg>
<status status="PASS" starttime="20221027 22:08:08.172" endtime="20221027 22:08:08.245"/>
</kw>
<kw name="Choose File" library="SeleniumLibrary">
<arg>name:imagenReceta</arg>
<arg>C:\\Users\\inaki\\OneDrive\\Documentos\\GitHub\\Pruebas-de-Software---Presentaciones-Django-RobotFramework-\\recetario/sopaipilla.jpg</arg>
<doc>Inputs the ``file_path`` into the file input field ``locator``.</doc>
<msg timestamp="20221027 22:08:08.245" level="INFO">Sending C:\Users\inaki\OneDrive\Documentos\GitHub\Pruebas-de-Software---Presentaciones-Django-RobotFramework-\recetario\sopaipilla.jpg to browser.</msg>
<status status="PASS" starttime="20221027 22:08:08.245" endtime="20221027 22:08:08.267"/>
</kw>
<kw name="Wait Until Element Is Not Visible" library="SeleniumLibrary">
<arg>id:failed-alert</arg>
<doc>Waits until the element ``locator`` is not visible.</doc>
<status status="PASS" starttime="20221027 22:08:08.267" endtime="20221027 22:08:08.283"/>
</kw>
<kw name="Click Button" library="SeleniumLibrary">
<arg>Subir Receta</arg>
<doc>Clicks the button identified by ``locator``.</doc>
<msg timestamp="20221027 22:08:08.283" level="INFO">Clicking button 'Subir Receta'.</msg>
<status status="PASS" starttime="20221027 22:08:08.283" endtime="20221027 22:08:08.331"/>
</kw>
<kw name="Wait Until Element Is Visible" library="SeleniumLibrary">
<arg>id:success-alert</arg>
<doc>Waits until the element ``locator`` is visible.</doc>
<status status="PASS" starttime="20221027 22:08:08.331" endtime="20221027 22:08:08.569"/>
</kw>
<kw name="Wait Until Element Is Not Visible" library="SeleniumLibrary">
<arg>id:success-alert</arg>
<doc>Waits until the element ``locator`` is not visible.</doc>
<status status="PASS" starttime="20221027 22:08:08.570" endtime="20221027 22:08:11.020"/>
</kw>
<status status="PASS" starttime="20221027 22:08:08.001" endtime="20221027 22:08:11.020"/>
</iter>
<iter>
<var name="${i}">7</var>
<kw name="Input Text" library="SeleniumLibrary">
<arg>name:nombreReceta</arg>
<arg>Sopaipilla${i}</arg>
<doc>Types the given ``text`` into the text field identified by ``locator``.</doc>
<msg timestamp="20221027 22:08:11.020" level="INFO">Typing text 'Sopaipilla7' into text field 'name:nombreReceta'.</msg>
<status status="PASS" starttime="20221027 22:08:11.020" endtime="20221027 22:08:11.069"/>
</kw>
<kw name="Input Text" library="SeleniumLibrary">
<arg>name:ingredientes</arg>
<arg>Harina\nHuevos\nZapallo</arg>
<doc>Types the given ``text`` into the text field identified by ``locator``.</doc>
<msg timestamp="20221027 22:08:11.069" level="INFO">Typing text 'Harina
Huevos
Zapallo' into text field 'name:ingredientes'.</msg>
<status status="PASS" starttime="20221027 22:08:11.069" endtime="20221027 22:08:11.129"/>
</kw>
<kw name="Input Text" library="SeleniumLibrary">
<arg>name:pasos</arg>
<arg>Paso1\nPaso2\nPaso3\n</arg>
<doc>Types the given ``text`` into the text field identified by ``locator``.</doc>
<msg timestamp="20221027 22:08:11.130" level="INFO">Typing text 'Paso1
Paso2
Paso3
' into text field 'name:pasos'.</msg>
<status status="PASS" starttime="20221027 22:08:11.129" endtime="20221027 22:08:11.189"/>
</kw>
<kw name="Input Text" library="SeleniumLibrary">
<arg>name:autor</arg>
<arg>ABCDEFGHIJKLMNOPQRSTUVWXYZABCD1234</arg>
<doc>Types the given ``text`` into the text field identified by ``locator``.</doc>
<msg timestamp="20221027 22:08:11.190" level="INFO">Typing text 'ABCDEFGHIJKLMNOPQRSTUVWXYZABCD1234' into text field 'name:autor'.</msg>
<status status="PASS" starttime="20221027 22:08:11.189" endtime="20221027 22:08:11.266"/>
</kw>
<kw name="Choose File" library="SeleniumLibrary">
<arg>name:imagenReceta</arg>
<arg>C:\\Users\\inaki\\OneDrive\\Documentos\\GitHub\\Pruebas-de-Software---Presentaciones-Django-RobotFramework-\\recetario/sopaipilla.jpg</arg>
<doc>Inputs the ``file_path`` into the file input field ``locator``.</doc>
<msg timestamp="20221027 22:08:11.267" level="INFO">Sending C:\Users\inaki\OneDrive\Documentos\GitHub\Pruebas-de-Software---Presentaciones-Django-RobotFramework-\recetario\sopaipilla.jpg to browser.</msg>
<status status="PASS" starttime="20221027 22:08:11.266" endtime="20221027 22:08:11.291"/>
</kw>
<kw name="Wait Until Element Is Not Visible" library="SeleniumLibrary">
<arg>id:failed-alert</arg>
<doc>Waits until the element ``locator`` is not visible.</doc>
<status status="PASS" starttime="20221027 22:08:11.291" endtime="20221027 22:08:11.304"/>
</kw>
<kw name="Click Button" library="SeleniumLibrary">
<arg>Subir Receta</arg>
<doc>Clicks the button identified by ``locator``.</doc>
<msg timestamp="20221027 22:08:11.305" level="INFO">Clicking button 'Subir Receta'.</msg>
<status status="PASS" starttime="20221027 22:08:11.304" endtime="20221027 22:08:11.343"/>
</kw>
<kw name="Wait Until Element Is Visible" library="SeleniumLibrary">
<arg>id:success-alert</arg>
<doc>Waits until the element ``locator`` is visible.</doc>
<status status="PASS" starttime="20221027 22:08:11.343" endtime="20221027 22:08:11.584"/>
</kw>
<kw name="Wait Until Element Is Not Visible" library="SeleniumLibrary">
<arg>id:success-alert</arg>
<doc>Waits until the element ``locator`` is not visible.</doc>
<status status="PASS" starttime="20221027 22:08:11.584" endtime="20221027 22:08:14.021"/>
</kw>
<status status="PASS" starttime="20221027 22:08:11.020" endtime="20221027 22:08:14.021"/>
</iter>
<iter>
<var name="${i}">8</var>
<kw name="Input Text" library="SeleniumLibrary">
<arg>name:nombreReceta</arg>
<arg>Sopaipilla${i}</arg>
<doc>Types the given ``text`` into the text field identified by ``locator``.</doc>
<msg timestamp="20221027 22:08:14.022" level="INFO">Typing text 'Sopaipilla8' into text field 'name:nombreReceta'.</msg>
<status status="PASS" starttime="20221027 22:08:14.021" endtime="20221027 22:08:14.078"/>
</kw>
<kw name="Input Text" library="SeleniumLibrary">
<arg>name:ingredientes</arg>
<arg>Harina\nHuevos\nZapallo</arg>
<doc>Types the given ``text`` into the text field identified by ``locator``.</doc>
<msg timestamp="20221027 22:08:14.080" level="INFO">Typing text 'Harina
Huevos
Zapallo' into text field 'name:ingredientes'.</msg>
<status status="PASS" starttime="20221027 22:08:14.080" endtime="20221027 22:08:14.135"/>
</kw>
<kw name="Input Text" library="SeleniumLibrary">
<arg>name:pasos</arg>
<arg>Paso1\nPaso2\nPaso3\n</arg>
<doc>Types the given ``text`` into the text field identified by ``locator``.</doc>
<msg timestamp="20221027 22:08:14.136" level="INFO">Typing text 'Paso1
Paso2
Paso3
' into text field 'name:pasos'.</msg>
<status status="PASS" starttime="20221027 22:08:14.135" endtime="20221027 22:08:14.193"/>
</kw>
<kw name="Input Text" library="SeleniumLibrary">
<arg>name:autor</arg>
<arg>ABCDEFGHIJKLMNOPQRSTUVWXYZABCD1234</arg>
<doc>Types the given ``text`` into the text field identified by ``locator``.</doc>
<msg timestamp="20221027 22:08:14.194" level="INFO">Typing text 'ABCDEFGHIJKLMNOPQRSTUVWXYZABCD1234' into text field 'name:autor'.</msg>
<status status="PASS" starttime="20221027 22:08:14.193" endtime="20221027 22:08:14.273"/>
</kw>
<kw name="Choose File" library="SeleniumLibrary">
<arg>name:imagenReceta</arg>
<arg>C:\\Users\\inaki\\OneDrive\\Documentos\\GitHub\\Pruebas-de-Software---Presentaciones-Django-RobotFramework-\\recetario/sopaipilla.jpg</arg>
<doc>Inputs the ``file_path`` into the file input field ``locator``.</doc>
<msg timestamp="20221027 22:08:14.274" level="INFO">Sending C:\Users\inaki\OneDrive\Documentos\GitHub\Pruebas-de-Software---Presentaciones-Django-RobotFramework-\recetario\sopaipilla.jpg to browser.</msg>
<status status="PASS" starttime="20221027 22:08:14.273" endtime="20221027 22:08:14.299"/>
</kw>
<kw name="Wait Until Element Is Not Visible" library="SeleniumLibrary">
<arg>id:failed-alert</arg>
<doc>Waits until the element ``locator`` is not visible.</doc>
<status status="PASS" starttime="20221027 22:08:14.299" endtime="20221027 22:08:14.315"/>
</kw>
<kw name="Click Button" library="SeleniumLibrary">
<arg>Subir Receta</arg>
<doc>Clicks the button identified by ``locator``.</doc>
<msg timestamp="20221027 22:08:14.315" level="INFO">Clicking button 'Subir Receta'.</msg>
<status status="PASS" starttime="20221027 22:08:14.315" endtime="20221027 22:08:14.353"/>
</kw>
<kw name="Wait Until Element Is Visible" library="SeleniumLibrary">
<arg>id:success-alert</arg>
<doc>Waits until the element ``locator`` is visible.</doc>
<status status="PASS" starttime="20221027 22:08:14.353" endtime="20221027 22:08:14.601"/>
</kw>
<kw name="Wait Until Element Is Not Visible" library="SeleniumLibrary">
<arg>id:success-alert</arg>
<doc>Waits until the element ``locator`` is not visible.</doc>
<status status="PASS" starttime="20221027 22:08:14.601" endtime="20221027 22:08:17.054"/>
</kw>
<status status="PASS" starttime="20221027 22:08:14.021" endtime="20221027 22:08:17.054"/>
</iter>
<iter>
<var name="${i}">9</var>
<kw name="Input Text" library="SeleniumLibrary">
<arg>name:nombreReceta</arg>
<arg>Sopaipilla${i}</arg>
<doc>Types the given ``text`` into the text field identified by ``locator``.</doc>
<msg timestamp="20221027 22:08:17.054" level="INFO">Typing text 'Sopaipilla9' into text field 'name:nombreReceta'.</msg>
<status status="PASS" starttime="20221027 22:08:17.054" endtime="20221027 22:08:17.109"/>
</kw>
<kw name="Input Text" library="SeleniumLibrary">
<arg>name:ingredientes</arg>
<arg>Harina\nHuevos\nZapallo</arg>
<doc>Types the given ``text`` into the text field identified by ``locator``.</doc>
<msg timestamp="20221027 22:08:17.110" level="INFO">Typing text 'Harina
Huevos
Zapallo' into text field 'name:ingredientes'.</msg>
<status status="PASS" starttime="20221027 22:08:17.109" endtime="20221027 22:08:17.166"/>
</kw>
<kw name="Input Text" library="SeleniumLibrary">
<arg>name:pasos</arg>
<arg>Paso1\nPaso2\nPaso3\n</arg>
<doc>Types the given ``text`` into the text field identified by ``locator``.</doc>
<msg timestamp="20221027 22:08:17.167" level="INFO">Typing text 'Paso1
Paso2
Paso3
' into text field 'name:pasos'.</msg>
<status status="PASS" starttime="20221027 22:08:17.167" endtime="20221027 22:08:17.223"/>
</kw>
<kw name="Input Text" library="SeleniumLibrary">
<arg>name:autor</arg>
<arg>ABCDEFGHIJKLMNOPQRSTUVWXYZABCD1234</arg>
<doc>Types the given ``text`` into the text field identified by ``locator``.</doc>
<msg timestamp="20221027 22:08:17.224" level="INFO">Typing text 'ABCDEFGHIJKLMNOPQRSTUVWXYZABCD1234' into text field 'name:autor'.</msg>
<status status="PASS" starttime="20221027 22:08:17.223" endtime="20221027 22:08:17.297"/>
</kw>
<kw name="Choose File" library="SeleniumLibrary">
<arg>name:imagenReceta</arg>
<arg>C:\\Users\\inaki\\OneDrive\\Documentos\\GitHub\\Pruebas-de-Software---Presentaciones-Django-RobotFramework-\\recetario/sopaipilla.jpg</arg>
<doc>Inputs the ``file_path`` into the file input field ``locator``.</doc>
<msg timestamp="20221027 22:08:17.298" level="INFO">Sending C:\Users\inaki\OneDrive\Documentos\GitHub\Pruebas-de-Software---Presentaciones-Django-RobotFramework-\recetario\sopaipilla.jpg to browser.</msg>
<status status="PASS" starttime="20221027 22:08:17.297" endtime="20221027 22:08:17.320"/>
</kw>
<kw name="Wait Until Element Is Not Visible" library="SeleniumLibrary">
<arg>id:failed-alert</arg>
<doc>Waits until the element ``locator`` is not visible.</doc>
<status status="PASS" starttime="20221027 22:08:17.320" endtime="20221027 22:08:17.334"/>
</kw>
<kw name="Click Button" library="SeleniumLibrary">
<arg>Subir Receta</arg>
<doc>Clicks the button identified by ``locator``.</doc>
<msg timestamp="20221027 22:08:17.334" level="INFO">Clicking button 'Subir Receta'.</msg>
<status status="PASS" starttime="20221027 22:08:17.334" endtime="20221027 22:08:17.371"/>
</kw>
<kw name="Wait Until Element Is Visible" library="SeleniumLibrary">
<arg>id:success-alert</arg>
<doc>Waits until the element ``locator`` is visible.</doc>
<status status="PASS" starttime="20221027 22:08:17.372" endtime="20221027 22:08:17.605"/>
</kw>
<kw name="Wait Until Element Is Not Visible" library="SeleniumLibrary">
<arg>id:success-alert</arg>
<doc>Waits until the element ``locator`` is not visible.</doc>
<status status="PASS" starttime="20221027 22:08:17.605" endtime="20221027 22:08:20.035"/>
</kw>
<status status="PASS" starttime="20221027 22:08:17.054" endtime="20221027 22:08:20.035"/>
</iter>
<iter>
<var name="${i}">10</var>
<kw name="Input Text" library="SeleniumLibrary">
<arg>name:nombreReceta</arg>
<arg>Sopaipilla${i}</arg>
<doc>Types the given ``text`` into the text field identified by ``locator``.</doc>
<msg timestamp="20221027 22:08:20.035" level="INFO">Typing text 'Sopaipilla10' into text field 'name:nombreReceta'.</msg>
<status status="PASS" starttime="20221027 22:08:20.035" endtime="20221027 22:08:20.088"/>
</kw>
<kw name="Input Text" library="SeleniumLibrary">
<arg>name:ingredientes</arg>
<arg>Harina\nHuevos\nZapallo</arg>
<doc>Types the given ``text`` into the text field identified by ``locator``.</doc>
<msg timestamp="20221027 22:08:20.089" level="INFO">Typing text 'Harina
Huevos
Zapallo' into text field 'name:ingredientes'.</msg>
<status status="PASS" starttime="20221027 22:08:20.088" endtime="20221027 22:08:20.150"/>
</kw>
<kw name="Input Text" library="SeleniumLibrary">
<arg>name:pasos</arg>
<arg>Paso1\nPaso2\nPaso3\n</arg>
<doc>Types the given ``text`` into the text field identified by ``locator``.</doc>
<msg timestamp="20221027 22:08:20.151" level="INFO">Typing text 'Paso1
Paso2
Paso3
' into text field 'name:pasos'.</msg>
<status status="PASS" starttime="20221027 22:08:20.150" endtime="20221027 22:08:20.209"/>
</kw>
<kw name="Input Text" library="SeleniumLibrary">
<arg>name:autor</arg>
<arg>ABCDEFGHIJKLMNOPQRSTUVWXYZABCD1234</arg>
<doc>Types the given ``text`` into the text field identified by ``locator``.</doc>
<msg timestamp="20221027 22:08:20.210" level="INFO">Typing text 'ABCDEFGHIJKLMNOPQRSTUVWXYZABCD1234' into text field 'name:autor'.</msg>
<status status="PASS" starttime="20221027 22:08:20.210" endtime="20221027 22:08:20.283"/>
</kw>
<kw name="Choose File" library="SeleniumLibrary">
<arg>name:imagenReceta</arg>
<arg>C:\\Users\\inaki\\OneDrive\\Documentos\\GitHub\\Pruebas-de-Software---Presentaciones-Django-RobotFramework-\\recetario/sopaipilla.jpg</arg>
<doc>Inputs the ``file_path`` into the file input field ``locator``.</doc>
<msg timestamp="20221027 22:08:20.284" level="INFO">Sending C:\Users\inaki\OneDrive\Documentos\GitHub\Pruebas-de-Software---Presentaciones-Django-RobotFramework-\recetario\sopaipilla.jpg to browser.</msg>
<status status="PASS" starttime="20221027 22:08:20.283" endtime="20221027 22:08:20.308"/>
</kw>
<kw name="Wait Until Element Is Not Visible" library="SeleniumLibrary">
<arg>id:failed-alert</arg>
<doc>Waits until the element ``locator`` is not visible.</doc>
<status status="PASS" starttime="20221027 22:08:20.309" endtime="20221027 22:08:20.323"/>
</kw>
<kw name="Click Button" library="SeleniumLibrary">
<arg>Subir Receta</arg>
<doc>Clicks the button identified by ``locator``.</doc>
<msg timestamp="20221027 22:08:20.324" level="INFO">Clicking button 'Subir Receta'.</msg>
<status status="PASS" starttime="20221027 22:08:20.323" endtime="20221027 22:08:20.361"/>
</kw>
<kw name="Wait Until Element Is Visible" library="SeleniumLibrary">
<arg>id:success-alert</arg>
<doc>Waits until the element ``locator`` is visible.</doc>
<status status="PASS" starttime="20221027 22:08:20.361" endtime="20221027 22:08:20.596"/>
</kw>
<kw name="Wait Until Element Is Not Visible" library="SeleniumLibrary">
<arg>id:success-alert</arg>
<doc>Waits until the element ``locator`` is not visible.</doc>
<status status="PASS" starttime="20221027 22:08:20.596" endtime="20221027 22:08:23.020"/>
</kw>
<status status="PASS" starttime="20221027 22:08:20.035" endtime="20221027 22:08:23.020"/>
</iter>
<iter>
<var name="${i}">11</var>
<kw name="Input Text" library="SeleniumLibrary">
<arg>name:nombreReceta</arg>
<arg>Sopaipilla${i}</arg>
<doc>Types the given ``text`` into the text field identified by ``locator``.</doc>
<msg timestamp="20221027 22:08:23.021" level="INFO">Typing text 'Sopaipilla11' into text field 'name:nombreReceta'.</msg>
<status status="PASS" starttime="20221027 22:08:23.020" endtime="20221027 22:08:23.077"/>
</kw>
<kw name="Input Text" library="SeleniumLibrary">
<arg>name:ingredientes</arg>
<arg>Harina\nHuevos\nZapallo</arg>
<doc>Types the given ``text`` into the text field identified by ``locator``.</doc>
<msg timestamp="20221027 22:08:23.078" level="INFO">Typing text 'Harina
Huevos
Zapallo' into text field 'name:ingredientes'.</msg>
<status status="PASS" starttime="20221027 22:08:23.078" endtime="20221027 22:08:23.138"/>
</kw>
<kw name="Input Text" library="SeleniumLibrary">
<arg>name:pasos</arg>
<arg>Paso1\nPaso2\nPaso3\n</arg>
<doc>Types the given ``text`` into the text field identified by ``locator``.</doc>
<msg timestamp="20221027 22:08:23.139" level="INFO">Typing text 'Paso1
Paso2
Paso3
' into text field 'name:pasos'.</msg>
<status status="PASS" starttime="20221027 22:08:23.138" endtime="20221027 22:08:23.196"/>
</kw>
<kw name="Input Text" library="SeleniumLibrary">
<arg>name:autor</arg>
<arg>ABCDEFGHIJKLMNOPQRSTUVWXYZABCD1234</arg>
<doc>Types the given ``text`` into the text field identified by ``locator``.</doc>
<msg timestamp="20221027 22:08:23.197" level="INFO">Typing text 'ABCDEFGHIJKLMNOPQRSTUVWXYZABCD1234' into text field 'name:autor'.</msg>
<status status="PASS" starttime="20221027 22:08:23.197" endtime="20221027 22:08:23.277"/>
</kw>
<kw name="Choose File" library="SeleniumLibrary">
<arg>name:imagenReceta</arg>
<arg>C:\\Users\\inaki\\OneDrive\\Documentos\\GitHub\\Pruebas-de-Software---Presentaciones-Django-RobotFramework-\\recetario/sopaipilla.jpg</arg>
<doc>Inputs the ``file_path`` into the file input field ``locator``.</doc>
<msg timestamp="20221027 22:08:23.278" level="INFO">Sending C:\Users\inaki\OneDrive\Documentos\GitHub\Pruebas-de-Software---Presentaciones-Django-RobotFramework-\recetario\sopaipilla.jpg to browser.</msg>
<status status="PASS" starttime="20221027 22:08:23.277" endtime="20221027 22:08:23.300"/>
</kw>
<kw name="Wait Until Element Is Not Visible" library="SeleniumLibrary">
<arg>id:failed-alert</arg>
<doc>Waits until the element ``locator`` is not visible.</doc>
<status status="PASS" starttime="20221027 22:08:23.300" endtime="20221027 22:08:23.319"/>
</kw>
<kw name="Click Button" library="SeleniumLibrary">
<arg>Subir Receta</arg>
<doc>Clicks the button identified by ``locator``.</doc>
<msg timestamp="20221027 22:08:23.319" level="INFO">Clicking button 'Subir Receta'.</msg>
<status status="PASS" starttime="20221027 22:08:23.319" endtime="20221027 22:08:23.355"/>
</kw>
<kw name="Wait Until Element Is Visible" library="SeleniumLibrary">
<arg>id:success-alert</arg>
<doc>Waits until the element ``locator`` is visible.</doc>
<status status="PASS" starttime="20221027 22:08:23.356" endtime="20221027 22:08:23.599"/>
</kw>
<kw name="Wait Until Element Is Not Visible" library="SeleniumLibrary">
<arg>id:success-alert</arg>
<doc>Waits until the element ``locator`` is not visible.</doc>
<status status="PASS" starttime="20221027 22:08:23.600" endtime="20221027 22:08:26.036"/>
</kw>
<status status="PASS" starttime="20221027 22:08:23.020" endtime="20221027 22:08:26.036"/>
</iter>
<status status="PASS" starttime="20221027 22:07:52.329" endtime="20221027 22:08:26.036"/>
</for>
<kw name="Click Button" library="SeleniumLibrary">
<arg>id:verRecetas</arg>
<doc>Clicks the button identified by ``locator``.</doc>
<msg timestamp="20221027 22:08:26.037" level="INFO">Clicking button 'id:verRecetas'.</msg>
<status status="PASS" starttime="20221027 22:08:26.037" endtime="20221027 22:08:26.169"/>
</kw>
<kw name="Page Should Contain" library="SeleniumLibrary">
<arg>Ver recetas</arg>
<doc>Verifies that current page contains ``text``.</doc>
<msg timestamp="20221027 22:08:26.192" level="INFO">Current page contains text 'Ver recetas'.</msg>
<status status="PASS" starttime="20221027 22:08:26.169" endtime="20221027 22:08:26.192"/>
</kw>
<kw name="Page Should Contain" library="SeleniumLibrary">
<arg>Sopaipilla1</arg>
<doc>Verifies that current page contains ``text``.</doc>
<msg timestamp="20221027 22:08:26.206" level="INFO">Current page contains text 'Sopaipilla1'.</msg>
<status status="PASS" starttime="20221027 22:08:26.192" endtime="20221027 22:08:26.207"/>
</kw>
<kw name="Page Should Contain" library="SeleniumLibrary">
<arg>Sopaipilla2</arg>
<doc>Verifies that current page contains ``text``.</doc>
<msg timestamp="20221027 22:08:26.222" level="INFO">Current page contains text 'Sopaipilla2'.</msg>
<status status="PASS" starttime="20221027 22:08:26.207" endtime="20221027 22:08:26.222"/>
</kw>
<kw name="Page Should Contain" library="SeleniumLibrary">
<arg>Sopaipilla3</arg>
<doc>Verifies that current page contains ``text``.</doc>
<msg timestamp="20221027 22:08:26.234" level="INFO">Current page contains text 'Sopaipilla3'.</msg>
<status status="PASS" starttime="20221027 22:08:26.223" endtime="20221027 22:08:26.234"/>
</kw>
<kw name="Page Should Contain" library="SeleniumLibrary">
<arg>Sopaipilla4</arg>
<doc>Verifies that current page contains ``text``.</doc>
<msg timestamp="20221027 22:08:26.249" level="INFO">Current page contains text 'Sopaipilla4'.</msg>
<status status="PASS" starttime="20221027 22:08:26.235" endtime="20221027 22:08:26.249"/>
</kw>
<kw name="Page Should Contain" library="SeleniumLibrary">
<arg>Sopaipilla5</arg>
<doc>Verifies that current page contains ``text``.</doc>
<msg timestamp="20221027 22:08:26.262" level="INFO">Current page contains text 'Sopaipilla5'.</msg>
<status status="PASS" starttime="20221027 22:08:26.249" endtime="20221027 22:08:26.262"/>
</kw>
<kw name="Page Should Contain" library="SeleniumLibrary">
<arg>Sopaipilla6</arg>
<doc>Verifies that current page contains ``text``.</doc>
<msg timestamp="20221027 22:08:26.275" level="INFO">Current page contains text 'Sopaipilla6'.</msg>
<status status="PASS" starttime="20221027 22:08:26.263" endtime="20221027 22:08:26.276"/>
</kw>
<kw name="Page Should Contain" library="SeleniumLibrary">
<arg>Sopaipilla7</arg>
<doc>Verifies that current page contains ``text``.</doc>
<msg timestamp="20221027 22:08:26.290" level="INFO">Current page contains text 'Sopaipilla7'.</msg>
<status status="PASS" starttime="20221027 22:08:26.276" endtime="20221027 22:08:26.290"/>
</kw>
<kw name="Page Should Contain" library="SeleniumLibrary">
<arg>Sopaipilla8</arg>
<doc>Verifies that current page contains ``text``.</doc>
<msg timestamp="20221027 22:08:26.301" level="INFO">Current page contains text 'Sopaipilla8'.</msg>
<status status="PASS" starttime="20221027 22:08:26.290" endtime="20221027 22:08:26.301"/>
</kw>
<kw name="Page Should Contain" library="SeleniumLibrary">
<arg>Sopaipilla9</arg>
<doc>Verifies that current page contains ``text``.</doc>
<msg timestamp="20221027 22:08:26.315" level="INFO">Current page contains text 'Sopaipilla9'.</msg>
<status status="PASS" starttime="20221027 22:08:26.302" endtime="20221027 22:08:26.315"/>
</kw>
<kw name="Page Should Contain" library="SeleniumLibrary">
<arg>Sopaipilla10</arg>
<doc>Verifies that current page contains ``text``.</doc>
<msg timestamp="20221027 22:08:26.328" level="INFO">Current page contains text 'Sopaipilla10'.</msg>
<status status="PASS" starttime="20221027 22:08:26.316" endtime="20221027 22:08:26.328"/>
</kw>
<kw name="Page Should Contain" library="SeleniumLibrary">
<arg>Sopaipilla11</arg>
<doc>Verifies that current page contains ``text``.</doc>
<msg timestamp="20221027 22:08:26.344" level="INFO">Current page contains text 'Sopaipilla11'.</msg>
<status status="PASS" starttime="20221027 22:08:26.330" endtime="20221027 22:08:26.344"/>
</kw>
<for flavor="IN RANGE">
<var>${b}</var>
<value>1</value>
<value>12</value>
<iter>
<var name="${b}">1</var>
<kw name="Click Link" library="SeleniumLibrary">
<arg>name:verReceta</arg>
<doc>Clicks a link identified by ``locator``.</doc>
<msg timestamp="20221027 22:08:26.346" level="INFO">Clicking link 'name:verReceta'.</msg>
<status status="PASS" starttime="20221027 22:08:26.345" endtime="20221027 22:08:26.570"/>
</kw>
<kw name="Page Should Contain" library="SeleniumLibrary">
<arg>Preparacion:</arg>
<doc>Verifies that current page contains ``text``.</doc>
<msg timestamp="20221027 22:08:26.591" level="INFO">Current page contains text 'Preparacion:'.</msg>
<status status="PASS" starttime="20221027 22:08:26.570" endtime="20221027 22:08:26.591"/>
</kw>
<kw name="Click Button" library="SeleniumLibrary">
<arg>id:eliminarReceta</arg>
<doc>Clicks the button identified by ``locator``.</doc>
<msg timestamp="20221027 22:08:26.593" level="INFO">Clicking button 'id:eliminarReceta'.</msg>
<status status="PASS" starttime="20221027 22:08:26.592" endtime="20221027 22:08:26.759"/>
</kw>
<kw name="Page Should Contain" library="SeleniumLibrary">
<arg>Ver recetas</arg>
<doc>Verifies that current page contains ``text``.</doc>
<msg timestamp="20221027 22:08:26.772" level="INFO">Current page contains text 'Ver recetas'.</msg>
<status status="PASS" starttime="20221027 22:08:26.759" endtime="20221027 22:08:26.772"/>
</kw>
<status status="PASS" starttime="20221027 22:08:26.345" endtime="20221027 22:08:26.772"/>
</iter>
<iter>
<var name="${b}">2</var>
<kw name="Click Link" library="SeleniumLibrary">
<arg>name:verReceta</arg>
<doc>Clicks a link identified by ``locator``.</doc>
<msg timestamp="20221027 22:08:26.773" level="INFO">Clicking link 'name:verReceta'.</msg>
<status status="PASS" starttime="20221027 22:08:26.773" endtime="20221027 22:08:26.911"/>
</kw>
<kw name="Page Should Contain" library="SeleniumLibrary">
<arg>Preparacion:</arg>
<doc>Verifies that current page contains ``text``.</doc>
<msg timestamp="20221027 22:08:26.921" level="INFO">Current page contains text 'Preparacion:'.</msg>
<status status="PASS" starttime="20221027 22:08:26.911" endtime="20221027 22:08:26.922"/>
</kw>
<kw name="Click Button" library="SeleniumLibrary">
<arg>id:eliminarReceta</arg>
<doc>Clicks the button identified by ``locator``.</doc>
<msg timestamp="20221027 22:08:26.923" level="INFO">Clicking button 'id:eliminarReceta'.</msg>
<status status="PASS" starttime="20221027 22:08:26.922" endtime="20221027 22:08:27.078"/>
</kw>
<kw name="Page Should Contain" library="SeleniumLibrary">
<arg>Ver recetas</arg>
<doc>Verifies that current page contains ``text``.</doc>
<msg timestamp="20221027 22:08:27.089" level="INFO">Current page contains text 'Ver recetas'.</msg>
<status status="PASS" starttime="20221027 22:08:27.078" endtime="20221027 22:08:27.089"/>
</kw>
<status status="PASS" starttime="20221027 22:08:26.772" endtime="20221027 22:08:27.089"/>
</iter>
<iter>
<var name="${b}">3</var>
<kw name="Click Link" library="SeleniumLibrary">
<arg>name:verReceta</arg>
<doc>Clicks a link identified by ``locator``.</doc>
<msg timestamp="20221027 22:08:27.090" level="INFO">Clicking link 'name:verReceta'.</msg>
<status status="PASS" starttime="20221027 22:08:27.089" endtime="20221027 22:08:27.232"/>
</kw>
<kw name="Page Should Contain" library="SeleniumLibrary">
<arg>Preparacion:</arg>
<doc>Verifies that current page contains ``text``.</doc>
<msg timestamp="20221027 22:08:27.243" level="INFO">Current page contains text 'Preparacion:'.</msg>
<status status="PASS" starttime="20221027 22:08:27.232" endtime="20221027 22:08:27.243"/>
</kw>
<kw name="Click Button" library="SeleniumLibrary">
<arg>id:eliminarReceta</arg>
<doc>Clicks the button identified by ``locator``.</doc>
<msg timestamp="20221027 22:08:27.243" level="INFO">Clicking button 'id:eliminarReceta'.</msg>
<status status="PASS" starttime="20221027 22:08:27.243" endtime="20221027 22:08:27.419"/>
</kw>
<kw name="Page Should Contain" library="SeleniumLibrary">
<arg>Ver recetas</arg>
<doc>Verifies that current page contains ``text``.</doc>
<msg timestamp="20221027 22:08:27.433" level="INFO">Current page contains text 'Ver recetas'.</msg>
<status status="PASS" starttime="20221027 22:08:27.420" endtime="20221027 22:08:27.433"/>
</kw>
<status status="PASS" starttime="20221027 22:08:27.089" endtime="20221027 22:08:27.433"/>
</iter>
<iter>
<var name="${b}">4</var>
<kw name="Click Link" library="SeleniumLibrary">
<arg>name:verReceta</arg>
<doc>Clicks a link identified by ``locator``.</doc>
<msg timestamp="20221027 22:08:27.434" level="INFO">Clicking link 'name:verReceta'.</msg>
<status status="PASS" starttime="20221027 22:08:27.433" endtime="20221027 22:08:27.561"/>
</kw>
<kw name="Page Should Contain" library="SeleniumLibrary">
<arg>Preparacion:</arg>
<doc>Verifies that current page contains ``text``.</doc>
<msg timestamp="20221027 22:08:27.607" level="INFO">Current page contains text 'Preparacion:'.</msg>
<status status="PASS" starttime="20221027 22:08:27.562" endtime="20221027 22:08:27.607"/>
</kw>
<kw name="Click Button" library="SeleniumLibrary">
<arg>id:eliminarReceta</arg>
<doc>Clicks the button identified by ``locator``.</doc>
<msg timestamp="20221027 22:08:27.609" level="INFO">Clicking button 'id:eliminarReceta'.</msg>
<status status="PASS" starttime="20221027 22:08:27.609" endtime="20221027 22:08:27.755"/>
</kw>
<kw name="Page Should Contain" library="SeleniumLibrary">
<arg>Ver recetas</arg>
<doc>Verifies that current page contains ``text``.</doc>
<msg timestamp="20221027 22:08:27.767" level="INFO">Current page contains text 'Ver recetas'.</msg>
<status status="PASS" starttime="20221027 22:08:27.755" endtime="20221027 22:08:27.767"/>
</kw>
<status status="PASS" starttime="20221027 22:08:27.433" endtime="20221027 22:08:27.767"/>
</iter>
<iter>
<var name="${b}">5</var>
<kw name="Click Link" library="SeleniumLibrary">
<arg>name:verReceta</arg>
<doc>Clicks a link identified by ``locator``.</doc>
<msg timestamp="20221027 22:08:27.768" level="INFO">Clicking link 'name:verReceta'.</msg>
<status status="PASS" starttime="20221027 22:08:27.768" endtime="20221027 22:08:27.895"/>
</kw>
<kw name="Page Should Contain" library="SeleniumLibrary">
<arg>Preparacion:</arg>
<doc>Verifies that current page contains ``text``.</doc>
<msg timestamp="20221027 22:08:27.912" level="INFO">Current page contains text 'Preparacion:'.</msg>
<status status="PASS" starttime="20221027 22:08:27.895" endtime="20221027 22:08:27.912"/>
</kw>
<kw name="Click Button" library="SeleniumLibrary">
<arg>id:eliminarReceta</arg>
<doc>Clicks the button identified by ``locator``.</doc>
<msg timestamp="20221027 22:08:27.913" level="INFO">Clicking button 'id:eliminarReceta'.</msg>
<status status="PASS" starttime="20221027 22:08:27.913" endtime="20221027 22:08:28.056"/>
</kw>
<kw name="Page Should Contain" library="SeleniumLibrary">
<arg>Ver recetas</arg>
<doc>Verifies that current page contains ``text``.</doc>
<msg timestamp="20221027 22:08:28.068" level="INFO">Current page contains text 'Ver recetas'.</msg>
<status status="PASS" starttime="20221027 22:08:28.056" endtime="20221027 22:08:28.068"/>
</kw>
<status status="PASS" starttime="20221027 22:08:27.767" endtime="20221027 22:08:28.068"/>
</iter>
<iter>
<var name="${b}">6</var>
<kw name="Click Link" library="SeleniumLibrary">
<arg>name:verReceta</arg>
<doc>Clicks a link identified by ``locator``.</doc>
<msg timestamp="20221027 22:08:28.069" level="INFO">Clicking link 'name:verReceta'.</msg>
<status status="PASS" starttime="20221027 22:08:28.068" endtime="20221027 22:08:28.224"/>
</kw>
<kw name="Page Should Contain" library="SeleniumLibrary">
<arg>Preparacion:</arg>
<doc>Verifies that current page contains ``text``.</doc>
<msg timestamp="20221027 22:08:28.248" level="INFO">Current page contains text 'Preparacion:'.</msg>
<status status="PASS" starttime="20221027 22:08:28.225" endtime="20221027 22:08:28.248"/>
</kw>
<kw name="Click Button" library="SeleniumLibrary">
<arg>id:eliminarReceta</arg>
<doc>Clicks the button identified by ``locator``.</doc>
<msg timestamp="20221027 22:08:28.249" level="INFO">Clicking button 'id:eliminarReceta'.</msg>
<status status="PASS" starttime="20221027 22:08:28.248" endtime="20221027 22:08:28.393"/>
</kw>
<kw name="Page Should Contain" library="SeleniumLibrary">
<arg>Ver recetas</arg>
<doc>Verifies that current page contains ``text``.</doc>
<msg timestamp="20221027 22:08:28.404" level="INFO">Current page contains text 'Ver recetas'.</msg>
<status status="PASS" starttime="20221027 22:08:28.394" endtime="20221027 22:08:28.405"/>
</kw>
<status status="PASS" starttime="20221027 22:08:28.068" endtime="20221027 22:08:28.405"/>
</iter>
<iter>
<var name="${b}">7</var>
<kw name="Click Link" library="SeleniumLibrary">
<arg>name:verReceta</arg>
<doc>Clicks a link identified by ``locator``.</doc>
<msg timestamp="20221027 22:08:28.406" level="INFO">Clicking link 'name:verReceta'.</msg>
<status status="PASS" starttime="20221027 22:08:28.405" endtime="20221027 22:08:28.557"/>
</kw>
<kw name="Page Should Contain" library="SeleniumLibrary">
<arg>Preparacion:</arg>
<doc>Verifies that current page contains ``text``.</doc>
<msg timestamp="20221027 22:08:28.570" level="INFO">Current page contains text 'Preparacion:'.</msg>
<status status="PASS" starttime="20221027 22:08:28.558" endtime="20221027 22:08:28.571"/>
</kw>
<kw name="Click Button" library="SeleniumLibrary">
<arg>id:eliminarReceta</arg>
<doc>Clicks the button identified by ``locator``.</doc>
<msg timestamp="20221027 22:08:28.572" level="INFO">Clicking button 'id:eliminarReceta'.</msg>
<status status="PASS" starttime="20221027 22:08:28.571" endtime="20221027 22:08:28.707"/>
</kw>
<kw name="Page Should Contain" library="SeleniumLibrary">
<arg>Ver recetas</arg>
<doc>Verifies that current page contains ``text``.</doc>
<msg timestamp="20221027 22:08:28.722" level="INFO">Current page contains text 'Ver recetas'.</msg>
<status status="PASS" starttime="20221027 22:08:28.708" endtime="20221027 22:08:28.722"/>
</kw>
<status status="PASS" starttime="20221027 22:08:28.405" endtime="20221027 22:08:28.722"/>
</iter>
<iter>
<var name="${b}">8</var>
<kw name="Click Link" library="SeleniumLibrary">
<arg>name:verReceta</arg>
<doc>Clicks a link identified by ``locator``.</doc>
<msg timestamp="20221027 22:08:28.724" level="INFO">Clicking link 'name:verReceta'.</msg>
<status status="PASS" starttime="20221027 22:08:28.723" endtime="20221027 22:08:28.874"/>
</kw>
<kw name="Page Should Contain" library="SeleniumLibrary">
<arg>Preparacion:</arg>
<doc>Verifies that current page contains ``text``.</doc>
<msg timestamp="20221027 22:08:28.901" level="INFO">Current page contains text 'Preparacion:'.</msg>
<status status="PASS" starttime="20221027 22:08:28.875" endtime="20221027 22:08:28.901"/>
</kw>
<kw name="Click Button" library="SeleniumLibrary">
<arg>id:eliminarReceta</arg>
<doc>Clicks the button identified by ``locator``.</doc>
<msg timestamp="20221027 22:08:28.901" level="INFO">Clicking button 'id:eliminarReceta'.</msg>
<status status="PASS" starttime="20221027 22:08:28.901" endtime="20221027 22:08:29.022"/>
</kw>
<kw name="Page Should Contain" library="SeleniumLibrary">
<arg>Ver recetas</arg>
<doc>Verifies that current page contains ``text``.</doc>
<msg timestamp="20221027 22:08:29.032" level="INFO">Current page contains text 'Ver recetas'.</msg>
<status status="PASS" starttime="20221027 22:08:29.022" endtime="20221027 22:08:29.032"/>
</kw>
<status status="PASS" starttime="20221027 22:08:28.723" endtime="20221027 22:08:29.032"/>
</iter>
<iter>
<var name="${b}">9</var>
<kw name="Click Link" library="SeleniumLibrary">
<arg>name:verReceta</arg>
<doc>Clicks a link identified by ``locator``.</doc>
<msg timestamp="20221027 22:08:29.033" level="INFO">Clicking link 'name:verReceta'.</msg>
<status status="PASS" starttime="20221027 22:08:29.033" endtime="20221027 22:08:29.147"/>
</kw>
<kw name="Page Should Contain" library="SeleniumLibrary">
<arg>Preparacion:</arg>
<doc>Verifies that current page contains ``text``.</doc>
<msg timestamp="20221027 22:08:29.156" level="INFO">Current page contains text 'Preparacion:'.</msg>
<status status="PASS" starttime="20221027 22:08:29.147" endtime="20221027 22:08:29.156"/>
</kw>
<kw name="Click Button" library="SeleniumLibrary">
<arg>id:eliminarReceta</arg>
<doc>Clicks the button identified by ``locator``.</doc>
<msg timestamp="20221027 22:08:29.157" level="INFO">Clicking button 'id:eliminarReceta'.</msg>
<status status="PASS" starttime="20221027 22:08:29.157" endtime="20221027 22:08:29.322"/>
</kw>
<kw name="Page Should Contain" library="SeleniumLibrary">
<arg>Ver recetas</arg>
<doc>Verifies that current page contains ``text``.</doc>
<msg timestamp="20221027 22:08:29.333" level="INFO">Current page contains text 'Ver recetas'.</msg>
<status status="PASS" starttime="20221027 22:08:29.323" endtime="20221027 22:08:29.333"/>
</kw>
<status status="PASS" starttime="20221027 22:08:29.033" endtime="20221027 22:08:29.333"/>
</iter>
<iter>
<var name="${b}">10</var>
<kw name="Click Link" library="SeleniumLibrary">
<arg>name:verReceta</arg>
<doc>Clicks a link identified by ``locator``.</doc>
<msg timestamp="20221027 22:08:29.334" level="INFO">Clicking link 'name:verReceta'.</msg>
<status status="PASS" starttime="20221027 22:08:29.333" endtime="20221027 22:08:29.475"/>
</kw>
<kw name="Page Should Contain" library="SeleniumLibrary">
<arg>Preparacion:</arg>
<doc>Verifies that current page contains ``text``.</doc>
<msg timestamp="20221027 22:08:29.486" level="INFO">Current page contains text 'Preparacion:'.</msg>
<status status="PASS" starttime="20221027 22:08:29.475" endtime="20221027 22:08:29.486"/>
</kw>
<kw name="Click Button" library="SeleniumLibrary">
<arg>id:eliminarReceta</arg>
<doc>Clicks the button identified by ``locator``.</doc>
<msg timestamp="20221027 22:08:29.486" level="INFO">Clicking button 'id:eliminarReceta'.</msg>
<status status="PASS" starttime="20221027 22:08:29.486" endtime="20221027 22:08:29.618"/>
</kw>
<kw name="Page Should Contain" library="SeleniumLibrary">
<arg>Ver recetas</arg>
<doc>Verifies that current page contains ``text``.</doc>
<msg timestamp="20221027 22:08:29.636" level="INFO">Current page contains text 'Ver recetas'.</msg>
<status status="PASS" starttime="20221027 22:08:29.618" endtime="20221027 22:08:29.636"/>
</kw>
<status status="PASS" starttime="20221027 22:08:29.333" endtime="20221027 22:08:29.637"/>
</iter>
<iter>
<var name="${b}">11</var>
<kw name="Click Link" library="SeleniumLibrary">
<arg>name:verReceta</arg>
<doc>Clicks a link identified by ``locator``.</doc>
<msg timestamp="20221027 22:08:29.638" level="INFO">Clicking link 'name:verReceta'.</msg>
<status status="PASS" starttime="20221027 22:08:29.637" endtime="20221027 22:08:29.741"/>
</kw>
<kw name="Page Should Contain" library="SeleniumLibrary">
<arg>Preparacion:</arg>
<doc>Verifies that current page contains ``text``.</doc>
<msg timestamp="20221027 22:08:29.752" level="INFO">Current page contains text 'Preparacion:'.</msg>
<status status="PASS" starttime="20221027 22:08:29.742" endtime="20221027 22:08:29.752"/>
</kw>
<kw name="Click Button" library="SeleniumLibrary">
<arg>id:eliminarReceta</arg>
<doc>Clicks the button identified by ``locator``.</doc>
<msg timestamp="20221027 22:08:29.753" level="INFO">Clicking button 'id:eliminarReceta'.</msg>
<status status="PASS" starttime="20221027 22:08:29.752" endtime="20221027 22:08:29.891"/>
</kw>
<kw name="Page Should Contain" library="SeleniumLibrary">
<arg>Ver recetas</arg>
<doc>Verifies that current page contains ``text``.</doc>
<msg timestamp="20221027 22:08:29.905" level="INFO">Current page contains text 'Ver recetas'.</msg>
<status status="PASS" starttime="20221027 22:08:29.891" endtime="20221027 22:08:29.905"/>
</kw>
<status status="PASS" starttime="20221027 22:08:29.637" endtime="20221027 22:08:29.905"/>
</iter>
<status status="PASS" starttime="20221027 22:08:26.345" endtime="20221027 22:08:29.905"/>
</for>
<status status="PASS" starttime="20221027 22:07:52.070" endtime="20221027 22:08:29.906"/>
</test>
<kw name="close browserr" type="TEARDOWN">
<kw name="Close Browser" library="SeleniumLibrary">
<doc>Closes the current browser.</doc>
<status status="PASS" starttime="20221027 22:08:29.909" endtime="20221027 22:08:32.029"/>
</kw>
<status status="PASS" starttime="20221027 22:08:29.908" endtime="20221027 22:08:32.030"/>
</kw>
<doc>Django Robot Tests</doc>
<status status="PASS" starttime="20221027 22:07:33.960" endtime="20221027 22:08:32.030"/>
</suite>
<statistics>
<total>
<stat pass="5" fail="0" skip="0">All Tests</stat>
</total>
<tag>
</tag>
<suite>
<stat pass="5" fail="0" skip="0" id="s1" name="Test">Test</stat>
</suite>
</statistics>
<errors>
</errors>
</robot>
